# JRE version: Java(TM) SE Runtime Environment (8.0_461) (build 1.8.0_461-b11)
# Java VM: Java HotSpot(TM) 64-Bit Server VM (25.461-b11 mixed mode windows-amd64 compressed oops)
Heap:
 PSYoungGen      total 295936K, used 11074K [0x00000000eab00000, 0x0000000100000000, 0x0000000100000000)
  eden space 293888K, 3% used [0x00000000eab00000,0x00000000eb5d0ab8,0x00000000fca00000)
  from space 2048K, 0% used [0x00000000fca00000,0x00000000fca00000,0x00000000fcc00000)
  to   space 28160K, 0% used [0x00000000fe480000,0x00000000fe480000,0x0000000100000000)
 ParOldGen       total 180736K, used 44256K [0x00000000c0000000, 0x00000000cb080000, 0x00000000eab00000)
  object space 180736K, 24% used [0x00000000c0000000,0x00000000c2b381e0,0x00000000cb080000)
 Metaspace       used 71253K, capacity 77831K, committed 78080K, reserved 462848K
  class space    used 10334K, capacity 11394K, committed 11520K, reserved 385024K
GC Heap History (10 events):
Event: 4.158 GC heap before
{Heap before GC invocations=10 (full 2):
 PSYoungGen      total 271360K, used 258048K [0x00000000eab00000, 0x00000000ff700000, 0x0000000100000000)
  eden space 258048K, 100% used [0x00000000eab00000,0x00000000fa700000,0x00000000fa700000)
  from space 13312K, 0% used [0x00000000fa700000,0x00000000fa700000,0x00000000fb400000)
  to   space 15872K, 0% used [0x00000000fe780000,0x00000000fe780000,0x00000000ff700000)
 ParOldGen       total 180736K, used 21936K [0x00000000c0000000, 0x00000000cb080000, 0x00000000eab00000)
  object space 180736K, 12% used [0x00000000c0000000,0x00000000c156c288,0x00000000cb080000)
 Metaspace       used 44463K, capacity 47306K, committed 47616K, reserved 425984K
  class space    used 6253K, capacity 6816K, committed 6912K, reserved 385024K
Event: 4.167 GC heap after
Heap after GC invocations=10 (full 2):
 PSYoungGen      total 322048K, used 15295K [0x00000000eab00000, 0x0000000100000000, 0x0000000100000000)
  eden space 306176K, 0% used [0x00000000eab00000,0x00000000eab00000,0x00000000fd600000)
  from space 15872K, 96% used [0x00000000fe780000,0x00000000ff66fd00,0x00000000ff700000)
  to   space 17920K, 0% used [0x00000000fd600000,0x00000000fd600000,0x00000000fe780000)
 ParOldGen       total 180736K, used 21944K [0x00000000c0000000, 0x00000000cb080000, 0x00000000eab00000)
  object space 180736K, 12% used [0x00000000c0000000,0x00000000c156e288,0x00000000cb080000)
 Metaspace       used 44463K, capacity 47306K, committed 47616K, reserved 425984K
  class space    used 6253K, capacity 6816K, committed 6912K, reserved 385024K
}
Event: 5.280 GC heap before
{Heap before GC invocations=11 (full 2):
 PSYoungGen      total 322048K, used 321471K [0x00000000eab00000, 0x0000000100000000, 0x0000000100000000)
  eden space 306176K, 100% used [0x00000000eab00000,0x00000000fd600000,0x00000000fd600000)
  from space 15872K, 96% used [0x00000000fe780000,0x00000000ff66fd00,0x00000000ff700000)
  to   space 17920K, 0% used [0x00000000fd600000,0x00000000fd600000,0x00000000fe780000)
 ParOldGen       total 180736K, used 21944K [0x00000000c0000000, 0x00000000cb080000, 0x00000000eab00000)
  object space 180736K, 12% used [0x00000000c0000000,0x00000000c156e288,0x00000000cb080000)
 Metaspace       used 52974K, capacity 57218K, committed 57344K, reserved 434176K
  class space    used 7638K, capacity 8357K, committed 8448K, reserved 385024K
Event: 5.292 GC heap after
Heap after GC invocations=11 (full 2):
 PSYoungGen      total 324096K, used 17914K [0x00000000eab00000, 0x0000000100000000, 0x0000000100000000)
  eden space 306176K, 0% used [0x00000000eab00000,0x00000000eab00000,0x00000000fd600000)
  from space 17920K, 99% used [0x00000000fd600000,0x00000000fe77eb48,0x00000000fe780000)
  to   space 22528K, 0% used [0x00000000fea00000,0x00000000fea00000,0x0000000100000000)
 ParOldGen       total 180736K, used 27323K [0x00000000c0000000, 0x00000000cb080000, 0x00000000eab00000)
  object space 180736K, 15% used [0x00000000c0000000,0x00000000c1aaee00,0x00000000cb080000)
 Metaspace       used 52974K, capacity 57218K, committed 57344K, reserved 434176K
  class space    used 7638K, capacity 8357K, committed 8448K, reserved 385024K
}
Event: 5.609 GC heap before
{Heap before GC invocations=12 (full 2):
 PSYoungGen      total 324096K, used 77552K [0x00000000eab00000, 0x0000000100000000, 0x0000000100000000)
  eden space 306176K, 19% used [0x00000000eab00000,0x00000000ee53d678,0x00000000fd600000)
  from space 17920K, 99% used [0x00000000fd600000,0x00000000fe77eb48,0x00000000fe780000)
  to   space 22528K, 0% used [0x00000000fea00000,0x00000000fea00000,0x0000000100000000)
 ParOldGen       total 180736K, used 27323K [0x00000000c0000000, 0x00000000cb080000, 0x00000000eab00000)
  object space 180736K, 15% used [0x00000000c0000000,0x00000000c1aaee00,0x00000000cb080000)
 Metaspace       used 54498K, capacity 59070K, committed 59160K, reserved 436224K
  class space    used 7855K, capacity 8633K, committed 8704K, reserved 385024K
Event: 5.616 GC heap after
Heap after GC invocations=12 (full 2):
 PSYoungGen      total 323584K, used 18851K [0x00000000eab00000, 0x0000000100000000, 0x0000000100000000)
  eden space 301056K, 0% used [0x00000000eab00000,0x00000000eab00000,0x00000000fd100000)
  from space 22528K, 83% used [0x00000000fea00000,0x00000000ffc68ef0,0x0000000100000000)
  to   space 24064K, 0% used [0x00000000fd100000,0x00000000fd100000,0x00000000fe880000)
 ParOldGen       total 180736K, used 27331K [0x00000000c0000000, 0x00000000cb080000, 0x00000000eab00000)
  object space 180736K, 15% used [0x00000000c0000000,0x00000000c1ab0e00,0x00000000cb080000)
 Metaspace       used 54498K, capacity 59070K, committed 59160K, reserved 436224K
  class space    used 7855K, capacity 8633K, committed 8704K, reserved 385024K
}
Event: 5.616 GC heap before
{Heap before GC invocations=13 (full 3):
 PSYoungGen      total 323584K, used 18851K [0x00000000eab00000, 0x0000000100000000, 0x0000000100000000)
  eden space 301056K, 0% used [0x00000000eab00000,0x00000000eab00000,0x00000000fd100000)
  from space 22528K, 83% used [0x00000000fea00000,0x00000000ffc68ef0,0x0000000100000000)
  to   space 24064K, 0% used [0x00000000fd100000,0x00000000fd100000,0x00000000fe880000)
 ParOldGen       total 180736K, used 27331K [0x00000000c0000000, 0x00000000cb080000, 0x00000000eab00000)
  object space 180736K, 15% used [0x00000000c0000000,0x00000000c1ab0e00,0x00000000cb080000)
 Metaspace       used 54498K, capacity 59070K, committed 59160K, reserved 436224K
  class space    used 7855K, capacity 8633K, committed 8704K, reserved 385024K
Event: 5.719 GC heap after
Heap after GC invocations=13 (full 3):
 PSYoungGen      total 323584K, used 0K [0x00000000eab00000, 0x0000000100000000, 0x0000000100000000)
  eden space 301056K, 0% used [0x00000000eab00000,0x00000000eab00000,0x00000000fd100000)
  from space 22528K, 0% used [0x00000000fea00000,0x00000000fea00000,0x0000000100000000)
  to   space 24064K, 0% used [0x00000000fd100000,0x00000000fd100000,0x00000000fe880000)
 ParOldGen       total 180736K, used 33638K [0x00000000c0000000, 0x00000000cb080000, 0x00000000eab00000)
  object space 180736K, 18% used [0x00000000c0000000,0x00000000c20d98e0,0x00000000cb080000)
 Metaspace       used 54494K, capacity 59058K, committed 59160K, reserved 436224K
  class space    used 7854K, capacity 8631K, committed 8704K, reserved 385024K
}
Event: 7.274 GC heap before
{Heap before GC invocations=14 (full 3):
 PSYoungGen      total 323584K, used 301056K [0x00000000eab00000, 0x0000000100000000, 0x0000000100000000)
  eden space 301056K, 100% used [0x00000000eab00000,0x00000000fd100000,0x00000000fd100000)
  from space 22528K, 0% used [0x00000000fea00000,0x00000000fea00000,0x0000000100000000)
  to   space 24064K, 0% used [0x00000000fd100000,0x00000000fd100000,0x00000000fe880000)
 ParOldGen       total 180736K, used 33638K [0x00000000c0000000, 0x00000000cb080000, 0x00000000eab00000)
  object space 180736K, 18% used [0x00000000c0000000,0x00000000c20d98e0,0x00000000cb080000)
 Metaspace       used 68161K, capacity 73922K, committed 74112K, reserved 448512K
  class space    used 9870K, capacity 10811K, committed 10880K, reserved 385024K
Event: 7.290 GC heap after
Heap after GC invocations=14 (full 3):
 PSYoungGen      total 325120K, used 24047K [0x00000000eab00000, 0x0000000100000000, 0x0000000100000000)
  eden space 301056K, 0% used [0x00000000eab00000,0x00000000eab00000,0x00000000fd100000)
  from space 24064K, 99% used [0x00000000fd100000,0x00000000fe87be28,0x00000000fe880000)
  to   space 24064K, 0% used [0x00000000fe880000,0x00000000fe880000,0x0000000100000000)
 ParOldGen       total 180736K, used 37494K [0x00000000c0000000, 0x00000000cb080000, 0x00000000eab00000)
  object space 180736K, 20% used [0x00000000c0000000,0x00000000c249dbd0,0x00000000cb080000)
 Metaspace       used 68161K, capacity 73922K, committed 74112K, reserved 448512K
  class space    used 9870K, capacity 10811K, committed 10880K, reserved 385024K
}

