# JRE version: Java(TM) SE Runtime Environment (8.0_461) (build 1.8.0_461-b11)
# Java VM: Java HotSpot(TM) 64-Bit Server VM (25.461-b11 mixed mode windows-amd64 compressed oops)
Heap:
 PSYoungGen      total 153088K, used 151974K [0x0000000740800000, 0x000000074ae80000, 0x00000007c0800000)
  eden space 138752K, 99% used [0x0000000740800000,0x0000000748e8b990,0x0000000748f80000)
  from space 14336K, 99% used [0x0000000749300000,0x000000074a0de208,0x000000074a100000)
  to   space 13824K, 0% used [0x000000074a100000,0x000000074a100000,0x000000074ae80000)
 ParOldGen       total 175104K, used 17107K [0x0000000640800000, 0x000000064b300000, 0x0000000740800000)
  object space 175104K, 9% used [0x0000000640800000,0x00000006418b4dc0,0x000000064b300000)
 Metaspace       used 50397K, capacity 54304K, committed 54568K, reserved 1087488K
  class space    used 7168K, capacity 7887K, committed 7984K, reserved 1040384K
GC Heap History (10 events):
Event: 70.537 GC heap before
{Heap before GC invocations=9 (full 1):
 PSYoungGen      total 130560K, used 57321K [0x0000000740800000, 0x0000000749800000, 0x00000007c0800000)
  eden space 118784K, 38% used [0x0000000740800000,0x00000007434a5f68,0x0000000747c00000)
  from space 11776K, 98% used [0x0000000747f80000,0x0000000748ad4568,0x0000000748b00000)
  to   space 13312K, 0% used [0x0000000748b00000,0x0000000748b00000,0x0000000749800000)
 ParOldGen       total 175104K, used 12128K [0x0000000640800000, 0x000000064b300000, 0x0000000740800000)
  object space 175104K, 6% used [0x0000000640800000,0x00000006413d8360,0x000000064b300000)
 Metaspace       used 33342K, capacity 35482K, committed 35496K, reserved 1071104K
  class space    used 4883K, capacity 5294K, committed 5296K, reserved 1040384K
Event: 70.541 GC heap after
Heap after GC invocations=9 (full 1):
 PSYoungGen      total 124928K, used 9303K [0x0000000740800000, 0x0000000749480000, 0x00000007c0800000)
  eden space 115200K, 0% used [0x0000000740800000,0x0000000740800000,0x0000000747880000)
  from space 9728K, 95% used [0x0000000748b00000,0x0000000749415c08,0x0000000749480000)
  to   space 13824K, 0% used [0x0000000747980000,0x0000000747980000,0x0000000748700000)
 ParOldGen       total 175104K, used 12128K [0x0000000640800000, 0x000000064b300000, 0x0000000740800000)
  object space 175104K, 6% used [0x0000000640800000,0x00000006413d8360,0x000000064b300000)
 Metaspace       used 33342K, capacity 35482K, committed 35496K, reserved 1071104K
  class space    used 4883K, capacity 5294K, committed 5296K, reserved 1040384K
}
Event: 70.541 GC heap before
{Heap before GC invocations=10 (full 2):
 PSYoungGen      total 124928K, used 9303K [0x0000000740800000, 0x0000000749480000, 0x00000007c0800000)
  eden space 115200K, 0% used [0x0000000740800000,0x0000000740800000,0x0000000747880000)
  from space 9728K, 95% used [0x0000000748b00000,0x0000000749415c08,0x0000000749480000)
  to   space 13824K, 0% used [0x0000000747980000,0x0000000747980000,0x0000000748700000)
 ParOldGen       total 175104K, used 12128K [0x0000000640800000, 0x000000064b300000, 0x0000000740800000)
  object space 175104K, 6% used [0x0000000640800000,0x00000006413d8360,0x000000064b300000)
 Metaspace       used 33342K, capacity 35482K, committed 35496K, reserved 1071104K
  class space    used 4883K, capacity 5294K, committed 5296K, reserved 1040384K
Event: 70.581 GC heap after
Heap after GC invocations=10 (full 2):
 PSYoungGen      total 124928K, used 0K [0x0000000740800000, 0x0000000749480000, 0x00000007c0800000)
  eden space 115200K, 0% used [0x0000000740800000,0x0000000740800000,0x0000000747880000)
  from space 9728K, 0% used [0x0000000748b00000,0x0000000748b00000,0x0000000749480000)
  to   space 13824K, 0% used [0x0000000747980000,0x0000000747980000,0x0000000748700000)
 ParOldGen       total 175104K, used 17083K [0x0000000640800000, 0x000000064b300000, 0x0000000740800000)
  object space 175104K, 9% used [0x0000000640800000,0x00000006418aedc0,0x000000064b300000)
 Metaspace       used 33335K, capacity 35458K, committed 35496K, reserved 1071104K
  class space    used 4880K, capacity 5290K, committed 5296K, reserved 1040384K
}
Event: 71.530 GC heap before
{Heap before GC invocations=11 (full 2):
 PSYoungGen      total 124928K, used 115200K [0x0000000740800000, 0x0000000749480000, 0x00000007c0800000)
  eden space 115200K, 100% used [0x0000000740800000,0x0000000747880000,0x0000000747880000)
  from space 9728K, 0% used [0x0000000748b00000,0x0000000748b00000,0x0000000749480000)
  to   space 13824K, 0% used [0x0000000747980000,0x0000000747980000,0x0000000748700000)
 ParOldGen       total 175104K, used 17083K [0x0000000640800000, 0x000000064b300000, 0x0000000740800000)
  object space 175104K, 9% used [0x0000000640800000,0x00000006418aedc0,0x000000064b300000)
 Metaspace       used 40953K, capacity 43448K, committed 43688K, reserved 1079296K
  class space    used 5770K, capacity 6271K, committed 6320K, reserved 1040384K
Event: 71.534 GC heap after
Heap after GC invocations=11 (full 2):
 PSYoungGen      total 130048K, used 10048K [0x0000000740800000, 0x000000074af00000, 0x00000007c0800000)
  eden space 116224K, 0% used [0x0000000740800000,0x0000000740800000,0x0000000747980000)
  from space 13824K, 72% used [0x0000000747980000,0x0000000748350120,0x0000000748700000)
  to   space 13824K, 0% used [0x000000074a180000,0x000000074a180000,0x000000074af00000)
 ParOldGen       total 175104K, used 17091K [0x0000000640800000, 0x000000064b300000, 0x0000000740800000)
  object space 175104K, 9% used [0x0000000640800000,0x00000006418b0dc0,0x000000064b300000)
 Metaspace       used 40953K, capacity 43448K, committed 43688K, reserved 1079296K
  class space    used 5770K, capacity 6271K, committed 6320K, reserved 1040384K
}
Event: 72.038 GC heap before
{Heap before GC invocations=12 (full 2):
 PSYoungGen      total 130048K, used 126272K [0x0000000740800000, 0x000000074af00000, 0x00000007c0800000)
  eden space 116224K, 100% used [0x0000000740800000,0x0000000747980000,0x0000000747980000)
  from space 13824K, 72% used [0x0000000747980000,0x0000000748350120,0x0000000748700000)
  to   space 13824K, 0% used [0x000000074a180000,0x000000074a180000,0x000000074af00000)
 ParOldGen       total 175104K, used 17091K [0x0000000640800000, 0x000000064b300000, 0x0000000740800000)
  object space 175104K, 9% used [0x0000000640800000,0x00000006418b0dc0,0x000000064b300000)
 Metaspace       used 44408K, capacity 47418K, committed 47656K, reserved 1081344K
  class space    used 6324K, capacity 6906K, committed 6960K, reserved 1040384K
Event: 72.045 GC heap after
Heap after GC invocations=12 (full 2):
 PSYoungGen      total 156160K, used 11995K [0x0000000740800000, 0x000000074b500000, 0x00000007c0800000)
  eden space 142336K, 0% used [0x0000000740800000,0x0000000740800000,0x0000000749300000)
  from space 13824K, 86% used [0x000000074a180000,0x000000074ad36d88,0x000000074af00000)
  to   space 14848K, 0% used [0x0000000749300000,0x0000000749300000,0x000000074a180000)
 ParOldGen       total 175104K, used 17099K [0x0000000640800000, 0x000000064b300000, 0x0000000740800000)
  object space 175104K, 9% used [0x0000000640800000,0x00000006418b2dc0,0x000000064b300000)
 Metaspace       used 44408K, capacity 47418K, committed 47656K, reserved 1081344K
  class space    used 6324K, capacity 6906K, committed 6960K, reserved 1040384K
}
Event: 1725.348 GC heap before
{Heap before GC invocations=13 (full 2):
 PSYoungGen      total 156160K, used 154331K [0x0000000740800000, 0x000000074b500000, 0x00000007c0800000)
  eden space 142336K, 100% used [0x0000000740800000,0x0000000749300000,0x0000000749300000)
  from space 13824K, 86% used [0x000000074a180000,0x000000074ad36d88,0x000000074af00000)
  to   space 14848K, 0% used [0x0000000749300000,0x0000000749300000,0x000000074a180000)
 ParOldGen       total 175104K, used 17099K [0x0000000640800000, 0x000000064b300000, 0x0000000740800000)
  object space 175104K, 9% used [0x0000000640800000,0x00000006418b2dc0,0x000000064b300000)
 Metaspace       used 49143K, capacity 52784K, committed 53032K, reserved 1087488K
  class space    used 7021K, capacity 7693K, committed 7728K, reserved 1040384K
Event: 1725.356 GC heap after
Heap after GC invocations=13 (full 2):
 PSYoungGen      total 153088K, used 14200K [0x0000000740800000, 0x000000074ae80000, 0x00000007c0800000)
  eden space 138752K, 0% used [0x0000000740800000,0x0000000740800000,0x0000000748f80000)
  from space 14336K, 99% used [0x0000000749300000,0x000000074a0de208,0x000000074a100000)
  to   space 13824K, 0% used [0x000000074a100000,0x000000074a100000,0x000000074ae80000)
 ParOldGen       total 175104K, used 17107K [0x0000000640800000, 0x000000064b300000, 0x0000000740800000)
  object space 175104K, 9% used [0x0000000640800000,0x00000006418b4dc0,0x000000064b300000)
 Metaspace       used 49143K, capacity 52784K, committed 53032K, reserved 1087488K
  class space    used 7021K, capacity 7693K, committed 7728K, reserved 1040384K
}

