# JRE version: Java(TM) SE Runtime Environment (8.0_461) (build 1.8.0_461-b11)
# Java VM: Java HotSpot(TM) 64-Bit Server VM (25.461-b11 mixed mode windows-amd64 compressed oops)
Heap:
 PSYoungGen      total 271360K, used 183577K [0x00000000eab00000, 0x00000000fec80000, 0x0000000100000000)
  eden space 258048K, 71% used [0x00000000eab00000,0x00000000f5e46720,0x00000000fa700000)
  from space 13312K, 0% used [0x00000000fa700000,0x00000000fa700000,0x00000000fb400000)
  to   space 15360K, 0% used [0x00000000fdd80000,0x00000000fdd80000,0x00000000fec80000)
 ParOldGen       total 174592K, used 21301K [0x00000000c0000000, 0x00000000caa80000, 0x00000000eab00000)
  object space 174592K, 12% used [0x00000000c0000000,0x00000000c14cd400,0x00000000caa80000)
 Metaspace       used 41601K, capacity 44202K, committed 44328K, reserved 423936K
  class space    used 5782K, capacity 6317K, committed 6440K, reserved 385024K
GC Heap History (10 events):
Event: 2.149 GC heap before
{Heap before GC invocations=5 (full 0):
 PSYoungGen      total 141824K, used 106810K [0x00000000eab00000, 0x00000000f4000000, 0x0000000100000000)
  eden space 131072K, 73% used [0x00000000eab00000,0x00000000f09220f8,0x00000000f2b00000)
  from space 10752K, 96% used [0x00000000f3580000,0x00000000f3facaa0,0x00000000f4000000)
  to   space 10752K, 0% used [0x00000000f2b00000,0x00000000f2b00000,0x00000000f3580000)
 ParOldGen       total 175104K, used 40K [0x00000000c0000000, 0x00000000cab00000, 0x00000000eab00000)
  object space 175104K, 0% used [0x00000000c0000000,0x00000000c000a000,0x00000000cab00000)
 Metaspace       used 20254K, capacity 21222K, committed 21296K, reserved 403456K
  class space    used 2884K, capacity 3127K, committed 3200K, reserved 385024K
Event: 2.160 GC heap after
Heap after GC invocations=5 (full 0):
 PSYoungGen      total 141824K, used 10723K [0x00000000eab00000, 0x00000000fc700000, 0x0000000100000000)
  eden space 131072K, 0% used [0x00000000eab00000,0x00000000eab00000,0x00000000f2b00000)
  from space 10752K, 99% used [0x00000000f2b00000,0x00000000f3578cd0,0x00000000f3580000)
  to   space 14336K, 0% used [0x00000000fb900000,0x00000000fb900000,0x00000000fc700000)
 ParOldGen       total 175104K, used 1902K [0x00000000c0000000, 0x00000000cab00000, 0x00000000eab00000)
  object space 175104K, 1% used [0x00000000c0000000,0x00000000c01dbb60,0x00000000cab00000)
 Metaspace       used 20254K, capacity 21222K, committed 21296K, reserved 403456K
  class space    used 2884K, capacity 3127K, committed 3200K, reserved 385024K
}
Event: 2.160 GC heap before
{Heap before GC invocations=6 (full 1):
 PSYoungGen      total 141824K, used 10723K [0x00000000eab00000, 0x00000000fc700000, 0x0000000100000000)
  eden space 131072K, 0% used [0x00000000eab00000,0x00000000eab00000,0x00000000f2b00000)
  from space 10752K, 99% used [0x00000000f2b00000,0x00000000f3578cd0,0x00000000f3580000)
  to   space 14336K, 0% used [0x00000000fb900000,0x00000000fb900000,0x00000000fc700000)
 ParOldGen       total 175104K, used 1902K [0x00000000c0000000, 0x00000000cab00000, 0x00000000eab00000)
  object space 175104K, 1% used [0x00000000c0000000,0x00000000c01dbb60,0x00000000cab00000)
 Metaspace       used 20254K, capacity 21222K, committed 21296K, reserved 403456K
  class space    used 2884K, capacity 3127K, committed 3200K, reserved 385024K
Event: 2.190 GC heap after
Heap after GC invocations=6 (full 1):
 PSYoungGen      total 141824K, used 0K [0x00000000eab00000, 0x00000000fc700000, 0x0000000100000000)
  eden space 131072K, 0% used [0x00000000eab00000,0x00000000eab00000,0x00000000f2b00000)
  from space 10752K, 0% used [0x00000000f2b00000,0x00000000f2b00000,0x00000000f3580000)
  to   space 14336K, 0% used [0x00000000fb900000,0x00000000fb900000,0x00000000fc700000)
 ParOldGen       total 109568K, used 12199K [0x00000000c0000000, 0x00000000c6b00000, 0x00000000eab00000)
  object space 109568K, 11% used [0x00000000c0000000,0x00000000c0be9da0,0x00000000c6b00000)
 Metaspace       used 20254K, capacity 21222K, committed 21296K, reserved 403456K
  class space    used 2884K, capacity 3127K, committed 3200K, reserved 385024K
}
Event: 2.952 GC heap before
{Heap before GC invocations=7 (full 1):
 PSYoungGen      total 141824K, used 131072K [0x00000000eab00000, 0x00000000fc700000, 0x0000000100000000)
  eden space 131072K, 100% used [0x00000000eab00000,0x00000000f2b00000,0x00000000f2b00000)
  from space 10752K, 0% used [0x00000000f2b00000,0x00000000f2b00000,0x00000000f3580000)
  to   space 14336K, 0% used [0x00000000fb900000,0x00000000fb900000,0x00000000fc700000)
 ParOldGen       total 109568K, used 12199K [0x00000000c0000000, 0x00000000c6b00000, 0x00000000eab00000)
  object space 109568K, 11% used [0x00000000c0000000,0x00000000c0be9da0,0x00000000c6b00000)
 Metaspace       used 25187K, capacity 26366K, committed 26496K, reserved 407552K
  class space    used 3614K, capacity 3877K, committed 3968K, reserved 385024K
Event: 2.958 GC heap after
Heap after GC invocations=7 (full 1):
 PSYoungGen      total 206336K, used 7800K [0x00000000eab00000, 0x00000000fc100000, 0x0000000100000000)
  eden space 198144K, 0% used [0x00000000eab00000,0x00000000eab00000,0x00000000f6c80000)
  from space 8192K, 95% used [0x00000000fb900000,0x00000000fc09e130,0x00000000fc100000)
  to   space 13312K, 0% used [0x00000000fa700000,0x00000000fa700000,0x00000000fb400000)
 ParOldGen       total 109568K, used 12207K [0x00000000c0000000, 0x00000000c6b00000, 0x00000000eab00000)
  object space 109568K, 11% used [0x00000000c0000000,0x00000000c0bebda0,0x00000000c6b00000)
 Metaspace       used 25187K, capacity 26366K, committed 26496K, reserved 407552K
  class space    used 3614K, capacity 3877K, committed 3968K, reserved 385024K
}
Event: 3.939 GC heap before
{Heap before GC invocations=8 (full 1):
 PSYoungGen      total 206336K, used 167868K [0x00000000eab00000, 0x00000000fc100000, 0x0000000100000000)
  eden space 198144K, 80% used [0x00000000eab00000,0x00000000f4751200,0x00000000f6c80000)
  from space 8192K, 95% used [0x00000000fb900000,0x00000000fc09e130,0x00000000fc100000)
  to   space 13312K, 0% used [0x00000000fa700000,0x00000000fa700000,0x00000000fb400000)
 ParOldGen       total 109568K, used 12207K [0x00000000c0000000, 0x00000000c6b00000, 0x00000000eab00000)
  object space 109568K, 11% used [0x00000000c0000000,0x00000000c0bebda0,0x00000000c6b00000)
 Metaspace       used 33162K, capacity 35300K, committed 35496K, reserved 415744K
  class space    used 4864K, capacity 5271K, committed 5288K, reserved 385024K
Event: 3.951 GC heap after
Heap after GC invocations=8 (full 1):
 PSYoungGen      total 271360K, used 13299K [0x00000000eab00000, 0x00000000fec80000, 0x0000000100000000)
  eden space 258048K, 0% used [0x00000000eab00000,0x00000000eab00000,0x00000000fa700000)
  from space 13312K, 99% used [0x00000000fa700000,0x00000000fb3fcce8,0x00000000fb400000)
  to   space 15360K, 0% used [0x00000000fdd80000,0x00000000fdd80000,0x00000000fec80000)
 ParOldGen       total 109568K, used 12608K [0x00000000c0000000, 0x00000000c6b00000, 0x00000000eab00000)
  object space 109568K, 11% used [0x00000000c0000000,0x00000000c0c50148,0x00000000c6b00000)
 Metaspace       used 33162K, capacity 35300K, committed 35496K, reserved 415744K
  class space    used 4864K, capacity 5271K, committed 5288K, reserved 385024K
}
Event: 3.951 GC heap before
{Heap before GC invocations=9 (full 2):
 PSYoungGen      total 271360K, used 13299K [0x00000000eab00000, 0x00000000fec80000, 0x0000000100000000)
  eden space 258048K, 0% used [0x00000000eab00000,0x00000000eab00000,0x00000000fa700000)
  from space 13312K, 99% used [0x00000000fa700000,0x00000000fb3fcce8,0x00000000fb400000)
  to   space 15360K, 0% used [0x00000000fdd80000,0x00000000fdd80000,0x00000000fec80000)
 ParOldGen       total 109568K, used 12608K [0x00000000c0000000, 0x00000000c6b00000, 0x00000000eab00000)
  object space 109568K, 11% used [0x00000000c0000000,0x00000000c0c50148,0x00000000c6b00000)
 Metaspace       used 33162K, capacity 35300K, committed 35496K, reserved 415744K
  class space    used 4864K, capacity 5271K, committed 5288K, reserved 385024K
Event: 3.996 GC heap after
Heap after GC invocations=9 (full 2):
 PSYoungGen      total 271360K, used 0K [0x00000000eab00000, 0x00000000fec80000, 0x0000000100000000)
  eden space 258048K, 0% used [0x00000000eab00000,0x00000000eab00000,0x00000000fa700000)
  from space 13312K, 0% used [0x00000000fa700000,0x00000000fa700000,0x00000000fb400000)
  to   space 15360K, 0% used [0x00000000fdd80000,0x00000000fdd80000,0x00000000fec80000)
 ParOldGen       total 174592K, used 21301K [0x00000000c0000000, 0x00000000caa80000, 0x00000000eab00000)
  object space 174592K, 12% used [0x00000000c0000000,0x00000000c14cd400,0x00000000caa80000)
 Metaspace       used 33156K, capacity 35282K, committed 35496K, reserved 415744K
  class space    used 4862K, capacity 5268K, committed 5288K, reserved 385024K
}

