# JRE version: Java(TM) SE Runtime Environment (8.0_461) (build 1.8.0_461-b11)
# Java VM: Java HotSpot(TM) 64-Bit Server VM (25.461-b11 mixed mode windows-amd64 compressed oops)
Heap:
 PSYoungGen      total 271360K, used 212010K [0x00000000eab00000, 0x0000000100000000, 0x0000000100000000)
  eden space 258048K, 82% used [0x00000000eab00000,0x00000000f7a0a940,0x00000000fa700000)
  from space 13312K, 0% used [0x00000000fa700000,0x00000000fa700000,0x00000000fb400000)
  to   space 15872K, 0% used [0x00000000ff080000,0x00000000ff080000,0x0000000100000000)
 ParOldGen       total 175616K, used 21930K [0x00000000c0000000, 0x00000000cab80000, 0x00000000eab00000)
  object space 175616K, 12% used [0x00000000c0000000,0x00000000c156a838,0x00000000cab80000)
 Metaspace       used 42401K, capacity 44936K, committed 45184K, reserved 423936K
  class space    used 5910K, capacity 6425K, committed 6528K, reserved 385024K
GC Heap History (10 events):
Event: 1.893 GC heap before
{Heap before GC invocations=5 (full 0):
 PSYoungGen      total 141824K, used 106227K [0x00000000eab00000, 0x00000000f4000000, 0x0000000100000000)
  eden space 131072K, 73% used [0x00000000eab00000,0x00000000f088b568,0x00000000f2b00000)
  from space 10752K, 97% used [0x00000000f3580000,0x00000000f3fb17f8,0x00000000f4000000)
  to   space 10752K, 0% used [0x00000000f2b00000,0x00000000f2b00000,0x00000000f3580000)
 ParOldGen       total 175104K, used 40K [0x00000000c0000000, 0x00000000cab00000, 0x00000000eab00000)
  object space 175104K, 0% used [0x00000000c0000000,0x00000000c000a000,0x00000000cab00000)
 Metaspace       used 20244K, capacity 21216K, committed 21296K, reserved 403456K
  class space    used 2883K, capacity 3126K, committed 3200K, reserved 385024K
Event: 1.901 GC heap after
Heap after GC invocations=5 (full 0):
 PSYoungGen      total 141824K, used 10748K [0x00000000eab00000, 0x00000000fc700000, 0x0000000100000000)
  eden space 131072K, 0% used [0x00000000eab00000,0x00000000eab00000,0x00000000f2b00000)
  from space 10752K, 99% used [0x00000000f2b00000,0x00000000f357f168,0x00000000f3580000)
  to   space 14336K, 0% used [0x00000000fb900000,0x00000000fb900000,0x00000000fc700000)
 ParOldGen       total 175104K, used 1911K [0x00000000c0000000, 0x00000000cab00000, 0x00000000eab00000)
  object space 175104K, 1% used [0x00000000c0000000,0x00000000c01ddde8,0x00000000cab00000)
 Metaspace       used 20244K, capacity 21216K, committed 21296K, reserved 403456K
  class space    used 2883K, capacity 3126K, committed 3200K, reserved 385024K
}
Event: 1.901 GC heap before
{Heap before GC invocations=6 (full 1):
 PSYoungGen      total 141824K, used 10748K [0x00000000eab00000, 0x00000000fc700000, 0x0000000100000000)
  eden space 131072K, 0% used [0x00000000eab00000,0x00000000eab00000,0x00000000f2b00000)
  from space 10752K, 99% used [0x00000000f2b00000,0x00000000f357f168,0x00000000f3580000)
  to   space 14336K, 0% used [0x00000000fb900000,0x00000000fb900000,0x00000000fc700000)
 ParOldGen       total 175104K, used 1911K [0x00000000c0000000, 0x00000000cab00000, 0x00000000eab00000)
  object space 175104K, 1% used [0x00000000c0000000,0x00000000c01ddde8,0x00000000cab00000)
 Metaspace       used 20244K, capacity 21216K, committed 21296K, reserved 403456K
  class space    used 2883K, capacity 3126K, committed 3200K, reserved 385024K
Event: 1.923 GC heap after
Heap after GC invocations=6 (full 1):
 PSYoungGen      total 141824K, used 0K [0x00000000eab00000, 0x00000000fc700000, 0x0000000100000000)
  eden space 131072K, 0% used [0x00000000eab00000,0x00000000eab00000,0x00000000f2b00000)
  from space 10752K, 0% used [0x00000000f2b00000,0x00000000f2b00000,0x00000000f3580000)
  to   space 14336K, 0% used [0x00000000fb900000,0x00000000fb900000,0x00000000fc700000)
 ParOldGen       total 107008K, used 12183K [0x00000000c0000000, 0x00000000c6880000, 0x00000000eab00000)
  object space 107008K, 11% used [0x00000000c0000000,0x00000000c0be5e28,0x00000000c6880000)
 Metaspace       used 20244K, capacity 21216K, committed 21296K, reserved 403456K
  class space    used 2883K, capacity 3126K, committed 3200K, reserved 385024K
}
Event: 2.305 GC heap before
{Heap before GC invocations=7 (full 1):
 PSYoungGen      total 141824K, used 131072K [0x00000000eab00000, 0x00000000fc700000, 0x0000000100000000)
  eden space 131072K, 100% used [0x00000000eab00000,0x00000000f2b00000,0x00000000f2b00000)
  from space 10752K, 0% used [0x00000000f2b00000,0x00000000f2b00000,0x00000000f3580000)
  to   space 14336K, 0% used [0x00000000fb900000,0x00000000fb900000,0x00000000fc700000)
 ParOldGen       total 107008K, used 12183K [0x00000000c0000000, 0x00000000c6880000, 0x00000000eab00000)
  object space 107008K, 11% used [0x00000000c0000000,0x00000000c0be5e28,0x00000000c6880000)
 Metaspace       used 25152K, capacity 26366K, committed 26496K, reserved 407552K
  class space    used 3610K, capacity 3877K, committed 3968K, reserved 385024K
Event: 2.310 GC heap after
Heap after GC invocations=7 (full 1):
 PSYoungGen      total 214016K, used 7816K [0x00000000eab00000, 0x00000000fc100000, 0x0000000100000000)
  eden space 205824K, 0% used [0x00000000eab00000,0x00000000eab00000,0x00000000f7400000)
  from space 8192K, 95% used [0x00000000fb900000,0x00000000fc0a23e0,0x00000000fc100000)
  to   space 13312K, 0% used [0x00000000fa700000,0x00000000fa700000,0x00000000fb400000)
 ParOldGen       total 107008K, used 12191K [0x00000000c0000000, 0x00000000c6880000, 0x00000000eab00000)
  object space 107008K, 11% used [0x00000000c0000000,0x00000000c0be7e28,0x00000000c6880000)
 Metaspace       used 25152K, capacity 26366K, committed 26496K, reserved 407552K
  class space    used 3610K, capacity 3877K, committed 3968K, reserved 385024K
}
Event: 3.011 GC heap before
{Heap before GC invocations=8 (full 1):
 PSYoungGen      total 214016K, used 171124K [0x00000000eab00000, 0x00000000fc100000, 0x0000000100000000)
  eden space 205824K, 79% used [0x00000000eab00000,0x00000000f4a7aef0,0x00000000f7400000)
  from space 8192K, 95% used [0x00000000fb900000,0x00000000fc0a23e0,0x00000000fc100000)
  to   space 13312K, 0% used [0x00000000fa700000,0x00000000fa700000,0x00000000fb400000)
 ParOldGen       total 107008K, used 12191K [0x00000000c0000000, 0x00000000c6880000, 0x00000000eab00000)
  object space 107008K, 11% used [0x00000000c0000000,0x00000000c0be7e28,0x00000000c6880000)
 Metaspace       used 33376K, capacity 35424K, committed 35496K, reserved 415744K
  class space    used 4912K, capacity 5341K, committed 5376K, reserved 385024K
Event: 3.020 GC heap after
Heap after GC invocations=8 (full 1):
 PSYoungGen      total 271360K, used 13284K [0x00000000eab00000, 0x0000000100000000, 0x0000000100000000)
  eden space 258048K, 0% used [0x00000000eab00000,0x00000000eab00000,0x00000000fa700000)
  from space 13312K, 99% used [0x00000000fa700000,0x00000000fb3f9348,0x00000000fb400000)
  to   space 15872K, 0% used [0x00000000ff080000,0x00000000ff080000,0x0000000100000000)
 ParOldGen       total 107008K, used 13330K [0x00000000c0000000, 0x00000000c6880000, 0x00000000eab00000)
  object space 107008K, 12% used [0x00000000c0000000,0x00000000c0d049e8,0x00000000c6880000)
 Metaspace       used 33376K, capacity 35424K, committed 35496K, reserved 415744K
  class space    used 4912K, capacity 5341K, committed 5376K, reserved 385024K
}
Event: 3.020 GC heap before
{Heap before GC invocations=9 (full 2):
 PSYoungGen      total 271360K, used 13284K [0x00000000eab00000, 0x0000000100000000, 0x0000000100000000)
  eden space 258048K, 0% used [0x00000000eab00000,0x00000000eab00000,0x00000000fa700000)
  from space 13312K, 99% used [0x00000000fa700000,0x00000000fb3f9348,0x00000000fb400000)
  to   space 15872K, 0% used [0x00000000ff080000,0x00000000ff080000,0x0000000100000000)
 ParOldGen       total 107008K, used 13330K [0x00000000c0000000, 0x00000000c6880000, 0x00000000eab00000)
  object space 107008K, 12% used [0x00000000c0000000,0x00000000c0d049e8,0x00000000c6880000)
 Metaspace       used 33376K, capacity 35424K, committed 35496K, reserved 415744K
  class space    used 4912K, capacity 5341K, committed 5376K, reserved 385024K
Event: 3.061 GC heap after
Heap after GC invocations=9 (full 2):
 PSYoungGen      total 271360K, used 0K [0x00000000eab00000, 0x0000000100000000, 0x0000000100000000)
  eden space 258048K, 0% used [0x00000000eab00000,0x00000000eab00000,0x00000000fa700000)
  from space 13312K, 0% used [0x00000000fa700000,0x00000000fa700000,0x00000000fb400000)
  to   space 15872K, 0% used [0x00000000ff080000,0x00000000ff080000,0x0000000100000000)
 ParOldGen       total 175616K, used 21930K [0x00000000c0000000, 0x00000000cab80000, 0x00000000eab00000)
  object space 175616K, 12% used [0x00000000c0000000,0x00000000c156a838,0x00000000cab80000)
 Metaspace       used 33376K, capacity 35424K, committed 35496K, reserved 415744K
  class space    used 4912K, capacity 5341K, committed 5376K, reserved 385024K
}

