# JRE version: Java(TM) SE Runtime Environment (22.0.2+9) (build 22.0.2+9-70)
# Java VM: Java HotSpot(TM) 64-Bit Server VM (22.0.2+9-70, mixed mode, sharing, tiered, compressed oops, compressed class ptrs, g1 gc, windows-amd64)
GC Precious Log:
 CardTable entry size: 512
 Card Set container configuration: InlinePtr #cards 5 size 8 Array Of Cards #cards 12 size 40 Howl #buckets 4 coarsen threshold 1843 Howl Bitmap #cards 512 size 80 coarsen threshold 460 Card regions per heap region 1 cards per card region 2048
 CPUs: 8 total, 8 available
 Memory: 16383M
 Large Page Support: Disabled
 NUMA Support: Disabled
 Compressed Oops: Enabled (32-bit)
 Heap Region Size: 1M
 Heap Min Capacity: 8M
 Heap Initial Capacity: 256M
 Heap Max Capacity: 1536M
 Pre-touch: Disabled
 Parallel Workers: 8
 Concurrent Workers: 2
 Concurrent Refinement Workers: 8
 Periodic GC: Disabled
Heap:
 garbage-first heap   total reserved 1572864K, committed 140288K, used 87927K [0x00000000a0000000, 0x0000000100000000)
  region size 1024K, 5 young (5120K), 4 survivors (4096K)
 Metaspace       used 76778K, committed 78592K, reserved 1179648K
  class space    used 10822K, committed 11648K, reserved 1048576K
GC Heap History (20 events):
Event: 10.685 GC heap before
{Heap before GC invocations=15 (full 0):
 garbage-first heap   total reserved 1572864K, committed 93184K, used 82943K [0x00000000a0000000, 0x0000000100000000)
  region size 1024K, 25 young (25600K), 2 survivors (2048K)
 Metaspace       used 55252K, committed 56960K, reserved 1114112K
  class space    used 7693K, committed 8512K, reserved 1048576K
}
Event: 10.688 GC heap after
{Heap after GC invocations=16 (full 0):
 garbage-first heap   total reserved 1572864K, committed 93184K, used 62906K [0x00000000a0000000, 0x0000000100000000)
  region size 1024K, 4 young (4096K), 4 survivors (4096K)
 Metaspace       used 55252K, committed 56960K, reserved 1114112K
  class space    used 7693K, committed 8512K, reserved 1048576K
}
Event: 10.817 GC heap before
{Heap before GC invocations=17 (full 0):
 garbage-first heap   total reserved 1572864K, committed 106496K, used 88506K [0x00000000a0000000, 0x0000000100000000)
  region size 1024K, 23 young (23552K), 4 survivors (4096K)
 Metaspace       used 56035K, committed 57728K, reserved 1114112K
  class space    used 7812K, committed 8640K, reserved 1048576K
}
Event: 10.820 GC heap after
{Heap after GC invocations=18 (full 0):
 garbage-first heap   total reserved 1572864K, committed 106496K, used 64805K [0x00000000a0000000, 0x0000000100000000)
  region size 1024K, 3 young (3072K), 3 survivors (3072K)
 Metaspace       used 56035K, committed 57728K, reserved 1114112K
  class space    used 7812K, committed 8640K, reserved 1048576K
}
Event: 11.093 GC heap before
{Heap before GC invocations=18 (full 0):
 garbage-first heap   total reserved 1572864K, committed 106496K, used 92453K [0x00000000a0000000, 0x0000000100000000)
  region size 1024K, 31 young (31744K), 3 survivors (3072K)
 Metaspace       used 58554K, committed 60352K, reserved 1114112K
  class space    used 8104K, committed 8960K, reserved 1048576K
}
Event: 11.097 GC heap after
{Heap after GC invocations=19 (full 0):
 garbage-first heap   total reserved 1572864K, committed 106496K, used 66098K [0x00000000a0000000, 0x0000000100000000)
  region size 1024K, 3 young (3072K), 3 survivors (3072K)
 Metaspace       used 58554K, committed 60352K, reserved 1114112K
  class space    used 8104K, committed 8960K, reserved 1048576K
}
Event: 11.098 GC heap before
{Heap before GC invocations=19 (full 0):
 garbage-first heap   total reserved 1572864K, committed 106496K, used 66098K [0x00000000a0000000, 0x0000000100000000)
  region size 1024K, 4 young (4096K), 3 survivors (3072K)
 Metaspace       used 58554K, committed 60352K, reserved 1114112K
  class space    used 8104K, committed 8960K, reserved 1048576K
}
Event: 11.099 GC heap after
{Heap after GC invocations=20 (full 0):
 garbage-first heap   total reserved 1572864K, committed 106496K, used 66448K [0x00000000a0000000, 0x0000000100000000)
  region size 1024K, 1 young (1024K), 1 survivors (1024K)
 Metaspace       used 58554K, committed 60352K, reserved 1114112K
  class space    used 8104K, committed 8960K, reserved 1048576K
}
Event: 11.693 GC heap before
{Heap before GC invocations=21 (full 0):
 garbage-first heap   total reserved 1572864K, committed 114688K, used 94096K [0x00000000a0000000, 0x0000000100000000)
  region size 1024K, 27 young (27648K), 1 survivors (1024K)
 Metaspace       used 61411K, committed 63168K, reserved 1114112K
  class space    used 8480K, committed 9344K, reserved 1048576K
}
Event: 11.694 GC heap after
{Heap after GC invocations=22 (full 0):
 garbage-first heap   total reserved 1572864K, committed 138240K, used 69001K [0x00000000a0000000, 0x0000000100000000)
  region size 1024K, 2 young (2048K), 2 survivors (2048K)
 Metaspace       used 61411K, committed 63168K, reserved 1114112K
  class space    used 8480K, committed 9344K, reserved 1048576K
}
Event: 12.001 GC heap before
{Heap before GC invocations=22 (full 0):
 garbage-first heap   total reserved 1572864K, committed 138240K, used 113033K [0x00000000a0000000, 0x0000000100000000)
  region size 1024K, 45 young (46080K), 2 survivors (2048K)
 Metaspace       used 63416K, committed 65216K, reserved 1114112K
  class space    used 8757K, committed 9600K, reserved 1048576K
}
Event: 12.005 GC heap after
{Heap after GC invocations=23 (full 0):
 garbage-first heap   total reserved 1572864K, committed 138240K, used 73023K [0x00000000a0000000, 0x0000000100000000)
  region size 1024K, 6 young (6144K), 6 survivors (6144K)
 Metaspace       used 63416K, committed 65216K, reserved 1114112K
  class space    used 8757K, committed 9600K, reserved 1048576K
}
Event: 12.497 GC heap before
{Heap before GC invocations=23 (full 0):
 garbage-first heap   total reserved 1572864K, committed 138240K, used 116031K [0x00000000a0000000, 0x0000000100000000)
  region size 1024K, 48 young (49152K), 6 survivors (6144K)
 Metaspace       used 67814K, committed 69568K, reserved 1114112K
  class space    used 9519K, committed 10368K, reserved 1048576K
}
Event: 12.500 GC heap after
{Heap after GC invocations=24 (full 0):
 garbage-first heap   total reserved 1572864K, committed 138240K, used 76273K [0x00000000a0000000, 0x0000000100000000)
  region size 1024K, 3 young (3072K), 3 survivors (3072K)
 Metaspace       used 67814K, committed 69568K, reserved 1114112K
  class space    used 9519K, committed 10368K, reserved 1048576K
}
Event: 12.966 GC heap before
{Heap before GC invocations=25 (full 0):
 garbage-first heap   total reserved 1572864K, committed 138240K, used 118257K [0x00000000a0000000, 0x0000000100000000)
  region size 1024K, 45 young (46080K), 3 survivors (3072K)
 Metaspace       used 71043K, committed 72960K, reserved 1114112K
  class space    used 10039K, committed 10944K, reserved 1048576K
}
Event: 12.970 GC heap after
{Heap after GC invocations=26 (full 0):
 garbage-first heap   total reserved 1572864K, committed 138240K, used 77921K [0x00000000a0000000, 0x0000000100000000)
  region size 1024K, 6 young (6144K), 6 survivors (6144K)
 Metaspace       used 71043K, committed 72960K, reserved 1114112K
  class space    used 10039K, committed 10944K, reserved 1048576K
}
Event: 13.330 GC heap before
{Heap before GC invocations=26 (full 0):
 garbage-first heap   total reserved 1572864K, committed 138240K, used 120929K [0x00000000a0000000, 0x0000000100000000)
  region size 1024K, 48 young (49152K), 6 survivors (6144K)
 Metaspace       used 73699K, committed 75520K, reserved 1114112K
  class space    used 10415K, committed 11264K, reserved 1048576K
}
Event: 13.334 GC heap after
{Heap after GC invocations=27 (full 0):
 garbage-first heap   total reserved 1572864K, committed 138240K, used 80426K [0x00000000a0000000, 0x0000000100000000)
  region size 1024K, 6 young (6144K), 6 survivors (6144K)
 Metaspace       used 73699K, committed 75520K, reserved 1114112K
  class space    used 10415K, committed 11264K, reserved 1048576K
}
Event: 13.894 GC heap before
{Heap before GC invocations=27 (full 0):
 garbage-first heap   total reserved 1572864K, committed 138240K, used 123434K [0x00000000a0000000, 0x0000000100000000)
  region size 1024K, 48 young (49152K), 6 survivors (6144K)
 Metaspace       used 75930K, committed 77824K, reserved 1179648K
  class space    used 10745K, committed 11648K, reserved 1048576K
}
Event: 13.899 GC heap after
{Heap after GC invocations=28 (full 0):
 garbage-first heap   total reserved 1572864K, committed 138240K, used 83847K [0x00000000a0000000, 0x0000000100000000)
  region size 1024K, 6 young (6144K), 6 survivors (6144K)
 Metaspace       used 75930K, committed 77824K, reserved 1179648K
  class space    used 10745K, committed 11648K, reserved 1048576K
}

