# JRE version: Java(TM) SE Runtime Environment (8.0_461) (build 1.8.0_461-b11)
# Java VM: Java HotSpot(TM) 64-Bit Server VM (25.461-b11 mixed mode windows-amd64 compressed oops)
Heap:
 PSYoungGen      total 325120K, used 74082K [0x00000000eab00000, 0x0000000100000000, 0x0000000100000000)
  eden space 301056K, 16% used [0x00000000eab00000,0x00000000edbd98b8,0x00000000fd100000)
  from space 24064K, 99% used [0x00000000fd100000,0x00000000fe87f2d0,0x00000000fe880000)
  to   space 24064K, 0% used [0x00000000fe880000,0x00000000fe880000,0x0000000100000000)
 ParOldGen       total 252416K, used 37694K [0x00000000c0000000, 0x00000000cf680000, 0x00000000eab00000)
  object space 252416K, 14% used [0x00000000c0000000,0x00000000c24cf818,0x00000000cf680000)
 Metaspace       used 70033K, capacity 76184K, committed 76416K, reserved 450560K
  class space    used 10136K, capacity 11118K, committed 11136K, reserved 385024K
GC Heap History (10 events):
Event: 4.913 GC heap before
{Heap before GC invocations=10 (full 2):
 PSYoungGen      total 270848K, used 257536K [0x00000000eab00000, 0x00000000ff680000, 0x0000000100000000)
  eden space 257536K, 100% used [0x00000000eab00000,0x00000000fa680000,0x00000000fa680000)
  from space 13312K, 0% used [0x00000000fa680000,0x00000000fa680000,0x00000000fb380000)
  to   space 15872K, 0% used [0x00000000fe700000,0x00000000fe700000,0x00000000ff680000)
 ParOldGen       total 178688K, used 21882K [0x00000000c0000000, 0x00000000cae80000, 0x00000000eab00000)
  object space 178688K, 12% used [0x00000000c0000000,0x00000000c155eb70,0x00000000cae80000)
 Metaspace       used 43997K, capacity 46724K, committed 46976K, reserved 425984K
  class space    used 6164K, capacity 6707K, committed 6784K, reserved 385024K
Event: 4.924 GC heap after
Heap after GC invocations=10 (full 2):
 PSYoungGen      total 322048K, used 14802K [0x00000000eab00000, 0x0000000100000000, 0x0000000100000000)
  eden space 306176K, 0% used [0x00000000eab00000,0x00000000eab00000,0x00000000fd600000)
  from space 15872K, 93% used [0x00000000fe700000,0x00000000ff5749a0,0x00000000ff680000)
  to   space 17408K, 0% used [0x00000000fd600000,0x00000000fd600000,0x00000000fe700000)
 ParOldGen       total 178688K, used 21890K [0x00000000c0000000, 0x00000000cae80000, 0x00000000eab00000)
  object space 178688K, 12% used [0x00000000c0000000,0x00000000c1560b70,0x00000000cae80000)
 Metaspace       used 43997K, capacity 46724K, committed 46976K, reserved 425984K
  class space    used 6164K, capacity 6707K, committed 6784K, reserved 385024K
}
Event: 6.320 GC heap before
{Heap before GC invocations=11 (full 2):
 PSYoungGen      total 322048K, used 320978K [0x00000000eab00000, 0x0000000100000000, 0x0000000100000000)
  eden space 306176K, 100% used [0x00000000eab00000,0x00000000fd600000,0x00000000fd600000)
  from space 15872K, 93% used [0x00000000fe700000,0x00000000ff5749a0,0x00000000ff680000)
  to   space 17408K, 0% used [0x00000000fd600000,0x00000000fd600000,0x00000000fe700000)
 ParOldGen       total 178688K, used 21890K [0x00000000c0000000, 0x00000000cae80000, 0x00000000eab00000)
  object space 178688K, 12% used [0x00000000c0000000,0x00000000c1560b70,0x00000000cae80000)
 Metaspace       used 52786K, capacity 56894K, committed 56960K, reserved 434176K
  class space    used 7597K, capacity 8303K, committed 8320K, reserved 385024K
Event: 6.333 GC heap after
Heap after GC invocations=11 (full 2):
 PSYoungGen      total 323584K, used 17380K [0x00000000eab00000, 0x0000000100000000, 0x0000000100000000)
  eden space 306176K, 0% used [0x00000000eab00000,0x00000000eab00000,0x00000000fd600000)
  from space 17408K, 99% used [0x00000000fd600000,0x00000000fe6f91b0,0x00000000fe700000)
  to   space 22016K, 0% used [0x00000000fea80000,0x00000000fea80000,0x0000000100000000)
 ParOldGen       total 178688K, used 27677K [0x00000000c0000000, 0x00000000cae80000, 0x00000000eab00000)
  object space 178688K, 15% used [0x00000000c0000000,0x00000000c1b07490,0x00000000cae80000)
 Metaspace       used 52786K, capacity 56894K, committed 56960K, reserved 434176K
  class space    used 7597K, capacity 8303K, committed 8320K, reserved 385024K
}
Event: 6.798 GC heap before
{Heap before GC invocations=12 (full 2):
 PSYoungGen      total 323584K, used 82340K [0x00000000eab00000, 0x0000000100000000, 0x0000000100000000)
  eden space 306176K, 21% used [0x00000000eab00000,0x00000000eea6fe98,0x00000000fd600000)
  from space 17408K, 99% used [0x00000000fd600000,0x00000000fe6f91b0,0x00000000fe700000)
  to   space 22016K, 0% used [0x00000000fea80000,0x00000000fea80000,0x0000000100000000)
 ParOldGen       total 178688K, used 27677K [0x00000000c0000000, 0x00000000cae80000, 0x00000000eab00000)
  object space 178688K, 15% used [0x00000000c0000000,0x00000000c1b07490,0x00000000cae80000)
 Metaspace       used 54475K, capacity 59038K, committed 59160K, reserved 436224K
  class space    used 7839K, capacity 8599K, committed 8704K, reserved 385024K
Event: 6.812 GC heap after
Heap after GC invocations=12 (full 2):
 PSYoungGen      total 323072K, used 19007K [0x00000000eab00000, 0x0000000100000000, 0x0000000100000000)
  eden space 301056K, 0% used [0x00000000eab00000,0x00000000eab00000,0x00000000fd100000)
  from space 22016K, 86% used [0x00000000fea80000,0x00000000ffd0ffd8,0x0000000100000000)
  to   space 24064K, 0% used [0x00000000fd100000,0x00000000fd100000,0x00000000fe880000)
 ParOldGen       total 178688K, used 27685K [0x00000000c0000000, 0x00000000cae80000, 0x00000000eab00000)
  object space 178688K, 15% used [0x00000000c0000000,0x00000000c1b09490,0x00000000cae80000)
 Metaspace       used 54475K, capacity 59038K, committed 59160K, reserved 436224K
  class space    used 7839K, capacity 8599K, committed 8704K, reserved 385024K
}
Event: 6.812 GC heap before
{Heap before GC invocations=13 (full 3):
 PSYoungGen      total 323072K, used 19007K [0x00000000eab00000, 0x0000000100000000, 0x0000000100000000)
  eden space 301056K, 0% used [0x00000000eab00000,0x00000000eab00000,0x00000000fd100000)
  from space 22016K, 86% used [0x00000000fea80000,0x00000000ffd0ffd8,0x0000000100000000)
  to   space 24064K, 0% used [0x00000000fd100000,0x00000000fd100000,0x00000000fe880000)
 ParOldGen       total 178688K, used 27685K [0x00000000c0000000, 0x00000000cae80000, 0x00000000eab00000)
  object space 178688K, 15% used [0x00000000c0000000,0x00000000c1b09490,0x00000000cae80000)
 Metaspace       used 54475K, capacity 59038K, committed 59160K, reserved 436224K
  class space    used 7839K, capacity 8599K, committed 8704K, reserved 385024K
Event: 6.931 GC heap after
Heap after GC invocations=13 (full 3):
 PSYoungGen      total 323072K, used 0K [0x00000000eab00000, 0x0000000100000000, 0x0000000100000000)
  eden space 301056K, 0% used [0x00000000eab00000,0x00000000eab00000,0x00000000fd100000)
  from space 22016K, 0% used [0x00000000fea80000,0x00000000fea80000,0x0000000100000000)
  to   space 24064K, 0% used [0x00000000fd100000,0x00000000fd100000,0x00000000fe880000)
 ParOldGen       total 252416K, used 33803K [0x00000000c0000000, 0x00000000cf680000, 0x00000000eab00000)
  object space 252416K, 13% used [0x00000000c0000000,0x00000000c2102e70,0x00000000cf680000)
 Metaspace       used 54472K, capacity 59026K, committed 59160K, reserved 436224K
  class space    used 7838K, capacity 8597K, committed 8704K, reserved 385024K
}
Event: 9.543 GC heap before
{Heap before GC invocations=14 (full 3):
 PSYoungGen      total 323072K, used 301056K [0x00000000eab00000, 0x0000000100000000, 0x0000000100000000)
  eden space 301056K, 100% used [0x00000000eab00000,0x00000000fd100000,0x00000000fd100000)
  from space 22016K, 0% used [0x00000000fea80000,0x00000000fea80000,0x0000000100000000)
  to   space 24064K, 0% used [0x00000000fd100000,0x00000000fd100000,0x00000000fe880000)
 ParOldGen       total 252416K, used 33803K [0x00000000c0000000, 0x00000000cf680000, 0x00000000eab00000)
  object space 252416K, 13% used [0x00000000c0000000,0x00000000c2102e70,0x00000000cf680000)
 Metaspace       used 68196K, capacity 73990K, committed 74112K, reserved 448512K
  class space    used 9870K, capacity 10811K, committed 10880K, reserved 385024K
Event: 9.560 GC heap after
Heap after GC invocations=14 (full 3):
 PSYoungGen      total 325120K, used 24060K [0x00000000eab00000, 0x0000000100000000, 0x0000000100000000)
  eden space 301056K, 0% used [0x00000000eab00000,0x00000000eab00000,0x00000000fd100000)
  from space 24064K, 99% used [0x00000000fd100000,0x00000000fe87f2d0,0x00000000fe880000)
  to   space 24064K, 0% used [0x00000000fe880000,0x00000000fe880000,0x0000000100000000)
 ParOldGen       total 252416K, used 37694K [0x00000000c0000000, 0x00000000cf680000, 0x00000000eab00000)
  object space 252416K, 14% used [0x00000000c0000000,0x00000000c24cf818,0x00000000cf680000)
 Metaspace       used 68196K, capacity 73990K, committed 74112K, reserved 448512K
  class space    used 9870K, capacity 10811K, committed 10880K, reserved 385024K
}

