# JRE version: OpenJDK Runtime Environment Temurin-21.0.10+7 (21.0.10+7) (build 21.0.10+7-LTS)
# Java VM: OpenJDK 64-Bit Server VM Temurin-21.0.10+7 (21.0.10+7-LTS, mixed mode, sharing, tiered, compressed oops, compressed class ptrs, g1 gc, windows-amd64)
GC Precious Log:
 CardTable entry size: 512
 Card Set container configuration: InlinePtr #cards 5 size 8 Array Of Cards #cards 12 size 40 Howl #buckets 4 coarsen threshold 1843 Howl Bitmap #cards 512 size 80 coarsen threshold 460 Card regions per heap region 1 cards per card region 2048
 CPUs: 8 total, 8 available
 Memory: 16383M
 Large Page Support: Disabled
 NUMA Support: Disabled
 Compressed Oops: Enabled (32-bit)
 Heap Region Size: 1M
 Heap Min Capacity: 256M
 Heap Initial Capacity: 256M
 Heap Max Capacity: 512M
 Pre-touch: Disabled
 Parallel Workers: 8
 Concurrent Workers: 2
 Concurrent Refinement Workers: 8
 Periodic GC: Disabled
Heap:
 garbage-first heap   total 262144K, used 134724K [0x00000000e0000000, 0x0000000100000000)
  region size 1024K, 87 young (89088K), 12 survivors (12288K)
 Metaspace       used 52551K, committed 54336K, reserved 393216K
  class space    used 7537K, committed 8384K, reserved 327680K
GC Heap History (12 events):
Event: 0.334 GC heap before
{Heap before GC invocations=0 (full 0):
 garbage-first heap   total 262144K, used 26624K [0x00000000e0000000, 0x0000000100000000)
  region size 1024K, 23 young (23552K), 0 survivors (0K)
 Metaspace       used 1182K, committed 1280K, reserved 393216K
  class space    used 95K, committed 128K, reserved 327680K
}
Event: 0.337 GC heap after
{Heap after GC invocations=1 (full 0):
 garbage-first heap   total 262144K, used 10350K [0x00000000e0000000, 0x0000000100000000)
  region size 1024K, 3 young (3072K), 3 survivors (3072K)
 Metaspace       used 1182K, committed 1280K, reserved 393216K
  class space    used 95K, committed 128K, reserved 327680K
}
Event: 0.676 GC heap before
{Heap before GC invocations=1 (full 0):
 garbage-first heap   total 262144K, used 40046K [0x00000000e0000000, 0x0000000100000000)
  region size 1024K, 33 young (33792K), 3 survivors (3072K)
 Metaspace       used 4294K, committed 4480K, reserved 393216K
  class space    used 550K, committed 640K, reserved 327680K
}
Event: 0.679 GC heap after
{Heap after GC invocations=2 (full 0):
 garbage-first heap   total 262144K, used 12184K [0x00000000e0000000, 0x0000000100000000)
  region size 1024K, 2 young (2048K), 2 survivors (2048K)
 Metaspace       used 4294K, committed 4480K, reserved 393216K
  class space    used 550K, committed 640K, reserved 327680K
}
Event: 2.583 GC heap before
{Heap before GC invocations=2 (full 0):
 garbage-first heap   total 262144K, used 141208K [0x00000000e0000000, 0x0000000100000000)
  region size 1024K, 127 young (130048K), 2 survivors (2048K)
 Metaspace       used 20723K, committed 21504K, reserved 393216K
  class space    used 3063K, committed 3456K, reserved 327680K
}
Event: 2.591 GC heap after
{Heap after GC invocations=3 (full 0):
 garbage-first heap   total 262144K, used 25066K [0x00000000e0000000, 0x0000000100000000)
  region size 1024K, 14 young (14336K), 14 survivors (14336K)
 Metaspace       used 20723K, committed 21504K, reserved 393216K
  class space    used 3063K, committed 3456K, reserved 327680K
}
Event: 3.841 GC heap before
{Heap before GC invocations=4 (full 0):
 garbage-first heap   total 262144K, used 118250K [0x00000000e0000000, 0x0000000100000000)
  region size 1024K, 107 young (109568K), 14 survivors (14336K)
 Metaspace       used 34759K, committed 35968K, reserved 393216K
  class space    used 5165K, committed 5760K, reserved 327680K
}
Event: 3.850 GC heap after
{Heap after GC invocations=5 (full 0):
 garbage-first heap   total 262144K, used 32807K [0x00000000e0000000, 0x0000000100000000)
  region size 1024K, 8 young (8192K), 8 survivors (8192K)
 Metaspace       used 34759K, committed 35968K, reserved 393216K
  class space    used 5165K, committed 5760K, reserved 327680K
}
Event: 8.409 GC heap before
{Heap before GC invocations=6 (full 0):
 garbage-first heap   total 262144K, used 187431K [0x00000000e0000000, 0x0000000100000000)
  region size 1024K, 153 young (156672K), 8 survivors (8192K)
 Metaspace       used 46760K, committed 48448K, reserved 393216K
  class space    used 6807K, committed 7616K, reserved 327680K
}
Event: 8.418 GC heap after
{Heap after GC invocations=7 (full 0):
 garbage-first heap   total 262144K, used 43925K [0x00000000e0000000, 0x0000000100000000)
  region size 1024K, 19 young (19456K), 19 survivors (19456K)
 Metaspace       used 46760K, committed 48448K, reserved 393216K
  class space    used 6807K, committed 7616K, reserved 327680K
}
Event: 10.779 GC heap before
{Heap before GC invocations=7 (full 0):
 garbage-first heap   total 262144K, used 180117K [0x00000000e0000000, 0x0000000100000000)
  region size 1024K, 153 young (156672K), 19 survivors (19456K)
 Metaspace       used 51673K, committed 53376K, reserved 393216K
  class space    used 7442K, committed 8256K, reserved 327680K
}
Event: 10.793 GC heap after
{Heap after GC invocations=8 (full 0):
 garbage-first heap   total 262144K, used 53828K [0x00000000e0000000, 0x0000000100000000)
  region size 1024K, 12 young (12288K), 12 survivors (12288K)
 Metaspace       used 51673K, committed 53376K, reserved 393216K
  class space    used 7442K, committed 8256K, reserved 327680K
}

