# JRE version: OpenJDK Runtime Environment Temurin-21.0.10+7 (21.0.10+7) (build 21.0.10+7-LTS)
# Java VM: OpenJDK 64-Bit Server VM Temurin-21.0.10+7 (21.0.10+7-LTS, mixed mode, sharing, tiered, compressed oops, compressed class ptrs, g1 gc, windows-amd64)
GC Precious Log:
 CardTable entry size: 512
 Card Set container configuration: InlinePtr #cards 5 size 8 Array Of Cards #cards 12 size 40 Howl #buckets 4 coarsen threshold 1843 Howl Bitmap #cards 512 size 80 coarsen threshold 460 Card regions per heap region 1 cards per card region 2048
 CPUs: 8 total, 8 available
 Memory: 16383M
 Large Page Support: Disabled
 NUMA Support: Disabled
 Compressed Oops: Enabled (32-bit)
 Heap Region Size: 1M
 Heap Min Capacity: 8M
 Heap Initial Capacity: 256M
 Heap Max Capacity: 1536M
 Pre-touch: Disabled
 Parallel Workers: 8
 Concurrent Workers: 2
 Concurrent Refinement Workers: 8
 Periodic GC: Disabled
Heap:
 garbage-first heap   total 96256K, used 37473K [0x00000000a0000000, 0x0000000100000000)
  region size 1024K, 7 young (7168K), 7 survivors (7168K)
 Metaspace       used 34867K, committed 35968K, reserved 1114112K
  class space    used 5077K, committed 5632K, reserved 1048576K
GC Heap History (15 events):
Event: 0.492 GC heap before
{Heap before GC invocations=0 (full 0):
 garbage-first heap   total 262144K, used 28672K [0x00000000a0000000, 0x0000000100000000)
  region size 1024K, 23 young (23552K), 0 survivors (0K)
 Metaspace       used 3126K, committed 3264K, reserved 1114112K
  class space    used 407K, committed 448K, reserved 1048576K
}
Event: 0.496 GC heap after
{Heap after GC invocations=1 (full 0):
 garbage-first heap   total 262144K, used 9010K [0x00000000a0000000, 0x0000000100000000)
  region size 1024K, 3 young (3072K), 3 survivors (3072K)
 Metaspace       used 3126K, committed 3264K, reserved 1114112K
  class space    used 407K, committed 448K, reserved 1048576K
}
Event: 0.655 GC heap before
{Heap before GC invocations=1 (full 0):
 garbage-first heap   total 262144K, used 38706K [0x00000000a0000000, 0x0000000100000000)
  region size 1024K, 32 young (32768K), 3 survivors (3072K)
 Metaspace       used 4078K, committed 4352K, reserved 1114112K
  class space    used 513K, committed 640K, reserved 1048576K
}
Event: 0.657 GC heap after
{Heap after GC invocations=2 (full 0):
 garbage-first heap   total 262144K, used 13576K [0x00000000a0000000, 0x0000000100000000)
  region size 1024K, 4 young (4096K), 4 survivors (4096K)
 Metaspace       used 4078K, committed 4352K, reserved 1114112K
  class space    used 513K, committed 640K, reserved 1048576K
}
Event: 3.603 GC heap before
{Heap before GC invocations=2 (full 0):
 garbage-first heap   total 262144K, used 102664K [0x00000000a0000000, 0x0000000100000000)
  region size 1024K, 92 young (94208K), 4 survivors (4096K)
 Metaspace       used 20796K, committed 21504K, reserved 1114112K
  class space    used 3122K, committed 3456K, reserved 1048576K
}
Event: 3.610 GC heap after
{Heap after GC invocations=3 (full 0):
 garbage-first heap   total 262144K, used 22086K [0x00000000a0000000, 0x0000000100000000)
  region size 1024K, 13 young (13312K), 13 survivors (13312K)
 Metaspace       used 20796K, committed 21504K, reserved 1114112K
  class space    used 3122K, committed 3456K, reserved 1048576K
}
Event: 4.538 GC heap before
{Heap before GC invocations=4 (full 0):
 garbage-first heap   total 78848K, used 76358K [0x00000000a0000000, 0x0000000100000000)
  region size 1024K, 67 young (68608K), 13 survivors (13312K)
 Metaspace       used 27838K, committed 28800K, reserved 1114112K
  class space    used 4137K, committed 4608K, reserved 1048576K
}
Event: 4.544 GC heap after
{Heap after GC invocations=5 (full 0):
 garbage-first heap   total 96256K, used 25702K [0x00000000a0000000, 0x0000000100000000)
  region size 1024K, 12 young (12288K), 12 survivors (12288K)
 Metaspace       used 27838K, committed 28800K, reserved 1114112K
  class space    used 4137K, committed 4608K, reserved 1048576K
}
Event: 4.979 GC heap before
{Heap before GC invocations=5 (full 0):
 garbage-first heap   total 96256K, used 70758K [0x00000000a0000000, 0x0000000100000000)
  region size 1024K, 56 young (57344K), 12 survivors (12288K)
 Metaspace       used 30526K, committed 31616K, reserved 1114112K
  class space    used 4577K, committed 5120K, reserved 1048576K
}
Event: 4.985 GC heap after
{Heap after GC invocations=6 (full 0):
 garbage-first heap   total 96256K, used 28264K [0x00000000a0000000, 0x0000000100000000)
  region size 1024K, 4 young (4096K), 4 survivors (4096K)
 Metaspace       used 30526K, committed 31616K, reserved 1114112K
  class space    used 4577K, committed 5120K, reserved 1048576K
}
Event: 5.122 GC heap before
{Heap before GC invocations=6 (full 0):
 garbage-first heap   total 96256K, used 79464K [0x00000000a0000000, 0x0000000100000000)
  region size 1024K, 54 young (55296K), 4 survivors (4096K)
 Metaspace       used 30537K, committed 31616K, reserved 1114112K
  class space    used 4577K, committed 5120K, reserved 1048576K
}
Event: 5.127 GC heap after
{Heap after GC invocations=7 (full 0):
 garbage-first heap   total 96256K, used 31381K [0x00000000a0000000, 0x0000000100000000)
  region size 1024K, 7 young (7168K), 7 survivors (7168K)
 Metaspace       used 30537K, committed 31616K, reserved 1114112K
  class space    used 4577K, committed 5120K, reserved 1048576K
}
Event: 5.340 GC heap before
{Heap before GC invocations=7 (full 0):
 garbage-first heap   total 96256K, used 81557K [0x00000000a0000000, 0x0000000100000000)
  region size 1024K, 56 young (57344K), 7 survivors (7168K)
 Metaspace       used 30691K, committed 31744K, reserved 1114112K
  class space    used 4594K, committed 5120K, reserved 1048576K
}
Event: 5.345 GC heap after
{Heap after GC invocations=8 (full 0):
 garbage-first heap   total 96256K, used 33860K [0x00000000a0000000, 0x0000000100000000)
  region size 1024K, 4 young (4096K), 4 survivors (4096K)
 Metaspace       used 30691K, committed 31744K, reserved 1114112K
  class space    used 4594K, committed 5120K, reserved 1048576K
}
Event: 34.698 GC heap before
{Heap before GC invocations=8 (full 0):
 garbage-first heap   total 96256K, used 70724K [0x00000000a0000000, 0x0000000100000000)
  region size 1024K, 41 young (41984K), 4 survivors (4096K)
 Metaspace       used 34867K, committed 35968K, reserved 1114112K
  class space    used 5077K, committed 5632K, reserved 1048576K
}

