# JRE version: Java(TM) SE Runtime Environment (8.0_461) (build 1.8.0_461-b11)
# Java VM: Java HotSpot(TM) 64-Bit Server VM (25.461-b11 mixed mode windows-amd64 compressed oops)
Heap:
 PSYoungGen      total 279552K, used 89202K [0x00000000eab00000, 0x0000000100000000, 0x0000000100000000)
  eden space 261632K, 27% used [0x00000000eab00000,0x00000000ef0a3d38,0x00000000faa80000)
  from space 17920K, 99% used [0x00000000faa80000,0x00000000fbbf8c50,0x00000000fbc00000)
  to   space 20992K, 0% used [0x00000000feb80000,0x00000000feb80000,0x0000000100000000)
 ParOldGen       total 196608K, used 24012K [0x00000000c0000000, 0x00000000cc000000, 0x00000000eab00000)
  object space 196608K, 12% used [0x00000000c0000000,0x00000000c1773340,0x00000000cc000000)
 Metaspace       used 53476K, capacity 57904K, committed 58112K, reserved 436224K
  class space    used 7679K, capacity 8430K, committed 8448K, reserved 385024K
GC Heap History (10 events):
Event: 2.476 GC heap before
{Heap before GC invocations=7 (full 1):
 PSYoungGen      total 141824K, used 131072K [0x00000000eab00000, 0x00000000fc700000, 0x0000000100000000)
  eden space 131072K, 100% used [0x00000000eab00000,0x00000000f2b00000,0x00000000f2b00000)
  from space 10752K, 0% used [0x00000000f2b00000,0x00000000f2b00000,0x00000000f3580000)
  to   space 14336K, 0% used [0x00000000fb900000,0x00000000fb900000,0x00000000fc700000)
 ParOldGen       total 116736K, used 12184K [0x00000000c0000000, 0x00000000c7200000, 0x00000000eab00000)
  object space 116736K, 10% used [0x00000000c0000000,0x00000000c0be6090,0x00000000c7200000)
 Metaspace       used 25174K, capacity 26366K, committed 26496K, reserved 407552K
  class space    used 3612K, capacity 3877K, committed 3968K, reserved 385024K
Event: 2.482 GC heap after
Heap after GC invocations=7 (full 1):
 PSYoungGen      total 194560K, used 7799K [0x00000000eab00000, 0x00000000fc100000, 0x0000000100000000)
  eden space 186368K, 0% used [0x00000000eab00000,0x00000000eab00000,0x00000000f6100000)
  from space 8192K, 95% used [0x00000000fb900000,0x00000000fc09dfc0,0x00000000fc100000)
  to   space 13312K, 0% used [0x00000000fa700000,0x00000000fa700000,0x00000000fb400000)
 ParOldGen       total 116736K, used 12192K [0x00000000c0000000, 0x00000000c7200000, 0x00000000eab00000)
  object space 116736K, 10% used [0x00000000c0000000,0x00000000c0be8090,0x00000000c7200000)
 Metaspace       used 25174K, capacity 26366K, committed 26496K, reserved 407552K
  class space    used 3612K, capacity 3877K, committed 3968K, reserved 385024K
}
Event: 3.164 GC heap before
{Heap before GC invocations=8 (full 1):
 PSYoungGen      total 194560K, used 172542K [0x00000000eab00000, 0x00000000fc100000, 0x0000000100000000)
  eden space 186368K, 88% used [0x00000000eab00000,0x00000000f4be1b98,0x00000000f6100000)
  from space 8192K, 95% used [0x00000000fb900000,0x00000000fc09dfc0,0x00000000fc100000)
  to   space 13312K, 0% used [0x00000000fa700000,0x00000000fa700000,0x00000000fb400000)
 ParOldGen       total 116736K, used 12192K [0x00000000c0000000, 0x00000000c7200000, 0x00000000eab00000)
  object space 116736K, 10% used [0x00000000c0000000,0x00000000c0be8090,0x00000000c7200000)
 Metaspace       used 33392K, capacity 35448K, committed 35496K, reserved 415744K
  class space    used 4916K, capacity 5345K, committed 5376K, reserved 385024K
Event: 3.173 GC heap after
Heap after GC invocations=8 (full 1):
 PSYoungGen      total 271360K, used 13303K [0x00000000eab00000, 0x00000000fcb80000, 0x0000000100000000)
  eden space 258048K, 0% used [0x00000000eab00000,0x00000000eab00000,0x00000000fa700000)
  from space 13312K, 99% used [0x00000000fa700000,0x00000000fb3fdf80,0x00000000fb400000)
  to   space 15872K, 0% used [0x00000000fbc00000,0x00000000fbc00000,0x00000000fcb80000)
 ParOldGen       total 116736K, used 13328K [0x00000000c0000000, 0x00000000c7200000, 0x00000000eab00000)
  object space 116736K, 11% used [0x00000000c0000000,0x00000000c0d04150,0x00000000c7200000)
 Metaspace       used 33392K, capacity 35448K, committed 35496K, reserved 415744K
  class space    used 4916K, capacity 5345K, committed 5376K, reserved 385024K
}
Event: 3.173 GC heap before
{Heap before GC invocations=9 (full 2):
 PSYoungGen      total 271360K, used 13303K [0x00000000eab00000, 0x00000000fcb80000, 0x0000000100000000)
  eden space 258048K, 0% used [0x00000000eab00000,0x00000000eab00000,0x00000000fa700000)
  from space 13312K, 99% used [0x00000000fa700000,0x00000000fb3fdf80,0x00000000fb400000)
  to   space 15872K, 0% used [0x00000000fbc00000,0x00000000fbc00000,0x00000000fcb80000)
 ParOldGen       total 116736K, used 13328K [0x00000000c0000000, 0x00000000c7200000, 0x00000000eab00000)
  object space 116736K, 11% used [0x00000000c0000000,0x00000000c0d04150,0x00000000c7200000)
 Metaspace       used 33392K, capacity 35448K, committed 35496K, reserved 415744K
  class space    used 4916K, capacity 5345K, committed 5376K, reserved 385024K
Event: 3.222 GC heap after
Heap after GC invocations=9 (full 2):
 PSYoungGen      total 271360K, used 0K [0x00000000eab00000, 0x00000000fcb80000, 0x0000000100000000)
  eden space 258048K, 0% used [0x00000000eab00000,0x00000000eab00000,0x00000000fa700000)
  from space 13312K, 0% used [0x00000000fa700000,0x00000000fa700000,0x00000000fb400000)
  to   space 15872K, 0% used [0x00000000fbc00000,0x00000000fbc00000,0x00000000fcb80000)
 ParOldGen       total 196608K, used 21928K [0x00000000c0000000, 0x00000000cc000000, 0x00000000eab00000)
  object space 196608K, 11% used [0x00000000c0000000,0x00000000c156a0f0,0x00000000cc000000)
 Metaspace       used 33385K, capacity 35424K, committed 35496K, reserved 415744K
  class space    used 4913K, capacity 5341K, committed 5376K, reserved 385024K
}
Event: 4.223 GC heap before
{Heap before GC invocations=10 (full 2):
 PSYoungGen      total 271360K, used 258048K [0x00000000eab00000, 0x00000000fcb80000, 0x0000000100000000)
  eden space 258048K, 100% used [0x00000000eab00000,0x00000000fa700000,0x00000000fa700000)
  from space 13312K, 0% used [0x00000000fa700000,0x00000000fa700000,0x00000000fb400000)
  to   space 15872K, 0% used [0x00000000fbc00000,0x00000000fbc00000,0x00000000fcb80000)
 ParOldGen       total 196608K, used 21928K [0x00000000c0000000, 0x00000000cc000000, 0x00000000eab00000)
  object space 196608K, 11% used [0x00000000c0000000,0x00000000c156a0f0,0x00000000cc000000)
 Metaspace       used 44477K, capacity 47274K, committed 47488K, reserved 425984K
  class space    used 6248K, capacity 6784K, committed 6784K, reserved 385024K
Event: 4.233 GC heap after
Heap after GC invocations=10 (full 2):
 PSYoungGen      total 277504K, used 15213K [0x00000000eab00000, 0x0000000100000000, 0x0000000100000000)
  eden space 261632K, 0% used [0x00000000eab00000,0x00000000eab00000,0x00000000faa80000)
  from space 15872K, 95% used [0x00000000fbc00000,0x00000000fcadb448,0x00000000fcb80000)
  to   space 17920K, 0% used [0x00000000faa80000,0x00000000faa80000,0x00000000fbc00000)
 ParOldGen       total 196608K, used 21936K [0x00000000c0000000, 0x00000000cc000000, 0x00000000eab00000)
  object space 196608K, 11% used [0x00000000c0000000,0x00000000c156c0f0,0x00000000cc000000)
 Metaspace       used 44477K, capacity 47274K, committed 47488K, reserved 425984K
  class space    used 6248K, capacity 6784K, committed 6784K, reserved 385024K
}
Event: 5.074 GC heap before
{Heap before GC invocations=11 (full 2):
 PSYoungGen      total 277504K, used 276845K [0x00000000eab00000, 0x0000000100000000, 0x0000000100000000)
  eden space 261632K, 100% used [0x00000000eab00000,0x00000000faa80000,0x00000000faa80000)
  from space 15872K, 95% used [0x00000000fbc00000,0x00000000fcadb448,0x00000000fcb80000)
  to   space 17920K, 0% used [0x00000000faa80000,0x00000000faa80000,0x00000000fbc00000)
 ParOldGen       total 196608K, used 21936K [0x00000000c0000000, 0x00000000cc000000, 0x00000000eab00000)
  object space 196608K, 11% used [0x00000000c0000000,0x00000000c156c0f0,0x00000000cc000000)
 Metaspace       used 51719K, capacity 55530K, committed 55808K, reserved 434176K
  class space    used 7421K, capacity 8105K, committed 8192K, reserved 385024K
Event: 5.082 GC heap after
Heap after GC invocations=11 (full 2):
 PSYoungGen      total 279552K, used 17891K [0x00000000eab00000, 0x0000000100000000, 0x0000000100000000)
  eden space 261632K, 0% used [0x00000000eab00000,0x00000000eab00000,0x00000000faa80000)
  from space 17920K, 99% used [0x00000000faa80000,0x00000000fbbf8c50,0x00000000fbc00000)
  to   space 20992K, 0% used [0x00000000feb80000,0x00000000feb80000,0x0000000100000000)
 ParOldGen       total 196608K, used 24012K [0x00000000c0000000, 0x00000000cc000000, 0x00000000eab00000)
  object space 196608K, 12% used [0x00000000c0000000,0x00000000c1773340,0x00000000cc000000)
 Metaspace       used 51719K, capacity 55530K, committed 55808K, reserved 434176K
  class space    used 7421K, capacity 8105K, committed 8192K, reserved 385024K
}

