# JRE version: OpenJDK Runtime Environment Temurin-21.0.10+7 (21.0.10+7) (build 21.0.10+7-LTS)
# Java VM: OpenJDK 64-Bit Server VM Temurin-21.0.10+7 (21.0.10+7-LTS, mixed mode, sharing, tiered, compressed oops, compressed class ptrs, parallel gc, windows-amd64)
GC Precious Log:
 CardTable entry size: 512
 CPUs: 8 total, 8 available
 Memory: 16383M
 Large Page Support: Disabled
 NUMA Support: Disabled
 Compressed Oops: Enabled (32-bit)
 Alignments: Space 512K, Generation 512K, Heap 2M
 Heap Min Capacity: 100M
 Heap Initial Capacity: 100M
 Heap Max Capacity: 2G
 Pre-touch: Disabled
 Parallel Workers: 8
Heap:
 PSYoungGen      total 4608K, used 2347K [0x00000000d5580000, 0x00000000d5d00000, 0x0000000100000000)
  eden space 4096K, 51% used [0x00000000d5580000,0x00000000d578ad00,0x00000000d5980000)
  from space 512K, 50% used [0x00000000d5c80000,0x00000000d5cc0000,0x00000000d5d00000)
  to   space 512K, 0% used [0x00000000d5c00000,0x00000000d5c00000,0x00000000d5c80000)
 ParOldGen       total 190464K, used 171504K [0x0000000080000000, 0x000000008ba00000, 0x00000000d5580000)
  object space 190464K, 90% used [0x0000000080000000,0x000000008a77c0a0,0x000000008ba00000)
 Metaspace       used 125853K, committed 128320K, reserved 1179648K
  class space    used 18030K, committed 19200K, reserved 1048576K
GC Heap History (20 events):
Event: 133.330 GC heap before
{Heap before GC invocations=503 (full 5):
 PSYoungGen      total 4608K, used 4352K [0x00000000d5580000, 0x00000000d5d00000, 0x0000000100000000)
  eden space 4096K, 100% used [0x00000000d5580000,0x00000000d5980000,0x00000000d5980000)
  from space 512K, 50% used [0x00000000d5c00000,0x00000000d5c40000,0x00000000d5c80000)
  to   space 512K, 0% used [0x00000000d5c80000,0x00000000d5c80000,0x00000000d5d00000)
 ParOldGen       total 190464K, used 170648K [0x0000000080000000, 0x000000008ba00000, 0x00000000d5580000)
  object space 190464K, 89% used [0x0000000080000000,0x000000008a6a6390,0x000000008ba00000)
 Metaspace       used 124014K, committed 126464K, reserved 1179648K
  class space    used 17736K, committed 18880K, reserved 1048576K
}
Event: 133.331 GC heap after
{Heap after GC invocations=503 (full 5):
 PSYoungGen      total 4608K, used 256K [0x00000000d5580000, 0x00000000d5d00000, 0x0000000100000000)
  eden space 4096K, 0% used [0x00000000d5580000,0x00000000d5580000,0x00000000d5980000)
  from space 512K, 50% used [0x00000000d5c80000,0x00000000d5cc0000,0x00000000d5d00000)
  to   space 512K, 0% used [0x00000000d5c00000,0x00000000d5c00000,0x00000000d5c80000)
 ParOldGen       total 190464K, used 170768K [0x0000000080000000, 0x000000008ba00000, 0x00000000d5580000)
  object space 190464K, 89% used [0x0000000080000000,0x000000008a6c4390,0x000000008ba00000)
 Metaspace       used 124014K, committed 126464K, reserved 1179648K
  class space    used 17736K, committed 18880K, reserved 1048576K
}
Event: 133.390 GC heap before
{Heap before GC invocations=504 (full 5):
 PSYoungGen      total 4608K, used 4352K [0x00000000d5580000, 0x00000000d5d00000, 0x0000000100000000)
  eden space 4096K, 100% used [0x00000000d5580000,0x00000000d5980000,0x00000000d5980000)
  from space 512K, 50% used [0x00000000d5c80000,0x00000000d5cc0000,0x00000000d5d00000)
  to   space 512K, 0% used [0x00000000d5c00000,0x00000000d5c00000,0x00000000d5c80000)
 ParOldGen       total 190464K, used 170768K [0x0000000080000000, 0x000000008ba00000, 0x00000000d5580000)
  object space 190464K, 89% used [0x0000000080000000,0x000000008a6c4390,0x000000008ba00000)
 Metaspace       used 124436K, committed 126976K, reserved 1179648K
  class space    used 17811K, committed 19008K, reserved 1048576K
}
Event: 133.390 GC heap after
{Heap after GC invocations=504 (full 5):
 PSYoungGen      total 4608K, used 224K [0x00000000d5580000, 0x00000000d5d00000, 0x0000000100000000)
  eden space 4096K, 0% used [0x00000000d5580000,0x00000000d5580000,0x00000000d5980000)
  from space 512K, 43% used [0x00000000d5c00000,0x00000000d5c38000,0x00000000d5c80000)
  to   space 512K, 0% used [0x00000000d5c80000,0x00000000d5c80000,0x00000000d5d00000)
 ParOldGen       total 190464K, used 170896K [0x0000000080000000, 0x000000008ba00000, 0x00000000d5580000)
  object space 190464K, 89% used [0x0000000080000000,0x000000008a6e4390,0x000000008ba00000)
 Metaspace       used 124436K, committed 126976K, reserved 1179648K
  class space    used 17811K, committed 19008K, reserved 1048576K
}
Event: 133.435 GC heap before
{Heap before GC invocations=505 (full 5):
 PSYoungGen      total 4608K, used 4320K [0x00000000d5580000, 0x00000000d5d00000, 0x0000000100000000)
  eden space 4096K, 100% used [0x00000000d5580000,0x00000000d5980000,0x00000000d5980000)
  from space 512K, 43% used [0x00000000d5c00000,0x00000000d5c38000,0x00000000d5c80000)
  to   space 512K, 0% used [0x00000000d5c80000,0x00000000d5c80000,0x00000000d5d00000)
 ParOldGen       total 190464K, used 170896K [0x0000000080000000, 0x000000008ba00000, 0x00000000d5580000)
  object space 190464K, 89% used [0x0000000080000000,0x000000008a6e4390,0x000000008ba00000)
 Metaspace       used 124862K, committed 127360K, reserved 1179648K
  class space    used 17897K, committed 19072K, reserved 1048576K
}
Event: 133.436 GC heap after
{Heap after GC invocations=505 (full 5):
 PSYoungGen      total 4608K, used 224K [0x00000000d5580000, 0x00000000d5d00000, 0x0000000100000000)
  eden space 4096K, 0% used [0x00000000d5580000,0x00000000d5580000,0x00000000d5980000)
  from space 512K, 43% used [0x00000000d5c80000,0x00000000d5cb8000,0x00000000d5d00000)
  to   space 512K, 0% used [0x00000000d5c00000,0x00000000d5c00000,0x00000000d5c80000)
 ParOldGen       total 190464K, used 171008K [0x0000000080000000, 0x000000008ba00000, 0x00000000d5580000)
  object space 190464K, 89% used [0x0000000080000000,0x000000008a700390,0x000000008ba00000)
 Metaspace       used 124862K, committed 127360K, reserved 1179648K
  class space    used 17897K, committed 19072K, reserved 1048576K
}
Event: 133.495 GC heap before
{Heap before GC invocations=506 (full 5):
 PSYoungGen      total 4608K, used 4320K [0x00000000d5580000, 0x00000000d5d00000, 0x0000000100000000)
  eden space 4096K, 100% used [0x00000000d5580000,0x00000000d5980000,0x00000000d5980000)
  from space 512K, 43% used [0x00000000d5c80000,0x00000000d5cb8000,0x00000000d5d00000)
  to   space 512K, 0% used [0x00000000d5c00000,0x00000000d5c00000,0x00000000d5c80000)
 ParOldGen       total 190464K, used 171008K [0x0000000080000000, 0x000000008ba00000, 0x00000000d5580000)
  object space 190464K, 89% used [0x0000000080000000,0x000000008a700390,0x000000008ba00000)
 Metaspace       used 125339K, committed 127808K, reserved 1179648K
  class space    used 17977K, committed 19136K, reserved 1048576K
}
Event: 133.496 GC heap after
{Heap after GC invocations=506 (full 5):
 PSYoungGen      total 4608K, used 288K [0x00000000d5580000, 0x00000000d5d00000, 0x0000000100000000)
  eden space 4096K, 0% used [0x00000000d5580000,0x00000000d5580000,0x00000000d5980000)
  from space 512K, 56% used [0x00000000d5c00000,0x00000000d5c48000,0x00000000d5c80000)
  to   space 512K, 0% used [0x00000000d5c80000,0x00000000d5c80000,0x00000000d5d00000)
 ParOldGen       total 190464K, used 171112K [0x0000000080000000, 0x000000008ba00000, 0x00000000d5580000)
  object space 190464K, 89% used [0x0000000080000000,0x000000008a71a390,0x000000008ba00000)
 Metaspace       used 125339K, committed 127808K, reserved 1179648K
  class space    used 17977K, committed 19136K, reserved 1048576K
}
Event: 133.572 GC heap before
{Heap before GC invocations=507 (full 5):
 PSYoungGen      total 4608K, used 4384K [0x00000000d5580000, 0x00000000d5d00000, 0x0000000100000000)
  eden space 4096K, 100% used [0x00000000d5580000,0x00000000d5980000,0x00000000d5980000)
  from space 512K, 56% used [0x00000000d5c00000,0x00000000d5c48000,0x00000000d5c80000)
  to   space 512K, 0% used [0x00000000d5c80000,0x00000000d5c80000,0x00000000d5d00000)
 ParOldGen       total 190464K, used 171112K [0x0000000080000000, 0x000000008ba00000, 0x00000000d5580000)
  object space 190464K, 89% used [0x0000000080000000,0x000000008a71a390,0x000000008ba00000)
 Metaspace       used 125669K, committed 128192K, reserved 1179648K
  class space    used 18014K, committed 19200K, reserved 1048576K
}
Event: 133.572 GC heap after
{Heap after GC invocations=507 (full 5):
 PSYoungGen      total 4608K, used 256K [0x00000000d5580000, 0x00000000d5d00000, 0x0000000100000000)
  eden space 4096K, 0% used [0x00000000d5580000,0x00000000d5580000,0x00000000d5980000)
  from space 512K, 50% used [0x00000000d5c80000,0x00000000d5cc0000,0x00000000d5d00000)
  to   space 512K, 0% used [0x00000000d5c00000,0x00000000d5c00000,0x00000000d5c80000)
 ParOldGen       total 190464K, used 171256K [0x0000000080000000, 0x000000008ba00000, 0x00000000d5580000)
  object space 190464K, 89% used [0x0000000080000000,0x000000008a73e0a0,0x000000008ba00000)
 Metaspace       used 125669K, committed 128192K, reserved 1179648K
  class space    used 18014K, committed 19200K, reserved 1048576K
}
Event: 133.733 GC heap before
{Heap before GC invocations=508 (full 5):
 PSYoungGen      total 4608K, used 4352K [0x00000000d5580000, 0x00000000d5d00000, 0x0000000100000000)
  eden space 4096K, 100% used [0x00000000d5580000,0x00000000d5980000,0x00000000d5980000)
  from space 512K, 50% used [0x00000000d5c80000,0x00000000d5cc0000,0x00000000d5d00000)
  to   space 512K, 0% used [0x00000000d5c00000,0x00000000d5c00000,0x00000000d5c80000)
 ParOldGen       total 190464K, used 171256K [0x0000000080000000, 0x000000008ba00000, 0x00000000d5580000)
  object space 190464K, 89% used [0x0000000080000000,0x000000008a73e0a0,0x000000008ba00000)
 Metaspace       used 125771K, committed 128256K, reserved 1179648K
  class space    used 18030K, committed 19200K, reserved 1048576K
}
Event: 133.733 GC heap after
{Heap after GC invocations=508 (full 5):
 PSYoungGen      total 4608K, used 256K [0x00000000d5580000, 0x00000000d5d00000, 0x0000000100000000)
  eden space 4096K, 0% used [0x00000000d5580000,0x00000000d5580000,0x00000000d5980000)
  from space 512K, 50% used [0x00000000d5c00000,0x00000000d5c40000,0x00000000d5c80000)
  to   space 512K, 0% used [0x00000000d5c80000,0x00000000d5c80000,0x00000000d5d00000)
 ParOldGen       total 190464K, used 171320K [0x0000000080000000, 0x000000008ba00000, 0x00000000d5580000)
  object space 190464K, 89% used [0x0000000080000000,0x000000008a74e0a0,0x000000008ba00000)
 Metaspace       used 125771K, committed 128256K, reserved 1179648K
  class space    used 18030K, committed 19200K, reserved 1048576K
}
Event: 133.795 GC heap before
{Heap before GC invocations=509 (full 5):
 PSYoungGen      total 4608K, used 4352K [0x00000000d5580000, 0x00000000d5d00000, 0x0000000100000000)
  eden space 4096K, 100% used [0x00000000d5580000,0x00000000d5980000,0x00000000d5980000)
  from space 512K, 50% used [0x00000000d5c00000,0x00000000d5c40000,0x00000000d5c80000)
  to   space 512K, 0% used [0x00000000d5c80000,0x00000000d5c80000,0x00000000d5d00000)
 ParOldGen       total 190464K, used 171320K [0x0000000080000000, 0x000000008ba00000, 0x00000000d5580000)
  object space 190464K, 89% used [0x0000000080000000,0x000000008a74e0a0,0x000000008ba00000)
 Metaspace       used 125773K, committed 128256K, reserved 1179648K
  class space    used 18030K, committed 19200K, reserved 1048576K
}
Event: 133.796 GC heap after
{Heap after GC invocations=509 (full 5):
 PSYoungGen      total 4608K, used 224K [0x00000000d5580000, 0x00000000d5d00000, 0x0000000100000000)
  eden space 4096K, 0% used [0x00000000d5580000,0x00000000d5580000,0x00000000d5980000)
  from space 512K, 43% used [0x00000000d5c80000,0x00000000d5cb8000,0x00000000d5d00000)
  to   space 512K, 0% used [0x00000000d5c00000,0x00000000d5c00000,0x00000000d5c80000)
 ParOldGen       total 190464K, used 171376K [0x0000000080000000, 0x000000008ba00000, 0x00000000d5580000)
  object space 190464K, 89% used [0x0000000080000000,0x000000008a75c0a0,0x000000008ba00000)
 Metaspace       used 125773K, committed 128256K, reserved 1179648K
  class space    used 18030K, committed 19200K, reserved 1048576K
}
Event: 133.906 GC heap before
{Heap before GC invocations=510 (full 5):
 PSYoungGen      total 4608K, used 4320K [0x00000000d5580000, 0x00000000d5d00000, 0x0000000100000000)
  eden space 4096K, 100% used [0x00000000d5580000,0x00000000d5980000,0x00000000d5980000)
  from space 512K, 43% used [0x00000000d5c80000,0x00000000d5cb8000,0x00000000d5d00000)
  to   space 512K, 0% used [0x00000000d5c00000,0x00000000d5c00000,0x00000000d5c80000)
 ParOldGen       total 190464K, used 171376K [0x0000000080000000, 0x000000008ba00000, 0x00000000d5580000)
  object space 190464K, 89% used [0x0000000080000000,0x000000008a75c0a0,0x000000008ba00000)
 Metaspace       used 125797K, committed 128256K, reserved 1179648K
  class space    used 18030K, committed 19200K, reserved 1048576K
}
Event: 133.906 GC heap after
{Heap after GC invocations=510 (full 5):
 PSYoungGen      total 4608K, used 224K [0x00000000d5580000, 0x00000000d5d00000, 0x0000000100000000)
  eden space 4096K, 0% used [0x00000000d5580000,0x00000000d5580000,0x00000000d5980000)
  from space 512K, 43% used [0x00000000d5c00000,0x00000000d5c38000,0x00000000d5c80000)
  to   space 512K, 0% used [0x00000000d5c80000,0x00000000d5c80000,0x00000000d5d00000)
 ParOldGen       total 190464K, used 171384K [0x0000000080000000, 0x000000008ba00000, 0x00000000d5580000)
  object space 190464K, 89% used [0x0000000080000000,0x000000008a75e0a0,0x000000008ba00000)
 Metaspace       used 125797K, committed 128256K, reserved 1179648K
  class space    used 18030K, committed 19200K, reserved 1048576K
}
Event: 133.983 GC heap before
{Heap before GC invocations=511 (full 5):
 PSYoungGen      total 4608K, used 4316K [0x00000000d5580000, 0x00000000d5d00000, 0x0000000100000000)
  eden space 4096K, 99% used [0x00000000d5580000,0x00000000d597f158,0x00000000d5980000)
  from space 512K, 43% used [0x00000000d5c00000,0x00000000d5c38000,0x00000000d5c80000)
  to   space 512K, 0% used [0x00000000d5c80000,0x00000000d5c80000,0x00000000d5d00000)
 ParOldGen       total 190464K, used 171384K [0x0000000080000000, 0x000000008ba00000, 0x00000000d5580000)
  object space 190464K, 89% used [0x0000000080000000,0x000000008a75e0a0,0x000000008ba00000)
 Metaspace       used 125812K, committed 128320K, reserved 1179648K
  class space    used 18030K, committed 19200K, reserved 1048576K
}
Event: 133.984 GC heap after
{Heap after GC invocations=511 (full 5):
 PSYoungGen      total 4608K, used 211K [0x00000000d5580000, 0x00000000d5d00000, 0x0000000100000000)
  eden space 4096K, 0% used [0x00000000d5580000,0x00000000d5580000,0x00000000d5980000)
  from space 512K, 41% used [0x00000000d5c80000,0x00000000d5cb4d98,0x00000000d5d00000)
  to   space 512K, 0% used [0x00000000d5c00000,0x00000000d5c00000,0x00000000d5c80000)
 ParOldGen       total 190464K, used 171416K [0x0000000080000000, 0x000000008ba00000, 0x00000000d5580000)
  object space 190464K, 89% used [0x0000000080000000,0x000000008a7660a0,0x000000008ba00000)
 Metaspace       used 125812K, committed 128320K, reserved 1179648K
  class space    used 18030K, committed 19200K, reserved 1048576K
}
Event: 134.073 GC heap before
{Heap before GC invocations=512 (full 5):
 PSYoungGen      total 4608K, used 4307K [0x00000000d5580000, 0x00000000d5d00000, 0x0000000100000000)
  eden space 4096K, 100% used [0x00000000d5580000,0x00000000d5980000,0x00000000d5980000)
  from space 512K, 41% used [0x00000000d5c80000,0x00000000d5cb4d98,0x00000000d5d00000)
  to   space 512K, 0% used [0x00000000d5c00000,0x00000000d5c00000,0x00000000d5c80000)
 ParOldGen       total 190464K, used 171416K [0x0000000080000000, 0x000000008ba00000, 0x00000000d5580000)
  object space 190464K, 89% used [0x0000000080000000,0x000000008a7660a0,0x000000008ba00000)
 Metaspace       used 125825K, committed 128320K, reserved 1179648K
  class space    used 18030K, committed 19200K, reserved 1048576K
}
Event: 134.074 GC heap after
{Heap after GC invocations=512 (full 5):
 PSYoungGen      total 4608K, used 224K [0x00000000d5580000, 0x00000000d5d00000, 0x0000000100000000)
  eden space 4096K, 0% used [0x00000000d5580000,0x00000000d5580000,0x00000000d5980000)
  from space 512K, 43% used [0x00000000d5c00000,0x00000000d5c38000,0x00000000d5c80000)
  to   space 512K, 0% used [0x00000000d5c80000,0x00000000d5c80000,0x00000000d5d00000)
 ParOldGen       total 190464K, used 171424K [0x0000000080000000, 0x000000008ba00000, 0x00000000d5580000)
  object space 190464K, 90% used [0x0000000080000000,0x000000008a7680a0,0x000000008ba00000)
 Metaspace       used 125825K, committed 128320K, reserved 1179648K
  class space    used 18030K, committed 19200K, reserved 1048576K
}

