# JRE version: OpenJDK Runtime Environment Temurin-21.0.10+7 (21.0.10+7) (build 21.0.10+7-LTS)
# Java VM: OpenJDK 64-Bit Server VM Temurin-21.0.10+7 (21.0.10+7-LTS, mixed mode, sharing, tiered, compressed oops, compressed class ptrs, parallel gc, windows-amd64)
GC Precious Log:
 CardTable entry size: 512
 CPUs: 8 total, 8 available
 Memory: 16383M
 Large Page Support: Disabled
 NUMA Support: Disabled
 Compressed Oops: Enabled (32-bit)
 Alignments: Space 512K, Generation 512K, Heap 2M
 Heap Min Capacity: 100M
 Heap Initial Capacity: 100M
 Heap Max Capacity: 2G
 Pre-touch: Disabled
 Parallel Workers: 8
Heap:
 PSYoungGen      total 10240K, used 8854K [0x00000000d5580000, 0x00000000d6800000, 0x0000000100000000)
  eden space 9216K, 86% used [0x00000000d5580000,0x00000000d5d3dbd0,0x00000000d5e80000)
  from space 1024K, 90% used [0x00000000d6700000,0x00000000d67e8020,0x00000000d6800000)
  to   space 3584K, 0% used [0x00000000d6100000,0x00000000d6100000,0x00000000d6480000)
 ParOldGen       total 129024K, used 120386K [0x0000000080000000, 0x0000000087e00000, 0x00000000d5580000)
  object space 129024K, 93% used [0x0000000080000000,0x0000000087590b00,0x0000000087e00000)
 Metaspace       used 100295K, committed 102272K, reserved 1179648K
  class space    used 13937K, committed 14848K, reserved 1048576K
GC Heap History (20 events):
Event: 18.660 GC heap before
{Heap before GC invocations=175 (full 4):
 PSYoungGen      total 9728K, used 9376K [0x00000000d5580000, 0x00000000d6300000, 0x0000000100000000)
  eden space 9216K, 100% used [0x00000000d5580000,0x00000000d5e80000,0x00000000d5e80000)
  from space 512K, 31% used [0x00000000d6280000,0x00000000d62a8000,0x00000000d6300000)
  to   space 512K, 0% used [0x00000000d6200000,0x00000000d6200000,0x00000000d6280000)
 ParOldGen       total 129024K, used 112853K [0x0000000080000000, 0x0000000087e00000, 0x00000000d5580000)
  object space 129024K, 87% used [0x0000000080000000,0x0000000086e35480,0x0000000087e00000)
 Metaspace       used 98405K, committed 100352K, reserved 1179648K
  class space    used 13721K, committed 14592K, reserved 1048576K
}
Event: 18.661 GC heap after
{Heap after GC invocations=175 (full 4):
 PSYoungGen      total 9728K, used 160K [0x00000000d5580000, 0x00000000d6300000, 0x0000000100000000)
  eden space 9216K, 0% used [0x00000000d5580000,0x00000000d5580000,0x00000000d5e80000)
  from space 512K, 31% used [0x00000000d6200000,0x00000000d6228000,0x00000000d6280000)
  to   space 512K, 0% used [0x00000000d6280000,0x00000000d6280000,0x00000000d6300000)
 ParOldGen       total 129024K, used 112853K [0x0000000080000000, 0x0000000087e00000, 0x00000000d5580000)
  object space 129024K, 87% used [0x0000000080000000,0x0000000086e35480,0x0000000087e00000)
 Metaspace       used 98405K, committed 100352K, reserved 1179648K
  class space    used 13721K, committed 14592K, reserved 1048576K
}
Event: 18.731 GC heap before
{Heap before GC invocations=176 (full 4):
 PSYoungGen      total 9728K, used 9376K [0x00000000d5580000, 0x00000000d6300000, 0x0000000100000000)
  eden space 9216K, 100% used [0x00000000d5580000,0x00000000d5e80000,0x00000000d5e80000)
  from space 512K, 31% used [0x00000000d6200000,0x00000000d6228000,0x00000000d6280000)
  to   space 512K, 0% used [0x00000000d6280000,0x00000000d6280000,0x00000000d6300000)
 ParOldGen       total 129024K, used 112853K [0x0000000080000000, 0x0000000087e00000, 0x00000000d5580000)
  object space 129024K, 87% used [0x0000000080000000,0x0000000086e35480,0x0000000087e00000)
 Metaspace       used 98405K, committed 100352K, reserved 1179648K
  class space    used 13721K, committed 14592K, reserved 1048576K
}
Event: 18.732 GC heap after
{Heap after GC invocations=176 (full 4):
 PSYoungGen      total 9728K, used 192K [0x00000000d5580000, 0x00000000d6300000, 0x0000000100000000)
  eden space 9216K, 0% used [0x00000000d5580000,0x00000000d5580000,0x00000000d5e80000)
  from space 512K, 37% used [0x00000000d6280000,0x00000000d62b0000,0x00000000d6300000)
  to   space 512K, 0% used [0x00000000d6200000,0x00000000d6200000,0x00000000d6280000)
 ParOldGen       total 129024K, used 112861K [0x0000000080000000, 0x0000000087e00000, 0x00000000d5580000)
  object space 129024K, 87% used [0x0000000080000000,0x0000000086e37480,0x0000000087e00000)
 Metaspace       used 98405K, committed 100352K, reserved 1179648K
  class space    used 13721K, committed 14592K, reserved 1048576K
}
Event: 18.798 GC heap before
{Heap before GC invocations=177 (full 4):
 PSYoungGen      total 9728K, used 9408K [0x00000000d5580000, 0x00000000d6300000, 0x0000000100000000)
  eden space 9216K, 100% used [0x00000000d5580000,0x00000000d5e80000,0x00000000d5e80000)
  from space 512K, 37% used [0x00000000d6280000,0x00000000d62b0000,0x00000000d6300000)
  to   space 512K, 0% used [0x00000000d6200000,0x00000000d6200000,0x00000000d6280000)
 ParOldGen       total 129024K, used 112861K [0x0000000080000000, 0x0000000087e00000, 0x00000000d5580000)
  object space 129024K, 87% used [0x0000000080000000,0x0000000086e37480,0x0000000087e00000)
 Metaspace       used 98405K, committed 100352K, reserved 1179648K
  class space    used 13721K, committed 14592K, reserved 1048576K
}
Event: 18.799 GC heap after
{Heap after GC invocations=177 (full 4):
 PSYoungGen      total 9728K, used 160K [0x00000000d5580000, 0x00000000d6300000, 0x0000000100000000)
  eden space 9216K, 0% used [0x00000000d5580000,0x00000000d5580000,0x00000000d5e80000)
  from space 512K, 31% used [0x00000000d6200000,0x00000000d6228000,0x00000000d6280000)
  to   space 512K, 0% used [0x00000000d6280000,0x00000000d6280000,0x00000000d6300000)
 ParOldGen       total 129024K, used 112861K [0x0000000080000000, 0x0000000087e00000, 0x00000000d5580000)
  object space 129024K, 87% used [0x0000000080000000,0x0000000086e37480,0x0000000087e00000)
 Metaspace       used 98405K, committed 100352K, reserved 1179648K
  class space    used 13721K, committed 14592K, reserved 1048576K
}
Event: 18.869 GC heap before
{Heap before GC invocations=178 (full 4):
 PSYoungGen      total 9728K, used 9376K [0x00000000d5580000, 0x00000000d6300000, 0x0000000100000000)
  eden space 9216K, 100% used [0x00000000d5580000,0x00000000d5e80000,0x00000000d5e80000)
  from space 512K, 31% used [0x00000000d6200000,0x00000000d6228000,0x00000000d6280000)
  to   space 512K, 0% used [0x00000000d6280000,0x00000000d6280000,0x00000000d6300000)
 ParOldGen       total 129024K, used 112861K [0x0000000080000000, 0x0000000087e00000, 0x00000000d5580000)
  object space 129024K, 87% used [0x0000000080000000,0x0000000086e37480,0x0000000087e00000)
 Metaspace       used 98405K, committed 100352K, reserved 1179648K
  class space    used 13721K, committed 14592K, reserved 1048576K
}
Event: 18.870 GC heap after
{Heap after GC invocations=178 (full 4):
 PSYoungGen      total 9728K, used 192K [0x00000000d5580000, 0x00000000d6300000, 0x0000000100000000)
  eden space 9216K, 0% used [0x00000000d5580000,0x00000000d5580000,0x00000000d5e80000)
  from space 512K, 37% used [0x00000000d6280000,0x00000000d62b0000,0x00000000d6300000)
  to   space 512K, 0% used [0x00000000d6200000,0x00000000d6200000,0x00000000d6280000)
 ParOldGen       total 129024K, used 112861K [0x0000000080000000, 0x0000000087e00000, 0x00000000d5580000)
  object space 129024K, 87% used [0x0000000080000000,0x0000000086e37480,0x0000000087e00000)
 Metaspace       used 98405K, committed 100352K, reserved 1179648K
  class space    used 13721K, committed 14592K, reserved 1048576K
}
Event: 18.937 GC heap before
{Heap before GC invocations=179 (full 4):
 PSYoungGen      total 9728K, used 9408K [0x00000000d5580000, 0x00000000d6300000, 0x0000000100000000)
  eden space 9216K, 100% used [0x00000000d5580000,0x00000000d5e80000,0x00000000d5e80000)
  from space 512K, 37% used [0x00000000d6280000,0x00000000d62b0000,0x00000000d6300000)
  to   space 512K, 0% used [0x00000000d6200000,0x00000000d6200000,0x00000000d6280000)
 ParOldGen       total 129024K, used 112861K [0x0000000080000000, 0x0000000087e00000, 0x00000000d5580000)
  object space 129024K, 87% used [0x0000000080000000,0x0000000086e37480,0x0000000087e00000)
 Metaspace       used 98405K, committed 100352K, reserved 1179648K
  class space    used 13721K, committed 14592K, reserved 1048576K
}
Event: 18.938 GC heap after
{Heap after GC invocations=179 (full 4):
 PSYoungGen      total 9728K, used 192K [0x00000000d5580000, 0x00000000d6300000, 0x0000000100000000)
  eden space 9216K, 0% used [0x00000000d5580000,0x00000000d5580000,0x00000000d5e80000)
  from space 512K, 37% used [0x00000000d6200000,0x00000000d6230000,0x00000000d6280000)
  to   space 512K, 0% used [0x00000000d6280000,0x00000000d6280000,0x00000000d6300000)
 ParOldGen       total 129024K, used 112861K [0x0000000080000000, 0x0000000087e00000, 0x00000000d5580000)
  object space 129024K, 87% used [0x0000000080000000,0x0000000086e37480,0x0000000087e00000)
 Metaspace       used 98405K, committed 100352K, reserved 1179648K
  class space    used 13721K, committed 14592K, reserved 1048576K
}
Event: 19.007 GC heap before
{Heap before GC invocations=180 (full 4):
 PSYoungGen      total 9728K, used 9408K [0x00000000d5580000, 0x00000000d6300000, 0x0000000100000000)
  eden space 9216K, 100% used [0x00000000d5580000,0x00000000d5e80000,0x00000000d5e80000)
  from space 512K, 37% used [0x00000000d6200000,0x00000000d6230000,0x00000000d6280000)
  to   space 512K, 0% used [0x00000000d6280000,0x00000000d6280000,0x00000000d6300000)
 ParOldGen       total 129024K, used 112861K [0x0000000080000000, 0x0000000087e00000, 0x00000000d5580000)
  object space 129024K, 87% used [0x0000000080000000,0x0000000086e37480,0x0000000087e00000)
 Metaspace       used 98405K, committed 100352K, reserved 1179648K
  class space    used 13721K, committed 14592K, reserved 1048576K
}
Event: 19.008 GC heap after
{Heap after GC invocations=180 (full 4):
 PSYoungGen      total 9728K, used 160K [0x00000000d5580000, 0x00000000d6300000, 0x0000000100000000)
  eden space 9216K, 0% used [0x00000000d5580000,0x00000000d5580000,0x00000000d5e80000)
  from space 512K, 31% used [0x00000000d6280000,0x00000000d62a8000,0x00000000d6300000)
  to   space 512K, 0% used [0x00000000d6200000,0x00000000d6200000,0x00000000d6280000)
 ParOldGen       total 129024K, used 112869K [0x0000000080000000, 0x0000000087e00000, 0x00000000d5580000)
  object space 129024K, 87% used [0x0000000080000000,0x0000000086e39480,0x0000000087e00000)
 Metaspace       used 98405K, committed 100352K, reserved 1179648K
  class space    used 13721K, committed 14592K, reserved 1048576K
}
Event: 19.073 GC heap before
{Heap before GC invocations=181 (full 4):
 PSYoungGen      total 9728K, used 9376K [0x00000000d5580000, 0x00000000d6300000, 0x0000000100000000)
  eden space 9216K, 100% used [0x00000000d5580000,0x00000000d5e80000,0x00000000d5e80000)
  from space 512K, 31% used [0x00000000d6280000,0x00000000d62a8000,0x00000000d6300000)
  to   space 512K, 0% used [0x00000000d6200000,0x00000000d6200000,0x00000000d6280000)
 ParOldGen       total 129024K, used 112869K [0x0000000080000000, 0x0000000087e00000, 0x00000000d5580000)
  object space 129024K, 87% used [0x0000000080000000,0x0000000086e39480,0x0000000087e00000)
 Metaspace       used 98428K, committed 100352K, reserved 1179648K
  class space    used 13726K, committed 14592K, reserved 1048576K
}
Event: 19.073 GC heap after
{Heap after GC invocations=181 (full 4):
 PSYoungGen      total 9728K, used 224K [0x00000000d5580000, 0x00000000d6300000, 0x0000000100000000)
  eden space 9216K, 0% used [0x00000000d5580000,0x00000000d5580000,0x00000000d5e80000)
  from space 512K, 43% used [0x00000000d6200000,0x00000000d6238000,0x00000000d6280000)
  to   space 512K, 0% used [0x00000000d6280000,0x00000000d6280000,0x00000000d6300000)
 ParOldGen       total 129024K, used 112869K [0x0000000080000000, 0x0000000087e00000, 0x00000000d5580000)
  object space 129024K, 87% used [0x0000000080000000,0x0000000086e39480,0x0000000087e00000)
 Metaspace       used 98428K, committed 100352K, reserved 1179648K
  class space    used 13726K, committed 14592K, reserved 1048576K
}
Event: 19.139 GC heap before
{Heap before GC invocations=182 (full 4):
 PSYoungGen      total 9728K, used 9437K [0x00000000d5580000, 0x00000000d6300000, 0x0000000100000000)
  eden space 9216K, 99% used [0x00000000d5580000,0x00000000d5e7f788,0x00000000d5e80000)
  from space 512K, 43% used [0x00000000d6200000,0x00000000d6238000,0x00000000d6280000)
  to   space 512K, 0% used [0x00000000d6280000,0x00000000d6280000,0x00000000d6300000)
 ParOldGen       total 129024K, used 112869K [0x0000000080000000, 0x0000000087e00000, 0x00000000d5580000)
  object space 129024K, 87% used [0x0000000080000000,0x0000000086e39480,0x0000000087e00000)
 Metaspace       used 99032K, committed 100928K, reserved 1179648K
  class space    used 13797K, committed 14656K, reserved 1048576K
}
Event: 19.140 GC heap after
{Heap after GC invocations=182 (full 4):
 PSYoungGen      total 9728K, used 440K [0x00000000d5580000, 0x00000000d6300000, 0x0000000100000000)
  eden space 9216K, 0% used [0x00000000d5580000,0x00000000d5580000,0x00000000d5e80000)
  from space 512K, 86% used [0x00000000d6280000,0x00000000d62ee1a8,0x00000000d6300000)
  to   space 512K, 0% used [0x00000000d6200000,0x00000000d6200000,0x00000000d6280000)
 ParOldGen       total 129024K, used 112925K [0x0000000080000000, 0x0000000087e00000, 0x00000000d5580000)
  object space 129024K, 87% used [0x0000000080000000,0x0000000086e47480,0x0000000087e00000)
 Metaspace       used 99032K, committed 100928K, reserved 1179648K
  class space    used 13797K, committed 14656K, reserved 1048576K
}
Event: 19.162 GC heap before
{Heap before GC invocations=183 (full 4):
 PSYoungGen      total 9728K, used 9656K [0x00000000d5580000, 0x00000000d6300000, 0x0000000100000000)
  eden space 9216K, 100% used [0x00000000d5580000,0x00000000d5e80000,0x00000000d5e80000)
  from space 512K, 86% used [0x00000000d6280000,0x00000000d62ee1a8,0x00000000d6300000)
  to   space 512K, 0% used [0x00000000d6200000,0x00000000d6200000,0x00000000d6280000)
 ParOldGen       total 129024K, used 112925K [0x0000000080000000, 0x0000000087e00000, 0x00000000d5580000)
  object space 129024K, 87% used [0x0000000080000000,0x0000000086e47480,0x0000000087e00000)
 Metaspace       used 99164K, committed 101120K, reserved 1179648K
  class space    used 13811K, committed 14656K, reserved 1048576K
}
Event: 19.165 GC heap after
{Heap after GC invocations=183 (full 4):
 PSYoungGen      total 9728K, used 492K [0x00000000d5580000, 0x00000000d6f80000, 0x0000000100000000)
  eden space 9216K, 0% used [0x00000000d5580000,0x00000000d5580000,0x00000000d5e80000)
  from space 512K, 96% used [0x00000000d6200000,0x00000000d627b090,0x00000000d6280000)
  to   space 8704K, 0% used [0x00000000d6700000,0x00000000d6700000,0x00000000d6f80000)
 ParOldGen       total 129024K, used 119885K [0x0000000080000000, 0x0000000087e00000, 0x00000000d5580000)
  object space 129024K, 92% used [0x0000000080000000,0x0000000087513550,0x0000000087e00000)
 Metaspace       used 99164K, committed 101120K, reserved 1179648K
  class space    used 13811K, committed 14656K, reserved 1048576K
}
Event: 19.423 GC heap before
{Heap before GC invocations=184 (full 4):
 PSYoungGen      total 9728K, used 9708K [0x00000000d5580000, 0x00000000d6f80000, 0x0000000100000000)
  eden space 9216K, 99% used [0x00000000d5580000,0x00000000d5e7fff8,0x00000000d5e80000)
  from space 512K, 96% used [0x00000000d6200000,0x00000000d627b090,0x00000000d6280000)
  to   space 8704K, 0% used [0x00000000d6700000,0x00000000d6700000,0x00000000d6f80000)
 ParOldGen       total 129024K, used 119885K [0x0000000080000000, 0x0000000087e00000, 0x00000000d5580000)
  object space 129024K, 92% used [0x0000000080000000,0x0000000087513550,0x0000000087e00000)
 Metaspace       used 100159K, committed 102080K, reserved 1179648K
  class space    used 13914K, committed 14784K, reserved 1048576K
}
Event: 19.425 GC heap after
{Heap after GC invocations=184 (full 4):
 PSYoungGen      total 10240K, used 928K [0x00000000d5580000, 0x00000000d6800000, 0x0000000100000000)
  eden space 9216K, 0% used [0x00000000d5580000,0x00000000d5580000,0x00000000d5e80000)
  from space 1024K, 90% used [0x00000000d6700000,0x00000000d67e8020,0x00000000d6800000)
  to   space 3584K, 0% used [0x00000000d6100000,0x00000000d6100000,0x00000000d6480000)
 ParOldGen       total 129024K, used 120386K [0x0000000080000000, 0x0000000087e00000, 0x00000000d5580000)
  object space 129024K, 93% used [0x0000000080000000,0x0000000087590b00,0x0000000087e00000)
 Metaspace       used 100159K, committed 102080K, reserved 1179648K
  class space    used 13914K, committed 14784K, reserved 1048576K
}

