# JRE version: Java(TM) SE Runtime Environment (8.0_461) (build 1.8.0_461-b11)
# Java VM: Java HotSpot(TM) 64-Bit Server VM (25.461-b11 mixed mode windows-amd64 compressed oops)
Heap:
 PSYoungGen      total 282112K, used 42760K [0x00000000eab00000, 0x00000000fd880000, 0x0000000100000000)
  eden space 261632K, 9% used [0x00000000eab00000,0x00000000ec285ce8,0x00000000faa80000)
  from space 20480K, 91% used [0x00000000fc480000,0x00000000fd6bc460,0x00000000fd880000)
  to   space 23552K, 0% used [0x00000000faa80000,0x00000000faa80000,0x00000000fc180000)
 ParOldGen       total 139264K, used 37178K [0x00000000c0000000, 0x00000000c8800000, 0x00000000eab00000)
  object space 139264K, 26% used [0x00000000c0000000,0x00000000c244ea90,0x00000000c8800000)
 Metaspace       used 66294K, capacity 71784K, committed 71936K, reserved 446464K
  class space    used 9584K, capacity 10472K, committed 10496K, reserved 385024K
GC Heap History (10 events):
Event: 3.912 GC heap before
{Heap before GC invocations=11 (full 2):
 PSYoungGen      total 228352K, used 213504K [0x00000000eab00000, 0x00000000f9c80000, 0x0000000100000000)
  eden space 213504K, 100% used [0x00000000eab00000,0x00000000f7b80000,0x00000000f7b80000)
  from space 14848K, 0% used [0x00000000f8980000,0x00000000f8980000,0x00000000f9800000)
  to   space 14336K, 0% used [0x00000000f7b80000,0x00000000f7b80000,0x00000000f8980000)
 ParOldGen       total 139264K, used 16998K [0x00000000c0000000, 0x00000000c8800000, 0x00000000eab00000)
  object space 139264K, 12% used [0x00000000c0000000,0x00000000c1099bf8,0x00000000c8800000)
 Metaspace       used 42601K, capacity 45166K, committed 45440K, reserved 423936K
  class space    used 5946K, capacity 6468K, committed 6528K, reserved 385024K
Event: 3.921 GC heap after
Heap after GC invocations=11 (full 2):
 PSYoungGen      total 227840K, used 13141K [0x00000000eab00000, 0x00000000f9c80000, 0x0000000100000000)
  eden space 213504K, 0% used [0x00000000eab00000,0x00000000eab00000,0x00000000f7b80000)
  from space 14336K, 91% used [0x00000000f7b80000,0x00000000f8855638,0x00000000f8980000)
  to   space 14848K, 0% used [0x00000000f8980000,0x00000000f8980000,0x00000000f9800000)
 ParOldGen       total 139264K, used 17006K [0x00000000c0000000, 0x00000000c8800000, 0x00000000eab00000)
  object space 139264K, 12% used [0x00000000c0000000,0x00000000c109bbf8,0x00000000c8800000)
 Metaspace       used 42601K, capacity 45166K, committed 45440K, reserved 423936K
  class space    used 5946K, capacity 6468K, committed 6528K, reserved 385024K
}
Event: 4.633 GC heap before
{Heap before GC invocations=12 (full 2):
 PSYoungGen      total 227840K, used 226645K [0x00000000eab00000, 0x00000000f9c80000, 0x0000000100000000)
  eden space 213504K, 100% used [0x00000000eab00000,0x00000000f7b80000,0x00000000f7b80000)
  from space 14336K, 91% used [0x00000000f7b80000,0x00000000f8855638,0x00000000f8980000)
  to   space 14848K, 0% used [0x00000000f8980000,0x00000000f8980000,0x00000000f9800000)
 ParOldGen       total 139264K, used 17006K [0x00000000c0000000, 0x00000000c8800000, 0x00000000eab00000)
  object space 139264K, 12% used [0x00000000c0000000,0x00000000c109bbf8,0x00000000c8800000)
 Metaspace       used 48682K, capacity 52058K, committed 52096K, reserved 430080K
  class space    used 6927K, capacity 7539K, committed 7552K, reserved 385024K
Event: 4.642 GC heap after
Heap after GC invocations=12 (full 2):
 PSYoungGen      total 228352K, used 14827K [0x00000000eab00000, 0x00000000f9c80000, 0x0000000100000000)
  eden space 213504K, 0% used [0x00000000eab00000,0x00000000eab00000,0x00000000f7b80000)
  from space 14848K, 99% used [0x00000000f8980000,0x00000000f97faff0,0x00000000f9800000)
  to   space 14336K, 0% used [0x00000000f7b80000,0x00000000f7b80000,0x00000000f8980000)
 ParOldGen       total 139264K, used 19311K [0x00000000c0000000, 0x00000000c8800000, 0x00000000eab00000)
  object space 139264K, 13% used [0x00000000c0000000,0x00000000c12dbc98,0x00000000c8800000)
 Metaspace       used 48682K, capacity 52058K, committed 52096K, reserved 430080K
  class space    used 6927K, capacity 7539K, committed 7552K, reserved 385024K
}
Event: 7.488 GC heap before
{Heap before GC invocations=13 (full 2):
 PSYoungGen      total 228352K, used 209825K [0x00000000eab00000, 0x00000000f9c80000, 0x0000000100000000)
  eden space 213504K, 91% used [0x00000000eab00000,0x00000000f696d498,0x00000000f7b80000)
  from space 14848K, 99% used [0x00000000f8980000,0x00000000f97faff0,0x00000000f9800000)
  to   space 14336K, 0% used [0x00000000f7b80000,0x00000000f7b80000,0x00000000f8980000)
 ParOldGen       total 139264K, used 19311K [0x00000000c0000000, 0x00000000c8800000, 0x00000000eab00000)
  object space 139264K, 13% used [0x00000000c0000000,0x00000000c12dbc98,0x00000000c8800000)
 Metaspace       used 54503K, capacity 59004K, committed 59136K, reserved 436224K
  class space    used 7854K, capacity 8632K, committed 8704K, reserved 385024K
Event: 7.500 GC heap after
Heap after GC invocations=13 (full 2):
 PSYoungGen      total 227840K, used 14333K [0x00000000eab00000, 0x00000000fd980000, 0x0000000100000000)
  eden space 213504K, 0% used [0x00000000eab00000,0x00000000eab00000,0x00000000f7b80000)
  from space 14336K, 99% used [0x00000000f7b80000,0x00000000f897f458,0x00000000f8980000)
  to   space 21504K, 0% used [0x00000000fc480000,0x00000000fc480000,0x00000000fd980000)
 ParOldGen       total 139264K, used 27651K [0x00000000c0000000, 0x00000000c8800000, 0x00000000eab00000)
  object space 139264K, 19% used [0x00000000c0000000,0x00000000c1b00ca0,0x00000000c8800000)
 Metaspace       used 54503K, capacity 59004K, committed 59136K, reserved 436224K
  class space    used 7854K, capacity 8632K, committed 8704K, reserved 385024K
}
Event: 7.500 GC heap before
{Heap before GC invocations=14 (full 3):
 PSYoungGen      total 227840K, used 14333K [0x00000000eab00000, 0x00000000fd980000, 0x0000000100000000)
  eden space 213504K, 0% used [0x00000000eab00000,0x00000000eab00000,0x00000000f7b80000)
  from space 14336K, 99% used [0x00000000f7b80000,0x00000000f897f458,0x00000000f8980000)
  to   space 21504K, 0% used [0x00000000fc480000,0x00000000fc480000,0x00000000fd980000)
 ParOldGen       total 139264K, used 27651K [0x00000000c0000000, 0x00000000c8800000, 0x00000000eab00000)
  object space 139264K, 19% used [0x00000000c0000000,0x00000000c1b00ca0,0x00000000c8800000)
 Metaspace       used 54503K, capacity 59004K, committed 59136K, reserved 436224K
  class space    used 7854K, capacity 8632K, committed 8704K, reserved 385024K
Event: 7.630 GC heap after
Heap after GC invocations=14 (full 3):
 PSYoungGen      total 227840K, used 0K [0x00000000eab00000, 0x00000000fd980000, 0x0000000100000000)
  eden space 213504K, 0% used [0x00000000eab00000,0x00000000eab00000,0x00000000f7b80000)
  from space 14336K, 0% used [0x00000000f7b80000,0x00000000f7b80000,0x00000000f8980000)
  to   space 21504K, 0% used [0x00000000fc480000,0x00000000fc480000,0x00000000fd980000)
 ParOldGen       total 139264K, used 37170K [0x00000000c0000000, 0x00000000c8800000, 0x00000000eab00000)
  object space 139264K, 26% used [0x00000000c0000000,0x00000000c244ca90,0x00000000c8800000)
 Metaspace       used 54499K, capacity 58992K, committed 59136K, reserved 436224K
  class space    used 7853K, capacity 8630K, committed 8704K, reserved 385024K
}
Event: 8.844 GC heap before
{Heap before GC invocations=15 (full 3):
 PSYoungGen      total 227840K, used 213504K [0x00000000eab00000, 0x00000000fd980000, 0x0000000100000000)
  eden space 213504K, 100% used [0x00000000eab00000,0x00000000f7b80000,0x00000000f7b80000)
  from space 14336K, 0% used [0x00000000f7b80000,0x00000000f7b80000,0x00000000f8980000)
  to   space 21504K, 0% used [0x00000000fc480000,0x00000000fc480000,0x00000000fd980000)
 ParOldGen       total 139264K, used 37170K [0x00000000c0000000, 0x00000000c8800000, 0x00000000eab00000)
  object space 139264K, 26% used [0x00000000c0000000,0x00000000c244ca90,0x00000000c8800000)
 Metaspace       used 65282K, capacity 70716K, committed 71040K, reserved 446464K
  class space    used 9442K, capacity 10326K, committed 10368K, reserved 385024K
Event: 8.858 GC heap after
Heap after GC invocations=15 (full 3):
 PSYoungGen      total 282112K, used 18673K [0x00000000eab00000, 0x00000000fd880000, 0x0000000100000000)
  eden space 261632K, 0% used [0x00000000eab00000,0x00000000eab00000,0x00000000faa80000)
  from space 20480K, 91% used [0x00000000fc480000,0x00000000fd6bc460,0x00000000fd880000)
  to   space 23552K, 0% used [0x00000000faa80000,0x00000000faa80000,0x00000000fc180000)
 ParOldGen       total 139264K, used 37178K [0x00000000c0000000, 0x00000000c8800000, 0x00000000eab00000)
  object space 139264K, 26% used [0x00000000c0000000,0x00000000c244ea90,0x00000000c8800000)
 Metaspace       used 65282K, capacity 70716K, committed 71040K, reserved 446464K
  class space    used 9442K, capacity 10326K, committed 10368K, reserved 385024K
}

