# JRE version: OpenJDK Runtime Environment Temurin-21.0.10+7 (21.0.10+7) (build 21.0.10+7-LTS)
# Java VM: OpenJDK 64-Bit Server VM Temurin-21.0.10+7 (21.0.10+7-LTS, mixed mode, sharing, tiered, compressed oops, compressed class ptrs, parallel gc, windows-amd64)
GC Precious Log:
 CardTable entry size: 512
 CPUs: 8 total, 8 available
 Memory: 16383M
 Large Page Support: Disabled
 NUMA Support: Disabled
 Compressed Oops: Enabled (32-bit)
 Alignments: Space 512K, Generation 512K, Heap 2M
 Heap Min Capacity: 100M
 Heap Initial Capacity: 100M
 Heap Max Capacity: 2G
 Pre-touch: Disabled
 Parallel Workers: 8
Heap:
 PSYoungGen      total 5120K, used 3829K [0x00000000d5580000, 0x00000000d5d00000, 0x0000000100000000)
  eden space 4608K, 78% used [0x00000000d5580000,0x00000000d590d4a0,0x00000000d5a00000)
  from space 512K, 37% used [0x00000000d5c80000,0x00000000d5cb0000,0x00000000d5d00000)
  to   space 512K, 0% used [0x00000000d5c00000,0x00000000d5c00000,0x00000000d5c80000)
 ParOldGen       total 162816K, used 162502K [0x0000000080000000, 0x0000000089f00000, 0x00000000d5580000)
  object space 162816K, 99% used [0x0000000080000000,0x0000000089eb1b60,0x0000000089f00000)
 Metaspace       used 114244K, committed 116480K, reserved 1179648K
  class space    used 15727K, committed 16768K, reserved 1048576K
GC Heap History (20 events):
Event: 29.952 GC heap before
{Heap before GC invocations=353 (full 4):
 PSYoungGen      total 5120K, used 4863K [0x00000000d5580000, 0x00000000d5e00000, 0x0000000100000000)
  eden space 4608K, 99% used [0x00000000d5580000,0x00000000d59fffd8,0x00000000d5a00000)
  from space 512K, 50% used [0x00000000d5d80000,0x00000000d5dc0000,0x00000000d5e00000)
  to   space 512K, 0% used [0x00000000d5d00000,0x00000000d5d00000,0x00000000d5d80000)
 ParOldGen       total 157184K, used 156759K [0x0000000080000000, 0x0000000089980000, 0x00000000d5580000)
  object space 157184K, 99% used [0x0000000080000000,0x0000000089915ed0,0x0000000089980000)
 Metaspace       used 109424K, committed 111616K, reserved 1179648K
  class space    used 15129K, committed 16128K, reserved 1048576K
}
Event: 29.954 GC heap after
{Heap after GC invocations=353 (full 4):
 PSYoungGen      total 5120K, used 503K [0x00000000d5580000, 0x00000000d6000000, 0x0000000100000000)
  eden space 4608K, 0% used [0x00000000d5580000,0x00000000d5580000,0x00000000d5a00000)
  from space 512K, 98% used [0x00000000d5d00000,0x00000000d5d7dca8,0x00000000d5d80000)
  to   space 2560K, 0% used [0x00000000d5d80000,0x00000000d5d80000,0x00000000d6000000)
 ParOldGen       total 158720K, used 158633K [0x0000000080000000, 0x0000000089b00000, 0x00000000d5580000)
  object space 158720K, 99% used [0x0000000080000000,0x0000000089aea538,0x0000000089b00000)
 Metaspace       used 109424K, committed 111616K, reserved 1179648K
  class space    used 15129K, committed 16128K, reserved 1048576K
}
Event: 29.973 GC heap before
{Heap before GC invocations=354 (full 4):
 PSYoungGen      total 5120K, used 5111K [0x00000000d5580000, 0x00000000d6000000, 0x0000000100000000)
  eden space 4608K, 100% used [0x00000000d5580000,0x00000000d5a00000,0x00000000d5a00000)
  from space 512K, 98% used [0x00000000d5d00000,0x00000000d5d7dca8,0x00000000d5d80000)
  to   space 2560K, 0% used [0x00000000d5d80000,0x00000000d5d80000,0x00000000d6000000)
 ParOldGen       total 158720K, used 158633K [0x0000000080000000, 0x0000000089b00000, 0x00000000d5580000)
  object space 158720K, 99% used [0x0000000080000000,0x0000000089aea538,0x0000000089b00000)
 Metaspace       used 109506K, committed 111744K, reserved 1179648K
  class space    used 15133K, committed 16192K, reserved 1048576K
}
Event: 29.974 GC heap after
{Heap after GC invocations=354 (full 4):
 PSYoungGen      total 5632K, used 992K [0x00000000d5580000, 0x00000000d5e80000, 0x0000000100000000)
  eden space 4608K, 0% used [0x00000000d5580000,0x00000000d5580000,0x00000000d5a00000)
  from space 1024K, 96% used [0x00000000d5d80000,0x00000000d5e78000,0x00000000d5e80000)
  to   space 1536K, 0% used [0x00000000d5b80000,0x00000000d5b80000,0x00000000d5d00000)
 ParOldGen       total 159232K, used 159046K [0x0000000080000000, 0x0000000089b80000, 0x00000000d5580000)
  object space 159232K, 99% used [0x0000000080000000,0x0000000089b51840,0x0000000089b80000)
 Metaspace       used 109506K, committed 111744K, reserved 1179648K
  class space    used 15133K, committed 16192K, reserved 1048576K
}
Event: 30.028 GC heap before
{Heap before GC invocations=355 (full 4):
 PSYoungGen      total 5632K, used 5600K [0x00000000d5580000, 0x00000000d5e80000, 0x0000000100000000)
  eden space 4608K, 100% used [0x00000000d5580000,0x00000000d5a00000,0x00000000d5a00000)
  from space 1024K, 96% used [0x00000000d5d80000,0x00000000d5e78000,0x00000000d5e80000)
  to   space 1536K, 0% used [0x00000000d5b80000,0x00000000d5b80000,0x00000000d5d00000)
 ParOldGen       total 159232K, used 159046K [0x0000000080000000, 0x0000000089b80000, 0x00000000d5580000)
  object space 159232K, 99% used [0x0000000080000000,0x0000000089b51840,0x0000000089b80000)
 Metaspace       used 110500K, committed 112704K, reserved 1179648K
  class space    used 15244K, committed 16320K, reserved 1048576K
}
Event: 30.029 GC heap after
{Heap after GC invocations=355 (full 4):
 PSYoungGen      total 6144K, used 384K [0x00000000d5580000, 0x00000000d5e00000, 0x0000000100000000)
  eden space 4608K, 0% used [0x00000000d5580000,0x00000000d5580000,0x00000000d5a00000)
  from space 1536K, 25% used [0x00000000d5b80000,0x00000000d5be0000,0x00000000d5d00000)
  to   space 1024K, 0% used [0x00000000d5d00000,0x00000000d5d00000,0x00000000d5e00000)
 ParOldGen       total 160256K, used 159990K [0x0000000080000000, 0x0000000089c80000, 0x00000000d5580000)
  object space 160256K, 99% used [0x0000000080000000,0x0000000089c3d840,0x0000000089c80000)
 Metaspace       used 110500K, committed 112704K, reserved 1179648K
  class space    used 15244K, committed 16320K, reserved 1048576K
}
Event: 30.122 GC heap before
{Heap before GC invocations=356 (full 4):
 PSYoungGen      total 6144K, used 4992K [0x00000000d5580000, 0x00000000d5e00000, 0x0000000100000000)
  eden space 4608K, 100% used [0x00000000d5580000,0x00000000d5a00000,0x00000000d5a00000)
  from space 1536K, 25% used [0x00000000d5b80000,0x00000000d5be0000,0x00000000d5d00000)
  to   space 1024K, 0% used [0x00000000d5d00000,0x00000000d5d00000,0x00000000d5e00000)
 ParOldGen       total 160256K, used 159990K [0x0000000080000000, 0x0000000089c80000, 0x00000000d5580000)
  object space 160256K, 99% used [0x0000000080000000,0x0000000089c3d840,0x0000000089c80000)
 Metaspace       used 110936K, committed 113152K, reserved 1179648K
  class space    used 15314K, committed 16384K, reserved 1048576K
}
Event: 30.124 GC heap after
{Heap after GC invocations=356 (full 4):
 PSYoungGen      total 5632K, used 992K [0x00000000d5580000, 0x00000000d5e00000, 0x0000000100000000)
  eden space 4608K, 0% used [0x00000000d5580000,0x00000000d5580000,0x00000000d5a00000)
  from space 1024K, 96% used [0x00000000d5d00000,0x00000000d5df8010,0x00000000d5e00000)
  to   space 1536K, 0% used [0x00000000d5b00000,0x00000000d5b00000,0x00000000d5c80000)
 ParOldGen       total 160768K, used 160286K [0x0000000080000000, 0x0000000089d00000, 0x00000000d5580000)
  object space 160768K, 99% used [0x0000000080000000,0x0000000089c87840,0x0000000089d00000)
 Metaspace       used 110936K, committed 113152K, reserved 1179648K
  class space    used 15314K, committed 16384K, reserved 1048576K
}
Event: 30.235 GC heap before
{Heap before GC invocations=357 (full 4):
 PSYoungGen      total 5632K, used 5600K [0x00000000d5580000, 0x00000000d5e00000, 0x0000000100000000)
  eden space 4608K, 100% used [0x00000000d5580000,0x00000000d5a00000,0x00000000d5a00000)
  from space 1024K, 96% used [0x00000000d5d00000,0x00000000d5df8010,0x00000000d5e00000)
  to   space 1536K, 0% used [0x00000000d5b00000,0x00000000d5b00000,0x00000000d5c80000)
 ParOldGen       total 160768K, used 160286K [0x0000000080000000, 0x0000000089d00000, 0x00000000d5580000)
  object space 160768K, 99% used [0x0000000080000000,0x0000000089c87840,0x0000000089d00000)
 Metaspace       used 111526K, committed 113728K, reserved 1179648K
  class space    used 15401K, committed 16448K, reserved 1048576K
}
Event: 30.237 GC heap after
{Heap after GC invocations=357 (full 4):
 PSYoungGen      total 6144K, used 256K [0x00000000d5580000, 0x00000000d5d80000, 0x0000000100000000)
  eden space 4608K, 0% used [0x00000000d5580000,0x00000000d5580000,0x00000000d5a00000)
  from space 1536K, 16% used [0x00000000d5b00000,0x00000000d5b40000,0x00000000d5c80000)
  to   space 1024K, 0% used [0x00000000d5c80000,0x00000000d5c80000,0x00000000d5d80000)
 ParOldGen       total 161280K, used 161246K [0x0000000080000000, 0x0000000089d80000, 0x00000000d5580000)
  object space 161280K, 99% used [0x0000000080000000,0x0000000089d77850,0x0000000089d80000)
 Metaspace       used 111526K, committed 113728K, reserved 1179648K
  class space    used 15401K, committed 16448K, reserved 1048576K
}
Event: 30.841 GC heap before
{Heap before GC invocations=358 (full 4):
 PSYoungGen      total 6144K, used 4864K [0x00000000d5580000, 0x00000000d5d80000, 0x0000000100000000)
  eden space 4608K, 100% used [0x00000000d5580000,0x00000000d5a00000,0x00000000d5a00000)
  from space 1536K, 16% used [0x00000000d5b00000,0x00000000d5b40000,0x00000000d5c80000)
  to   space 1024K, 0% used [0x00000000d5c80000,0x00000000d5c80000,0x00000000d5d80000)
 ParOldGen       total 161280K, used 161246K [0x0000000080000000, 0x0000000089d80000, 0x00000000d5580000)
  object space 161280K, 99% used [0x0000000080000000,0x0000000089d77850,0x0000000089d80000)
 Metaspace       used 111808K, committed 113984K, reserved 1179648K
  class space    used 15433K, committed 16448K, reserved 1048576K
}
Event: 30.843 GC heap after
{Heap after GC invocations=358 (full 4):
 PSYoungGen      total 5120K, used 416K [0x00000000d5580000, 0x00000000d5d00000, 0x0000000100000000)
  eden space 4608K, 0% used [0x00000000d5580000,0x00000000d5580000,0x00000000d5a00000)
  from space 512K, 81% used [0x00000000d5c80000,0x00000000d5ce8000,0x00000000d5d00000)
  to   space 512K, 0% used [0x00000000d5c00000,0x00000000d5c00000,0x00000000d5c80000)
 ParOldGen       total 161792K, used 161366K [0x0000000080000000, 0x0000000089e00000, 0x00000000d5580000)
  object space 161792K, 99% used [0x0000000080000000,0x0000000089d95850,0x0000000089e00000)
 Metaspace       used 111808K, committed 113984K, reserved 1179648K
  class space    used 15433K, committed 16448K, reserved 1048576K
}
Event: 30.880 GC heap before
{Heap before GC invocations=359 (full 4):
 PSYoungGen      total 5120K, used 5024K [0x00000000d5580000, 0x00000000d5d00000, 0x0000000100000000)
  eden space 4608K, 100% used [0x00000000d5580000,0x00000000d5a00000,0x00000000d5a00000)
  from space 512K, 81% used [0x00000000d5c80000,0x00000000d5ce8000,0x00000000d5d00000)
  to   space 512K, 0% used [0x00000000d5c00000,0x00000000d5c00000,0x00000000d5c80000)
 ParOldGen       total 161792K, used 161366K [0x0000000080000000, 0x0000000089e00000, 0x00000000d5580000)
  object space 161792K, 99% used [0x0000000080000000,0x0000000089d95850,0x0000000089e00000)
 Metaspace       used 112461K, committed 114688K, reserved 1179648K
  class space    used 15538K, committed 16576K, reserved 1048576K
}
Event: 30.882 GC heap after
{Heap after GC invocations=359 (full 4):
 PSYoungGen      total 5120K, used 410K [0x00000000d5580000, 0x00000000d5d00000, 0x0000000100000000)
  eden space 4608K, 0% used [0x00000000d5580000,0x00000000d5580000,0x00000000d5a00000)
  from space 512K, 80% used [0x00000000d5c00000,0x00000000d5c66b38,0x00000000d5c80000)
  to   space 512K, 0% used [0x00000000d5c80000,0x00000000d5c80000,0x00000000d5d00000)
 ParOldGen       total 161792K, used 161666K [0x0000000080000000, 0x0000000089e00000, 0x00000000d5580000)
  object space 161792K, 99% used [0x0000000080000000,0x0000000089de0890,0x0000000089e00000)
 Metaspace       used 112461K, committed 114688K, reserved 1179648K
  class space    used 15538K, committed 16576K, reserved 1048576K
}
Event: 31.031 GC heap before
{Heap before GC invocations=360 (full 4):
 PSYoungGen      total 5120K, used 5018K [0x00000000d5580000, 0x00000000d5d00000, 0x0000000100000000)
  eden space 4608K, 100% used [0x00000000d5580000,0x00000000d5a00000,0x00000000d5a00000)
  from space 512K, 80% used [0x00000000d5c00000,0x00000000d5c66b38,0x00000000d5c80000)
  to   space 512K, 0% used [0x00000000d5c80000,0x00000000d5c80000,0x00000000d5d00000)
 ParOldGen       total 161792K, used 161666K [0x0000000080000000, 0x0000000089e00000, 0x00000000d5580000)
  object space 161792K, 99% used [0x0000000080000000,0x0000000089de0890,0x0000000089e00000)
 Metaspace       used 113332K, committed 115584K, reserved 1179648K
  class space    used 15647K, committed 16704K, reserved 1048576K
}
Event: 31.032 GC heap after
{Heap after GC invocations=360 (full 4):
 PSYoungGen      total 5120K, used 384K [0x00000000d5580000, 0x00000000d5d00000, 0x0000000100000000)
  eden space 4608K, 0% used [0x00000000d5580000,0x00000000d5580000,0x00000000d5a00000)
  from space 512K, 75% used [0x00000000d5c80000,0x00000000d5ce0000,0x00000000d5d00000)
  to   space 512K, 0% used [0x00000000d5c00000,0x00000000d5c00000,0x00000000d5c80000)
 ParOldGen       total 162304K, used 161934K [0x0000000080000000, 0x0000000089e80000, 0x00000000d5580000)
  object space 162304K, 99% used [0x0000000080000000,0x0000000089e23aa0,0x0000000089e80000)
 Metaspace       used 113332K, committed 115584K, reserved 1179648K
  class space    used 15647K, committed 16704K, reserved 1048576K
}
Event: 36.160 GC heap before
{Heap before GC invocations=361 (full 4):
 PSYoungGen      total 5120K, used 4992K [0x00000000d5580000, 0x00000000d5d00000, 0x0000000100000000)
  eden space 4608K, 100% used [0x00000000d5580000,0x00000000d5a00000,0x00000000d5a00000)
  from space 512K, 75% used [0x00000000d5c80000,0x00000000d5ce0000,0x00000000d5d00000)
  to   space 512K, 0% used [0x00000000d5c00000,0x00000000d5c00000,0x00000000d5c80000)
 ParOldGen       total 162304K, used 161934K [0x0000000080000000, 0x0000000089e80000, 0x00000000d5580000)
  object space 162304K, 99% used [0x0000000080000000,0x0000000089e23aa0,0x0000000089e80000)
 Metaspace       used 114054K, committed 116224K, reserved 1179648K
  class space    used 15727K, committed 16768K, reserved 1048576K
}
Event: 36.161 GC heap after
{Heap after GC invocations=361 (full 4):
 PSYoungGen      total 5120K, used 384K [0x00000000d5580000, 0x00000000d5d00000, 0x0000000100000000)
  eden space 4608K, 0% used [0x00000000d5580000,0x00000000d5580000,0x00000000d5a00000)
  from space 512K, 75% used [0x00000000d5c00000,0x00000000d5c60060,0x00000000d5c80000)
  to   space 512K, 0% used [0x00000000d5c80000,0x00000000d5c80000,0x00000000d5d00000)
 ParOldGen       total 162304K, used 162182K [0x0000000080000000, 0x0000000089e80000, 0x00000000d5580000)
  object space 162304K, 99% used [0x0000000080000000,0x0000000089e61aa0,0x0000000089e80000)
 Metaspace       used 114054K, committed 116224K, reserved 1179648K
  class space    used 15727K, committed 16768K, reserved 1048576K
}
Event: 40.726 GC heap before
{Heap before GC invocations=362 (full 4):
 PSYoungGen      total 5120K, used 4992K [0x00000000d5580000, 0x00000000d5d00000, 0x0000000100000000)
  eden space 4608K, 100% used [0x00000000d5580000,0x00000000d5a00000,0x00000000d5a00000)
  from space 512K, 75% used [0x00000000d5c00000,0x00000000d5c60060,0x00000000d5c80000)
  to   space 512K, 0% used [0x00000000d5c80000,0x00000000d5c80000,0x00000000d5d00000)
 ParOldGen       total 162304K, used 162182K [0x0000000080000000, 0x0000000089e80000, 0x00000000d5580000)
  object space 162304K, 99% used [0x0000000080000000,0x0000000089e61aa0,0x0000000089e80000)
 Metaspace       used 114244K, committed 116480K, reserved 1179648K
  class space    used 15727K, committed 16768K, reserved 1048576K
}
Event: 40.727 GC heap after
{Heap after GC invocations=362 (full 4):
 PSYoungGen      total 5120K, used 192K [0x00000000d5580000, 0x00000000d5d00000, 0x0000000100000000)
  eden space 4608K, 0% used [0x00000000d5580000,0x00000000d5580000,0x00000000d5a00000)
  from space 512K, 37% used [0x00000000d5c80000,0x00000000d5cb0000,0x00000000d5d00000)
  to   space 512K, 0% used [0x00000000d5c00000,0x00000000d5c00000,0x00000000d5c80000)
 ParOldGen       total 162816K, used 162502K [0x0000000080000000, 0x0000000089f00000, 0x00000000d5580000)
  object space 162816K, 99% used [0x0000000080000000,0x0000000089eb1b60,0x0000000089f00000)
 Metaspace       used 114244K, committed 116480K, reserved 1179648K
  class space    used 15727K, committed 16768K, reserved 1048576K
}

