# JRE version: OpenJDK Runtime Environment Temurin-21.0.10+7 (21.0.10+7) (build 21.0.10+7-LTS)
# Java VM: OpenJDK 64-Bit Server VM Temurin-21.0.10+7 (21.0.10+7-LTS, mixed mode, sharing, tiered, compressed oops, compressed class ptrs, g1 gc, windows-amd64)
GC Precious Log:
 CardTable entry size: 512
 Card Set container configuration: InlinePtr #cards 5 size 8 Array Of Cards #cards 12 size 40 Howl #buckets 4 coarsen threshold 1843 Howl Bitmap #cards 512 size 80 coarsen threshold 460 Card regions per heap region 1 cards per card region 2048
 CPUs: 8 total, 8 available
 Memory: 16383M
 Large Page Support: Disabled
 NUMA Support: Disabled
 Compressed Oops: Enabled (32-bit)
 Heap Region Size: 1M
 Heap Min Capacity: 8M
 Heap Initial Capacity: 256M
 Heap Max Capacity: 1536M
 Pre-touch: Disabled
 Parallel Workers: 8
 Concurrent Workers: 2
 Concurrent Refinement Workers: 8
 Periodic GC: Disabled
Heap:
 garbage-first heap   total 91136K, used 47011K [0x00000000a0000000, 0x0000000100000000)
  region size 1024K, 12 young (12288K), 3 survivors (3072K)
 Metaspace       used 36962K, committed 38144K, reserved 1114112K
  class space    used 5317K, committed 5888K, reserved 1048576K
GC Heap History (20 events):
Event: 0.585 GC heap before
{Heap before GC invocations=1 (full 0):
 garbage-first heap   total 262144K, used 38855K [0x00000000a0000000, 0x0000000100000000)
  region size 1024K, 32 young (32768K), 3 survivors (3072K)
 Metaspace       used 4050K, committed 4288K, reserved 1114112K
  class space    used 505K, committed 640K, reserved 1048576K
}
Event: 0.587 GC heap after
{Heap after GC invocations=2 (full 0):
 garbage-first heap   total 262144K, used 14073K [0x00000000a0000000, 0x0000000100000000)
  region size 1024K, 4 young (4096K), 4 survivors (4096K)
 Metaspace       used 4050K, committed 4288K, reserved 1114112K
  class space    used 505K, committed 640K, reserved 1048576K
}
Event: 2.001 GC heap before
{Heap before GC invocations=2 (full 0):
 garbage-first heap   total 262144K, used 102137K [0x00000000a0000000, 0x0000000100000000)
  region size 1024K, 91 young (93184K), 4 survivors (4096K)
 Metaspace       used 20782K, committed 21504K, reserved 1114112K
  class space    used 3109K, committed 3456K, reserved 1048576K
}
Event: 2.009 GC heap after
{Heap after GC invocations=3 (full 0):
 garbage-first heap   total 262144K, used 22208K [0x00000000a0000000, 0x0000000100000000)
  region size 1024K, 12 young (12288K), 12 survivors (12288K)
 Metaspace       used 20782K, committed 21504K, reserved 1114112K
  class space    used 3109K, committed 3456K, reserved 1048576K
}
Event: 2.451 GC heap before
{Heap before GC invocations=4 (full 0):
 garbage-first heap   total 75776K, used 53952K [0x00000000a0000000, 0x0000000100000000)
  region size 1024K, 44 young (45056K), 12 survivors (12288K)
 Metaspace       used 25754K, committed 26880K, reserved 1114112K
  class space    used 3914K, committed 4480K, reserved 1048576K
}
Event: 2.457 GC heap after
{Heap after GC invocations=5 (full 0):
 garbage-first heap   total 75776K, used 24380K [0x00000000a0000000, 0x0000000100000000)
  region size 1024K, 3 young (3072K), 3 survivors (3072K)
 Metaspace       used 25754K, committed 26880K, reserved 1114112K
  class space    used 3914K, committed 4480K, reserved 1048576K
}
Event: 2.922 GC heap before
{Heap before GC invocations=5 (full 0):
 garbage-first heap   total 75776K, used 60220K [0x00000000a0000000, 0x0000000100000000)
  region size 1024K, 38 young (38912K), 3 survivors (3072K)
 Metaspace       used 29666K, committed 30720K, reserved 1114112K
  class space    used 4453K, committed 4928K, reserved 1048576K
}
Event: 2.925 GC heap after
{Heap after GC invocations=6 (full 0):
 garbage-first heap   total 75776K, used 27298K [0x00000000a0000000, 0x0000000100000000)
  region size 1024K, 5 young (5120K), 5 survivors (5120K)
 Metaspace       used 29666K, committed 30720K, reserved 1114112K
  class space    used 4453K, committed 4928K, reserved 1048576K
}
Event: 3.167 GC heap before
{Heap before GC invocations=6 (full 0):
 garbage-first heap   total 75776K, used 61090K [0x00000000a0000000, 0x0000000100000000)
  region size 1024K, 39 young (39936K), 5 survivors (5120K)
 Metaspace       used 30517K, committed 31552K, reserved 1114112K
  class space    used 4582K, committed 5056K, reserved 1048576K
}
Event: 3.173 GC heap after
{Heap after GC invocations=7 (full 0):
 garbage-first heap   total 75776K, used 29696K [0x00000000a0000000, 0x0000000100000000)
  region size 1024K, 3 young (3072K), 3 survivors (3072K)
 Metaspace       used 30517K, committed 31552K, reserved 1114112K
  class space    used 4582K, committed 5056K, reserved 1048576K
}
Event: 3.315 GC heap before
{Heap before GC invocations=7 (full 0):
 garbage-first heap   total 75776K, used 64512K [0x00000000a0000000, 0x0000000100000000)
  region size 1024K, 37 young (37888K), 3 survivors (3072K)
 Metaspace       used 30526K, committed 31552K, reserved 1114112K
  class space    used 4582K, committed 5056K, reserved 1048576K
}
Event: 3.319 GC heap after
{Heap after GC invocations=8 (full 0):
 garbage-first heap   total 75776K, used 32458K [0x00000000a0000000, 0x0000000100000000)
  region size 1024K, 4 young (4096K), 4 survivors (4096K)
 Metaspace       used 30526K, committed 31552K, reserved 1114112K
  class space    used 4582K, committed 5056K, reserved 1048576K
}
Event: 3.398 GC heap before
{Heap before GC invocations=8 (full 0):
 garbage-first heap   total 75776K, used 64202K [0x00000000a0000000, 0x0000000100000000)
  region size 1024K, 35 young (35840K), 4 survivors (4096K)
 Metaspace       used 30674K, committed 31744K, reserved 1114112K
  class space    used 4599K, committed 5120K, reserved 1048576K
}
Event: 3.401 GC heap after
{Heap after GC invocations=9 (full 0):
 garbage-first heap   total 91136K, used 33538K [0x00000000a0000000, 0x0000000100000000)
  region size 1024K, 3 young (3072K), 3 survivors (3072K)
 Metaspace       used 30674K, committed 31744K, reserved 1114112K
  class space    used 4599K, committed 5120K, reserved 1048576K
}
Event: 3.543 GC heap before
{Heap before GC invocations=9 (full 0):
 garbage-first heap   total 91136K, used 78594K [0x00000000a0000000, 0x0000000100000000)
  region size 1024K, 47 young (48128K), 3 survivors (3072K)
 Metaspace       used 30766K, committed 31808K, reserved 1114112K
  class space    used 4615K, committed 5184K, reserved 1048576K
}
Event: 3.546 GC heap after
{Heap after GC invocations=10 (full 0):
 garbage-first heap   total 91136K, used 35895K [0x00000000a0000000, 0x0000000100000000)
  region size 1024K, 5 young (5120K), 5 survivors (5120K)
 Metaspace       used 30766K, committed 31808K, reserved 1114112K
  class space    used 4615K, committed 5184K, reserved 1048576K
}
Event: 78.427 GC heap before
{Heap before GC invocations=10 (full 0):
 garbage-first heap   total 91136K, used 79927K [0x00000000a0000000, 0x0000000100000000)
  region size 1024K, 48 young (49152K), 5 survivors (5120K)
 Metaspace       used 33457K, committed 34496K, reserved 1114112K
  class space    used 4876K, committed 5376K, reserved 1048576K
}
Event: 78.430 GC heap after
{Heap after GC invocations=11 (full 0):
 garbage-first heap   total 91136K, used 37434K [0x00000000a0000000, 0x0000000100000000)
  region size 1024K, 4 young (4096K), 4 survivors (4096K)
 Metaspace       used 33457K, committed 34496K, reserved 1114112K
  class space    used 4876K, committed 5376K, reserved 1048576K
}
Event: 78.533 GC heap before
{Heap before GC invocations=11 (full 0):
 garbage-first heap   total 91136K, used 42554K [0x00000000a0000000, 0x0000000100000000)
  region size 1024K, 11 young (11264K), 4 survivors (4096K)
 Metaspace       used 34809K, committed 35968K, reserved 1114112K
  class space    used 5037K, committed 5632K, reserved 1048576K
}
Event: 78.535 GC heap after
{Heap after GC invocations=12 (full 0):
 garbage-first heap   total 91136K, used 38819K [0x00000000a0000000, 0x0000000100000000)
  region size 1024K, 3 young (3072K), 3 survivors (3072K)
 Metaspace       used 34809K, committed 35968K, reserved 1114112K
  class space    used 5037K, committed 5632K, reserved 1048576K
}

