# JRE version: Java(TM) SE Runtime Environment (8.0_461) (build 1.8.0_461-b11)
# Java VM: Java HotSpot(TM) 64-Bit Server VM (25.461-b11 mixed mode windows-amd64 compressed oops)
Heap:
 PSYoungGen      total 318976K, used 72193K [0x00000000eab00000, 0x0000000100000000, 0x0000000100000000)
  eden space 301056K, 18% used [0x00000000eab00000,0x00000000ee007228,0x00000000fd100000)
  from space 17920K, 99% used [0x00000000fd100000,0x00000000fe2791f0,0x00000000fe280000)
  to   space 22016K, 0% used [0x00000000fea80000,0x00000000fea80000,0x0000000100000000)
 ParOldGen       total 180224K, used 27061K [0x00000000c0000000, 0x00000000cb000000, 0x00000000eab00000)
  object space 180224K, 15% used [0x00000000c0000000,0x00000000c1a6d440,0x00000000cb000000)
 Metaspace       used 53734K, capacity 58070K, committed 58112K, reserved 436224K
  class space    used 7719K, capacity 8437K, committed 8448K, reserved 385024K
GC Heap History (10 events):
Event: 2.290 GC heap before
{Heap before GC invocations=7 (full 1):
 PSYoungGen      total 141824K, used 131072K [0x00000000eab00000, 0x00000000fc700000, 0x0000000100000000)
  eden space 131072K, 100% used [0x00000000eab00000,0x00000000f2b00000,0x00000000f2b00000)
  from space 10752K, 0% used [0x00000000f2b00000,0x00000000f2b00000,0x00000000f3580000)
  to   space 14336K, 0% used [0x00000000fb900000,0x00000000fb900000,0x00000000fc700000)
 ParOldGen       total 109568K, used 12186K [0x00000000c0000000, 0x00000000c6b00000, 0x00000000eab00000)
  object space 109568K, 11% used [0x00000000c0000000,0x00000000c0be6b30,0x00000000c6b00000)
 Metaspace       used 25156K, capacity 26366K, committed 26496K, reserved 407552K
  class space    used 3610K, capacity 3877K, committed 3968K, reserved 385024K
Event: 2.294 GC heap after
Heap after GC invocations=7 (full 1):
 PSYoungGen      total 207872K, used 7900K [0x00000000eab00000, 0x00000000fc100000, 0x0000000100000000)
  eden space 199680K, 0% used [0x00000000eab00000,0x00000000eab00000,0x00000000f6e00000)
  from space 8192K, 96% used [0x00000000fb900000,0x00000000fc0b7050,0x00000000fc100000)
  to   space 13312K, 0% used [0x00000000fa700000,0x00000000fa700000,0x00000000fb400000)
 ParOldGen       total 109568K, used 12194K [0x00000000c0000000, 0x00000000c6b00000, 0x00000000eab00000)
  object space 109568K, 11% used [0x00000000c0000000,0x00000000c0be8b30,0x00000000c6b00000)
 Metaspace       used 25156K, capacity 26366K, committed 26496K, reserved 407552K
  class space    used 3610K, capacity 3877K, committed 3968K, reserved 385024K
}
Event: 2.982 GC heap before
{Heap before GC invocations=8 (full 1):
 PSYoungGen      total 207872K, used 172425K [0x00000000eab00000, 0x00000000fc100000, 0x0000000100000000)
  eden space 199680K, 82% used [0x00000000eab00000,0x00000000f4bab598,0x00000000f6e00000)
  from space 8192K, 96% used [0x00000000fb900000,0x00000000fc0b7050,0x00000000fc100000)
  to   space 13312K, 0% used [0x00000000fa700000,0x00000000fa700000,0x00000000fb400000)
 ParOldGen       total 109568K, used 12194K [0x00000000c0000000, 0x00000000c6b00000, 0x00000000eab00000)
  object space 109568K, 11% used [0x00000000c0000000,0x00000000c0be8b30,0x00000000c6b00000)
 Metaspace       used 33388K, capacity 35442K, committed 35496K, reserved 415744K
  class space    used 4908K, capacity 5344K, committed 5376K, reserved 385024K
Event: 2.992 GC heap after
Heap after GC invocations=8 (full 1):
 PSYoungGen      total 271360K, used 13297K [0x00000000eab00000, 0x00000000ff200000, 0x0000000100000000)
  eden space 258048K, 0% used [0x00000000eab00000,0x00000000eab00000,0x00000000fa700000)
  from space 13312K, 99% used [0x00000000fa700000,0x00000000fb3fc638,0x00000000fb400000)
  to   space 15872K, 0% used [0x00000000fe280000,0x00000000fe280000,0x00000000ff200000)
 ParOldGen       total 109568K, used 13252K [0x00000000c0000000, 0x00000000c6b00000, 0x00000000eab00000)
  object space 109568K, 12% used [0x00000000c0000000,0x00000000c0cf1058,0x00000000c6b00000)
 Metaspace       used 33388K, capacity 35442K, committed 35496K, reserved 415744K
  class space    used 4908K, capacity 5344K, committed 5376K, reserved 385024K
}
Event: 2.992 GC heap before
{Heap before GC invocations=9 (full 2):
 PSYoungGen      total 271360K, used 13297K [0x00000000eab00000, 0x00000000ff200000, 0x0000000100000000)
  eden space 258048K, 0% used [0x00000000eab00000,0x00000000eab00000,0x00000000fa700000)
  from space 13312K, 99% used [0x00000000fa700000,0x00000000fb3fc638,0x00000000fb400000)
  to   space 15872K, 0% used [0x00000000fe280000,0x00000000fe280000,0x00000000ff200000)
 ParOldGen       total 109568K, used 13252K [0x00000000c0000000, 0x00000000c6b00000, 0x00000000eab00000)
  object space 109568K, 12% used [0x00000000c0000000,0x00000000c0cf1058,0x00000000c6b00000)
 Metaspace       used 33388K, capacity 35442K, committed 35496K, reserved 415744K
  class space    used 4908K, capacity 5344K, committed 5376K, reserved 385024K
Event: 3.034 GC heap after
Heap after GC invocations=9 (full 2):
 PSYoungGen      total 271360K, used 0K [0x00000000eab00000, 0x00000000ff200000, 0x0000000100000000)
  eden space 258048K, 0% used [0x00000000eab00000,0x00000000eab00000,0x00000000fa700000)
  from space 13312K, 0% used [0x00000000fa700000,0x00000000fa700000,0x00000000fb400000)
  to   space 15872K, 0% used [0x00000000fe280000,0x00000000fe280000,0x00000000ff200000)
 ParOldGen       total 180224K, used 21932K [0x00000000c0000000, 0x00000000cb000000, 0x00000000eab00000)
  object space 180224K, 12% used [0x00000000c0000000,0x00000000c156b008,0x00000000cb000000)
 Metaspace       used 33380K, capacity 35418K, committed 35496K, reserved 415744K
  class space    used 4906K, capacity 5340K, committed 5376K, reserved 385024K
}
Event: 4.065 GC heap before
{Heap before GC invocations=10 (full 2):
 PSYoungGen      total 271360K, used 258048K [0x00000000eab00000, 0x00000000ff200000, 0x0000000100000000)
  eden space 258048K, 100% used [0x00000000eab00000,0x00000000fa700000,0x00000000fa700000)
  from space 13312K, 0% used [0x00000000fa700000,0x00000000fa700000,0x00000000fb400000)
  to   space 15872K, 0% used [0x00000000fe280000,0x00000000fe280000,0x00000000ff200000)
 ParOldGen       total 180224K, used 21932K [0x00000000c0000000, 0x00000000cb000000, 0x00000000eab00000)
  object space 180224K, 12% used [0x00000000c0000000,0x00000000c156b008,0x00000000cb000000)
 Metaspace       used 44402K, capacity 47274K, committed 47488K, reserved 425984K
  class space    used 6241K, capacity 6782K, committed 6784K, reserved 385024K
Event: 4.074 GC heap after
Heap after GC invocations=10 (full 2):
 PSYoungGen      total 316928K, used 15313K [0x00000000eab00000, 0x0000000100000000, 0x0000000100000000)
  eden space 301056K, 0% used [0x00000000eab00000,0x00000000eab00000,0x00000000fd100000)
  from space 15872K, 96% used [0x00000000fe280000,0x00000000ff1744f0,0x00000000ff200000)
  to   space 17920K, 0% used [0x00000000fd100000,0x00000000fd100000,0x00000000fe280000)
 ParOldGen       total 180224K, used 21940K [0x00000000c0000000, 0x00000000cb000000, 0x00000000eab00000)
  object space 180224K, 12% used [0x00000000c0000000,0x00000000c156d008,0x00000000cb000000)
 Metaspace       used 44402K, capacity 47274K, committed 47488K, reserved 425984K
  class space    used 6241K, capacity 6782K, committed 6784K, reserved 385024K
}
Event: 5.103 GC heap before
{Heap before GC invocations=11 (full 2):
 PSYoungGen      total 316928K, used 316369K [0x00000000eab00000, 0x0000000100000000, 0x0000000100000000)
  eden space 301056K, 100% used [0x00000000eab00000,0x00000000fd100000,0x00000000fd100000)
  from space 15872K, 96% used [0x00000000fe280000,0x00000000ff1744f0,0x00000000ff200000)
  to   space 17920K, 0% used [0x00000000fd100000,0x00000000fd100000,0x00000000fe280000)
 ParOldGen       total 180224K, used 21940K [0x00000000c0000000, 0x00000000cb000000, 0x00000000eab00000)
  object space 180224K, 12% used [0x00000000c0000000,0x00000000c156d008,0x00000000cb000000)
 Metaspace       used 52750K, capacity 56884K, committed 56960K, reserved 434176K
  class space    used 7592K, capacity 8302K, committed 8320K, reserved 385024K
Event: 5.119 GC heap after
Heap after GC invocations=11 (full 2):
 PSYoungGen      total 318976K, used 17892K [0x00000000eab00000, 0x0000000100000000, 0x0000000100000000)
  eden space 301056K, 0% used [0x00000000eab00000,0x00000000eab00000,0x00000000fd100000)
  from space 17920K, 99% used [0x00000000fd100000,0x00000000fe2791f0,0x00000000fe280000)
  to   space 22016K, 0% used [0x00000000fea80000,0x00000000fea80000,0x0000000100000000)
 ParOldGen       total 180224K, used 27061K [0x00000000c0000000, 0x00000000cb000000, 0x00000000eab00000)
  object space 180224K, 15% used [0x00000000c0000000,0x00000000c1a6d440,0x00000000cb000000)
 Metaspace       used 52750K, capacity 56884K, committed 56960K, reserved 434176K
  class space    used 7592K, capacity 8302K, committed 8320K, reserved 385024K
}

