# JRE version: OpenJDK Runtime Environment Temurin-21.0.10+7 (21.0.10+7) (build 21.0.10+7-LTS)
# Java VM: OpenJDK 64-Bit Server VM Temurin-21.0.10+7 (21.0.10+7-LTS, mixed mode, sharing, tiered, compressed oops, compressed class ptrs, parallel gc, windows-amd64)
GC Precious Log:
 CardTable entry size: 512
 CPUs: 8 total, 8 available
 Memory: 16383M
 Large Page Support: Disabled
 NUMA Support: Disabled
 Compressed Oops: Enabled (32-bit)
 Alignments: Space 512K, Generation 512K, Heap 2M
 Heap Min Capacity: 100M
 Heap Initial Capacity: 100M
 Heap Max Capacity: 2G
 Pre-touch: Disabled
 Parallel Workers: 8
Heap:
 PSYoungGen      total 20480K, used 19371K [0x00000000d5580000, 0x00000000d7380000, 0x0000000100000000)
  eden space 19456K, 94% used [0x00000000d5580000,0x00000000d676cc38,0x00000000d6880000)
  from space 1024K, 99% used [0x00000000d6900000,0x00000000d69fe0f0,0x00000000d6a00000)
  to   space 5632K, 0% used [0x00000000d6e00000,0x00000000d6e00000,0x00000000d7380000)
 ParOldGen       total 68608K, used 50836K [0x0000000080000000, 0x0000000084300000, 0x00000000d5580000)
  object space 68608K, 74% used [0x0000000080000000,0x00000000831a5200,0x0000000084300000)
 Metaspace       used 57582K, committed 58944K, reserved 1114112K
  class space    used 7011K, committed 7616K, reserved 1048576K
GC Heap History (20 events):
Event: 6.581 GC heap before
{Heap before GC invocations=22 (full 2):
 PSYoungGen      total 22016K, used 20192K [0x00000000d5580000, 0x00000000d6e00000, 0x0000000100000000)
  eden space 19456K, 100% used [0x00000000d5580000,0x00000000d6880000,0x00000000d6880000)
  from space 2560K, 28% used [0x00000000d6980000,0x00000000d6a38000,0x00000000d6c00000)
  to   space 1024K, 0% used [0x00000000d6d00000,0x00000000d6d00000,0x00000000d6e00000)
 ParOldGen       total 68608K, used 30845K [0x0000000080000000, 0x0000000084300000, 0x00000000d5580000)
  object space 68608K, 44% used [0x0000000080000000,0x0000000081e1f740,0x0000000084300000)
 Metaspace       used 44002K, committed 45184K, reserved 1114112K
  class space    used 4940K, committed 5440K, reserved 1048576K
}
Event: 6.582 GC heap after
{Heap after GC invocations=22 (full 2):
 PSYoungGen      total 20480K, used 672K [0x00000000d5580000, 0x00000000d6e00000, 0x0000000100000000)
  eden space 19456K, 0% used [0x00000000d5580000,0x00000000d5580000,0x00000000d6880000)
  from space 1024K, 65% used [0x00000000d6d00000,0x00000000d6da8000,0x00000000d6e00000)
  to   space 1024K, 0% used [0x00000000d6c00000,0x00000000d6c00000,0x00000000d6d00000)
 ParOldGen       total 68608K, used 31458K [0x0000000080000000, 0x0000000084300000, 0x00000000d5580000)
  object space 68608K, 45% used [0x0000000080000000,0x0000000081eb8aa8,0x0000000084300000)
 Metaspace       used 44002K, committed 45184K, reserved 1114112K
  class space    used 4940K, committed 5440K, reserved 1048576K
}
Event: 6.647 GC heap before
{Heap before GC invocations=23 (full 2):
 PSYoungGen      total 20480K, used 20128K [0x00000000d5580000, 0x00000000d6e00000, 0x0000000100000000)
  eden space 19456K, 100% used [0x00000000d5580000,0x00000000d6880000,0x00000000d6880000)
  from space 1024K, 65% used [0x00000000d6d00000,0x00000000d6da8000,0x00000000d6e00000)
  to   space 1024K, 0% used [0x00000000d6c00000,0x00000000d6c00000,0x00000000d6d00000)
 ParOldGen       total 68608K, used 31458K [0x0000000080000000, 0x0000000084300000, 0x00000000d5580000)
  object space 68608K, 45% used [0x0000000080000000,0x0000000081eb8aa8,0x0000000084300000)
 Metaspace       used 44621K, committed 45824K, reserved 1114112K
  class space    used 5021K, committed 5504K, reserved 1048576K
}
Event: 6.648 GC heap after
{Heap after GC invocations=23 (full 2):
 PSYoungGen      total 20480K, used 1018K [0x00000000d5580000, 0x00000000d7280000, 0x0000000100000000)
  eden space 19456K, 0% used [0x00000000d5580000,0x00000000d5580000,0x00000000d6880000)
  from space 1024K, 99% used [0x00000000d6c00000,0x00000000d6cfe990,0x00000000d6d00000)
  to   space 5120K, 0% used [0x00000000d6d80000,0x00000000d6d80000,0x00000000d7280000)
 ParOldGen       total 68608K, used 34899K [0x0000000080000000, 0x0000000084300000, 0x00000000d5580000)
  object space 68608K, 50% used [0x0000000080000000,0x0000000082214fc8,0x0000000084300000)
 Metaspace       used 44621K, committed 45824K, reserved 1114112K
  class space    used 5021K, committed 5504K, reserved 1048576K
}
Event: 6.767 GC heap before
{Heap before GC invocations=24 (full 2):
 PSYoungGen      total 20480K, used 20474K [0x00000000d5580000, 0x00000000d7280000, 0x0000000100000000)
  eden space 19456K, 100% used [0x00000000d5580000,0x00000000d6880000,0x00000000d6880000)
  from space 1024K, 99% used [0x00000000d6c00000,0x00000000d6cfe990,0x00000000d6d00000)
  to   space 5120K, 0% used [0x00000000d6d80000,0x00000000d6d80000,0x00000000d7280000)
 ParOldGen       total 68608K, used 34899K [0x0000000080000000, 0x0000000084300000, 0x00000000d5580000)
  object space 68608K, 50% used [0x0000000080000000,0x0000000082214fc8,0x0000000084300000)
 Metaspace       used 46297K, committed 47552K, reserved 1114112K
  class space    used 5304K, committed 5888K, reserved 1048576K
}
Event: 6.768 GC heap after
{Heap after GC invocations=24 (full 2):
 PSYoungGen      total 20992K, used 1088K [0x00000000d5580000, 0x00000000d6f00000, 0x0000000100000000)
  eden space 19456K, 0% used [0x00000000d5580000,0x00000000d5580000,0x00000000d6880000)
  from space 1536K, 70% used [0x00000000d6d80000,0x00000000d6e90020,0x00000000d6f00000)
  to   space 2560K, 0% used [0x00000000d6a00000,0x00000000d6a00000,0x00000000d6c80000)
 ParOldGen       total 68608K, used 35898K [0x0000000080000000, 0x0000000084300000, 0x00000000d5580000)
  object space 68608K, 52% used [0x0000000080000000,0x000000008230e8a8,0x0000000084300000)
 Metaspace       used 46297K, committed 47552K, reserved 1114112K
  class space    used 5304K, committed 5888K, reserved 1048576K
}
Event: 6.937 GC heap before
{Heap before GC invocations=25 (full 2):
 PSYoungGen      total 20992K, used 20544K [0x00000000d5580000, 0x00000000d6f00000, 0x0000000100000000)
  eden space 19456K, 100% used [0x00000000d5580000,0x00000000d6880000,0x00000000d6880000)
  from space 1536K, 70% used [0x00000000d6d80000,0x00000000d6e90020,0x00000000d6f00000)
  to   space 2560K, 0% used [0x00000000d6a00000,0x00000000d6a00000,0x00000000d6c80000)
 ParOldGen       total 68608K, used 35898K [0x0000000080000000, 0x0000000084300000, 0x00000000d5580000)
  object space 68608K, 52% used [0x0000000080000000,0x000000008230e8a8,0x0000000084300000)
 Metaspace       used 48498K, committed 49792K, reserved 1114112K
  class space    used 5660K, committed 6208K, reserved 1048576K
}
Event: 6.940 GC heap after
{Heap after GC invocations=25 (full 2):
 PSYoungGen      total 22016K, used 1056K [0x00000000d5580000, 0x00000000d6e00000, 0x0000000100000000)
  eden space 19456K, 0% used [0x00000000d5580000,0x00000000d5580000,0x00000000d6880000)
  from space 2560K, 41% used [0x00000000d6a00000,0x00000000d6b08000,0x00000000d6c80000)
  to   space 1536K, 0% used [0x00000000d6c80000,0x00000000d6c80000,0x00000000d6e00000)
 ParOldGen       total 68608K, used 36862K [0x0000000080000000, 0x0000000084300000, 0x00000000d5580000)
  object space 68608K, 53% used [0x0000000080000000,0x00000000823ff8e8,0x0000000084300000)
 Metaspace       used 48498K, committed 49792K, reserved 1114112K
  class space    used 5660K, committed 6208K, reserved 1048576K
}
Event: 7.047 GC heap before
{Heap before GC invocations=26 (full 2):
 PSYoungGen      total 22016K, used 20512K [0x00000000d5580000, 0x00000000d6e00000, 0x0000000100000000)
  eden space 19456K, 100% used [0x00000000d5580000,0x00000000d6880000,0x00000000d6880000)
  from space 2560K, 41% used [0x00000000d6a00000,0x00000000d6b08000,0x00000000d6c80000)
  to   space 1536K, 0% used [0x00000000d6c80000,0x00000000d6c80000,0x00000000d6e00000)
 ParOldGen       total 68608K, used 36862K [0x0000000080000000, 0x0000000084300000, 0x00000000d5580000)
  object space 68608K, 53% used [0x0000000080000000,0x00000000823ff8e8,0x0000000084300000)
 Metaspace       used 50352K, committed 51648K, reserved 1114112K
  class space    used 5953K, committed 6528K, reserved 1048576K
}
Event: 7.050 GC heap after
{Heap after GC invocations=26 (full 2):
 PSYoungGen      total 20992K, used 1535K [0x00000000d5580000, 0x00000000d6f80000, 0x0000000100000000)
  eden space 19456K, 0% used [0x00000000d5580000,0x00000000d5580000,0x00000000d6880000)
  from space 1536K, 99% used [0x00000000d6c80000,0x00000000d6dffd10,0x00000000d6e00000)
  to   space 3584K, 0% used [0x00000000d6880000,0x00000000d6880000,0x00000000d6c00000)
 ParOldGen       total 68608K, used 38429K [0x0000000080000000, 0x0000000084300000, 0x00000000d5580000)
  object space 68608K, 56% used [0x0000000080000000,0x0000000082587620,0x0000000084300000)
 Metaspace       used 50352K, committed 51648K, reserved 1114112K
  class space    used 5953K, committed 6528K, reserved 1048576K
}
Event: 7.140 GC heap before
{Heap before GC invocations=27 (full 2):
 PSYoungGen      total 20992K, used 20991K [0x00000000d5580000, 0x00000000d6f80000, 0x0000000100000000)
  eden space 19456K, 100% used [0x00000000d5580000,0x00000000d6880000,0x00000000d6880000)
  from space 1536K, 99% used [0x00000000d6c80000,0x00000000d6dffd10,0x00000000d6e00000)
  to   space 3584K, 0% used [0x00000000d6880000,0x00000000d6880000,0x00000000d6c00000)
 ParOldGen       total 68608K, used 38429K [0x0000000080000000, 0x0000000084300000, 0x00000000d5580000)
  object space 68608K, 56% used [0x0000000080000000,0x0000000082587620,0x0000000084300000)
 Metaspace       used 51804K, committed 53120K, reserved 1114112K
  class space    used 6164K, committed 6784K, reserved 1048576K
}
Event: 7.143 GC heap after
{Heap after GC invocations=27 (full 2):
 PSYoungGen      total 23040K, used 3336K [0x00000000d5580000, 0x00000000d6f80000, 0x0000000100000000)
  eden space 19456K, 0% used [0x00000000d5580000,0x00000000d5580000,0x00000000d6880000)
  from space 3584K, 93% used [0x00000000d6880000,0x00000000d6bc20b0,0x00000000d6c00000)
  to   space 3584K, 0% used [0x00000000d6c00000,0x00000000d6c00000,0x00000000d6f80000)
 ParOldGen       total 68608K, used 42730K [0x0000000080000000, 0x0000000084300000, 0x00000000d5580000)
  object space 68608K, 62% used [0x0000000080000000,0x00000000829ba810,0x0000000084300000)
 Metaspace       used 51804K, committed 53120K, reserved 1114112K
  class space    used 6164K, committed 6784K, reserved 1048576K
}
Event: 8.149 GC heap before
{Heap before GC invocations=28 (full 2):
 PSYoungGen      total 23040K, used 22792K [0x00000000d5580000, 0x00000000d6f80000, 0x0000000100000000)
  eden space 19456K, 100% used [0x00000000d5580000,0x00000000d6880000,0x00000000d6880000)
  from space 3584K, 93% used [0x00000000d6880000,0x00000000d6bc20b0,0x00000000d6c00000)
  to   space 3584K, 0% used [0x00000000d6c00000,0x00000000d6c00000,0x00000000d6f80000)
 ParOldGen       total 68608K, used 42730K [0x0000000080000000, 0x0000000084300000, 0x00000000d5580000)
  object space 68608K, 62% used [0x0000000080000000,0x00000000829ba810,0x0000000084300000)
 Metaspace       used 53721K, committed 55040K, reserved 1114112K
  class space    used 6415K, committed 7040K, reserved 1048576K
}
Event: 8.152 GC heap after
{Heap after GC invocations=28 (full 2):
 PSYoungGen      total 22528K, used 2892K [0x00000000d5580000, 0x00000000d6f00000, 0x0000000100000000)
  eden space 19456K, 0% used [0x00000000d5580000,0x00000000d5580000,0x00000000d6880000)
  from space 3072K, 94% used [0x00000000d6c00000,0x00000000d6ed3188,0x00000000d6f00000)
  to   space 3072K, 0% used [0x00000000d6900000,0x00000000d6900000,0x00000000d6c00000)
 ParOldGen       total 68608K, used 45896K [0x0000000080000000, 0x0000000084300000, 0x00000000d5580000)
  object space 68608K, 66% used [0x0000000080000000,0x0000000082cd21b8,0x0000000084300000)
 Metaspace       used 53721K, committed 55040K, reserved 1114112K
  class space    used 6415K, committed 7040K, reserved 1048576K
}
Event: 8.275 GC heap before
{Heap before GC invocations=29 (full 2):
 PSYoungGen      total 22528K, used 22348K [0x00000000d5580000, 0x00000000d6f00000, 0x0000000100000000)
  eden space 19456K, 100% used [0x00000000d5580000,0x00000000d6880000,0x00000000d6880000)
  from space 3072K, 94% used [0x00000000d6c00000,0x00000000d6ed3188,0x00000000d6f00000)
  to   space 3072K, 0% used [0x00000000d6900000,0x00000000d6900000,0x00000000d6c00000)
 ParOldGen       total 68608K, used 45896K [0x0000000080000000, 0x0000000084300000, 0x00000000d5580000)
  object space 68608K, 66% used [0x0000000080000000,0x0000000082cd21b8,0x0000000084300000)
 Metaspace       used 54856K, committed 56128K, reserved 1114112K
  class space    used 6568K, committed 7168K, reserved 1048576K
}
Event: 8.276 GC heap after
{Heap after GC invocations=29 (full 2):
 PSYoungGen      total 20480K, used 608K [0x00000000d5580000, 0x00000000d6c80000, 0x0000000100000000)
  eden space 19456K, 0% used [0x00000000d5580000,0x00000000d5580000,0x00000000d6880000)
  from space 1024K, 59% used [0x00000000d6900000,0x00000000d6998000,0x00000000d6a00000)
  to   space 1536K, 0% used [0x00000000d6b00000,0x00000000d6b00000,0x00000000d6c80000)
 ParOldGen       total 68608K, used 46705K [0x0000000080000000, 0x0000000084300000, 0x00000000d5580000)
  object space 68608K, 68% used [0x0000000080000000,0x0000000082d9c520,0x0000000084300000)
 Metaspace       used 54856K, committed 56128K, reserved 1114112K
  class space    used 6568K, committed 7168K, reserved 1048576K
}
Event: 8.389 GC heap before
{Heap before GC invocations=30 (full 2):
 PSYoungGen      total 20480K, used 20064K [0x00000000d5580000, 0x00000000d6c80000, 0x0000000100000000)
  eden space 19456K, 100% used [0x00000000d5580000,0x00000000d6880000,0x00000000d6880000)
  from space 1024K, 59% used [0x00000000d6900000,0x00000000d6998000,0x00000000d6a00000)
  to   space 1536K, 0% used [0x00000000d6b00000,0x00000000d6b00000,0x00000000d6c80000)
 ParOldGen       total 68608K, used 46705K [0x0000000080000000, 0x0000000084300000, 0x00000000d5580000)
  object space 68608K, 68% used [0x0000000080000000,0x0000000082d9c520,0x0000000084300000)
 Metaspace       used 55185K, committed 56384K, reserved 1114112K
  class space    used 6608K, committed 7168K, reserved 1048576K
}
Event: 8.391 GC heap after
{Heap after GC invocations=30 (full 2):
 PSYoungGen      total 20480K, used 624K [0x00000000d5580000, 0x00000000d6c00000, 0x0000000100000000)
  eden space 19456K, 0% used [0x00000000d5580000,0x00000000d5580000,0x00000000d6880000)
  from space 1024K, 60% used [0x00000000d6b00000,0x00000000d6b9c010,0x00000000d6c00000)
  to   space 1024K, 0% used [0x00000000d6900000,0x00000000d6900000,0x00000000d6a00000)
 ParOldGen       total 68608K, used 47149K [0x0000000080000000, 0x0000000084300000, 0x00000000d5580000)
  object space 68608K, 68% used [0x0000000080000000,0x0000000082e0b760,0x0000000084300000)
 Metaspace       used 55185K, committed 56384K, reserved 1114112K
  class space    used 6608K, committed 7168K, reserved 1048576K
}
Event: 8.605 GC heap before
{Heap before GC invocations=31 (full 2):
 PSYoungGen      total 20480K, used 20080K [0x00000000d5580000, 0x00000000d6c00000, 0x0000000100000000)
  eden space 19456K, 100% used [0x00000000d5580000,0x00000000d6880000,0x00000000d6880000)
  from space 1024K, 60% used [0x00000000d6b00000,0x00000000d6b9c010,0x00000000d6c00000)
  to   space 1024K, 0% used [0x00000000d6900000,0x00000000d6900000,0x00000000d6a00000)
 ParOldGen       total 68608K, used 47149K [0x0000000080000000, 0x0000000084300000, 0x00000000d5580000)
  object space 68608K, 68% used [0x0000000080000000,0x0000000082e0b760,0x0000000084300000)
 Metaspace       used 55915K, committed 57152K, reserved 1114112K
  class space    used 6737K, committed 7296K, reserved 1048576K
}
Event: 8.608 GC heap after
{Heap after GC invocations=31 (full 2):
 PSYoungGen      total 20480K, used 1016K [0x00000000d5580000, 0x00000000d7380000, 0x0000000100000000)
  eden space 19456K, 0% used [0x00000000d5580000,0x00000000d5580000,0x00000000d6880000)
  from space 1024K, 99% used [0x00000000d6900000,0x00000000d69fe0f0,0x00000000d6a00000)
  to   space 5632K, 0% used [0x00000000d6e00000,0x00000000d6e00000,0x00000000d7380000)
 ParOldGen       total 68608K, used 50836K [0x0000000080000000, 0x0000000084300000, 0x00000000d5580000)
  object space 68608K, 74% used [0x0000000080000000,0x00000000831a5200,0x0000000084300000)
 Metaspace       used 55915K, committed 57152K, reserved 1114112K
  class space    used 6737K, committed 7296K, reserved 1048576K
}

