# JRE version: Java(TM) SE Runtime Environment (8.0_461) (build 1.8.0_461-b11)
# Java VM: Java HotSpot(TM) 64-Bit Server VM (25.461-b11 mixed mode windows-amd64 compressed oops)
Heap:
 PSYoungGen      total 73728K, used 19490K [0x0000000740800000, 0x0000000745d00000, 0x00000007c0800000)
  eden space 60416K, 20% used [0x0000000740800000,0x0000000741452368,0x0000000744300000)
  from space 13312K, 51% used [0x0000000744300000,0x00000007449b6878,0x0000000745000000)
  to   space 12800K, 0% used [0x0000000745080000,0x0000000745080000,0x0000000745d00000)
 ParOldGen       total 175104K, used 9215K [0x0000000640800000, 0x000000064b300000, 0x0000000740800000)
  object space 175104K, 5% used [0x0000000640800000,0x00000006410ffc70,0x000000064b300000)
 Metaspace       used 28929K, capacity 30526K, committed 30592K, reserved 1067008K
  class space    used 4185K, capacity 4473K, committed 4480K, reserved 1040384K
GC Heap History (10 events):
Event: 8.151 GC heap before
{Heap before GC invocations=6 (full 0):
 PSYoungGen      total 74752K, used 37114K [0x0000000740800000, 0x0000000746080000, 0x00000007c0800000)
  eden space 64000K, 41% used [0x0000000740800000,0x00000007421c54d8,0x0000000744680000)
  from space 10752K, 99% used [0x0000000744800000,0x0000000745279680,0x0000000745280000)
  to   space 13312K, 0% used [0x0000000745380000,0x0000000745380000,0x0000000746080000)
 ParOldGen       total 175104K, used 584K [0x0000000640800000, 0x000000064b300000, 0x0000000740800000)
  object space 175104K, 0% used [0x0000000640800000,0x00000006408923d8,0x000000064b300000)
 Metaspace       used 20211K, capacity 21184K, committed 21296K, reserved 1058816K
  class space    used 2876K, capacity 3094K, committed 3200K, reserved 1040384K
Event: 8.156 GC heap after
Heap after GC invocations=6 (full 0):
 PSYoungGen      total 74240K, used 9404K [0x0000000740800000, 0x0000000745f00000, 0x00000007c0800000)
  eden space 62464K, 0% used [0x0000000740800000,0x0000000740800000,0x0000000744500000)
  from space 11776K, 79% used [0x0000000745380000,0x0000000745caf100,0x0000000745f00000)
  to   space 13312K, 0% used [0x0000000744500000,0x0000000744500000,0x0000000745200000)
 ParOldGen       total 175104K, used 592K [0x0000000640800000, 0x000000064b300000, 0x0000000740800000)
  object space 175104K, 0% used [0x0000000640800000,0x00000006408943d8,0x000000064b300000)
 Metaspace       used 20211K, capacity 21184K, committed 21296K, reserved 1058816K
  class space    used 2876K, capacity 3094K, committed 3200K, reserved 1040384K
}
Event: 8.156 GC heap before
{Heap before GC invocations=7 (full 1):
 PSYoungGen      total 74240K, used 9404K [0x0000000740800000, 0x0000000745f00000, 0x00000007c0800000)
  eden space 62464K, 0% used [0x0000000740800000,0x0000000740800000,0x0000000744500000)
  from space 11776K, 79% used [0x0000000745380000,0x0000000745caf100,0x0000000745f00000)
  to   space 13312K, 0% used [0x0000000744500000,0x0000000744500000,0x0000000745200000)
 ParOldGen       total 175104K, used 592K [0x0000000640800000, 0x000000064b300000, 0x0000000740800000)
  object space 175104K, 0% used [0x0000000640800000,0x00000006408943d8,0x000000064b300000)
 Metaspace       used 20211K, capacity 21184K, committed 21296K, reserved 1058816K
  class space    used 2876K, capacity 3094K, committed 3200K, reserved 1040384K
Event: 8.180 GC heap after
Heap after GC invocations=7 (full 1):
 PSYoungGen      total 74240K, used 0K [0x0000000740800000, 0x0000000745f00000, 0x00000007c0800000)
  eden space 62464K, 0% used [0x0000000740800000,0x0000000740800000,0x0000000744500000)
  from space 11776K, 0% used [0x0000000745380000,0x0000000745380000,0x0000000745f00000)
  to   space 13312K, 0% used [0x0000000744500000,0x0000000744500000,0x0000000745200000)
 ParOldGen       total 175104K, used 9199K [0x0000000640800000, 0x000000064b300000, 0x0000000740800000)
  object space 175104K, 5% used [0x0000000640800000,0x00000006410fbc70,0x000000064b300000)
 Metaspace       used 20211K, capacity 21184K, committed 21296K, reserved 1058816K
  class space    used 2876K, capacity 3094K, committed 3200K, reserved 1040384K
}
Event: 9.746 GC heap before
{Heap before GC invocations=8 (full 1):
 PSYoungGen      total 74240K, used 62464K [0x0000000740800000, 0x0000000745f00000, 0x00000007c0800000)
  eden space 62464K, 100% used [0x0000000740800000,0x0000000744500000,0x0000000744500000)
  from space 11776K, 0% used [0x0000000745380000,0x0000000745380000,0x0000000745f00000)
  to   space 13312K, 0% used [0x0000000744500000,0x0000000744500000,0x0000000745200000)
 ParOldGen       total 175104K, used 9199K [0x0000000640800000, 0x000000064b300000, 0x0000000740800000)
  object space 175104K, 5% used [0x0000000640800000,0x00000006410fbc70,0x000000064b300000)
 Metaspace       used 22665K, capacity 23718K, committed 24064K, reserved 1060864K
  class space    used 3233K, capacity 3461K, committed 3584K, reserved 1040384K
Event: 9.748 GC heap after
Heap after GC invocations=8 (full 1):
 PSYoungGen      total 65536K, used 4115K [0x0000000740800000, 0x0000000745d80000, 0x00000007c0800000)
  eden space 60928K, 0% used [0x0000000740800000,0x0000000740800000,0x0000000744380000)
  from space 4608K, 89% used [0x0000000744500000,0x0000000744904ea0,0x0000000744980000)
  to   space 13312K, 0% used [0x0000000745080000,0x0000000745080000,0x0000000745d80000)
 ParOldGen       total 175104K, used 9207K [0x0000000640800000, 0x000000064b300000, 0x0000000740800000)
  object space 175104K, 5% used [0x0000000640800000,0x00000006410fdc70,0x000000064b300000)
 Metaspace       used 22665K, capacity 23718K, committed 24064K, reserved 1060864K
  class space    used 3233K, capacity 3461K, committed 3584K, reserved 1040384K
}
Event: 11.471 GC heap before
{Heap before GC invocations=9 (full 1):
 PSYoungGen      total 65536K, used 65043K [0x0000000740800000, 0x0000000745d80000, 0x00000007c0800000)
  eden space 60928K, 100% used [0x0000000740800000,0x0000000744380000,0x0000000744380000)
  from space 4608K, 89% used [0x0000000744500000,0x0000000744904ea0,0x0000000744980000)
  to   space 13312K, 0% used [0x0000000745080000,0x0000000745080000,0x0000000745d80000)
 ParOldGen       total 175104K, used 9207K [0x0000000640800000, 0x000000064b300000, 0x0000000740800000)
  object space 175104K, 5% used [0x0000000640800000,0x00000006410fdc70,0x000000064b300000)
 Metaspace       used 24787K, capacity 25938K, committed 26112K, reserved 1062912K
  class space    used 3549K, capacity 3807K, committed 3840K, reserved 1040384K
Event: 11.473 GC heap after
Heap after GC invocations=9 (full 1):
 PSYoungGen      total 73216K, used 4835K [0x0000000740800000, 0x0000000745d00000, 0x00000007c0800000)
  eden space 60416K, 0% used [0x0000000740800000,0x0000000740800000,0x0000000744300000)
  from space 12800K, 37% used [0x0000000745080000,0x0000000745538c58,0x0000000745d00000)
  to   space 13312K, 0% used [0x0000000744300000,0x0000000744300000,0x0000000745000000)
 ParOldGen       total 175104K, used 9207K [0x0000000640800000, 0x000000064b300000, 0x0000000740800000)
  object space 175104K, 5% used [0x0000000640800000,0x00000006410fdc70,0x000000064b300000)
 Metaspace       used 24787K, capacity 25938K, committed 26112K, reserved 1062912K
  class space    used 3549K, capacity 3807K, committed 3840K, reserved 1040384K
}
Event: 14.056 GC heap before
{Heap before GC invocations=10 (full 1):
 PSYoungGen      total 73216K, used 65251K [0x0000000740800000, 0x0000000745d00000, 0x00000007c0800000)
  eden space 60416K, 100% used [0x0000000740800000,0x0000000744300000,0x0000000744300000)
  from space 12800K, 37% used [0x0000000745080000,0x0000000745538c58,0x0000000745d00000)
  to   space 13312K, 0% used [0x0000000744300000,0x0000000744300000,0x0000000745000000)
 ParOldGen       total 175104K, used 9207K [0x0000000640800000, 0x000000064b300000, 0x0000000740800000)
  object space 175104K, 5% used [0x0000000640800000,0x00000006410fdc70,0x000000064b300000)
 Metaspace       used 27916K, capacity 29486K, committed 29824K, reserved 1067008K
  class space    used 4082K, capacity 4369K, committed 4480K, reserved 1040384K
Event: 14.060 GC heap after
Heap after GC invocations=10 (full 1):
 PSYoungGen      total 73728K, used 6874K [0x0000000740800000, 0x0000000745d00000, 0x00000007c0800000)
  eden space 60416K, 0% used [0x0000000740800000,0x0000000740800000,0x0000000744300000)
  from space 13312K, 51% used [0x0000000744300000,0x00000007449b6878,0x0000000745000000)
  to   space 12800K, 0% used [0x0000000745080000,0x0000000745080000,0x0000000745d00000)
 ParOldGen       total 175104K, used 9215K [0x0000000640800000, 0x000000064b300000, 0x0000000740800000)
  object space 175104K, 5% used [0x0000000640800000,0x00000006410ffc70,0x000000064b300000)
 Metaspace       used 27916K, capacity 29486K, committed 29824K, reserved 1067008K
  class space    used 4082K, capacity 4369K, committed 4480K, reserved 1040384K
}

