# JRE version: Java(TM) SE Runtime Environment (8.0_461) (build 1.8.0_461-b11)
# Java VM: Java HotSpot(TM) 64-Bit Server VM (25.461-b11 mixed mode windows-amd64 compressed oops)
Heap:
 PSYoungGen      total 325632K, used 30739K [0x00000000eab00000, 0x0000000100000000, 0x0000000100000000)
  eden space 302080K, 2% used [0x00000000eab00000,0x00000000eb205ee0,0x00000000fd200000)
  from space 23552K, 99% used [0x00000000fd200000,0x00000000fe8fee20,0x00000000fe900000)
  to   space 23552K, 0% used [0x00000000fe900000,0x00000000fe900000,0x0000000100000000)
 ParOldGen       total 260608K, used 38271K [0x00000000c0000000, 0x00000000cfe80000, 0x00000000eab00000)
  object space 260608K, 14% used [0x00000000c0000000,0x00000000c255fff0,0x00000000cfe80000)
 Metaspace       used 68175K, capacity 73900K, committed 74112K, reserved 448512K
  class space    used 9867K, capacity 10778K, committed 10880K, reserved 385024K
GC Heap History (10 events):
Event: 4.108 GC heap before
{Heap before GC invocations=10 (full 2):
 PSYoungGen      total 271360K, used 258048K [0x00000000eab00000, 0x00000000fe980000, 0x0000000100000000)
  eden space 258048K, 100% used [0x00000000eab00000,0x00000000fa700000,0x00000000fa700000)
  from space 13312K, 0% used [0x00000000fa700000,0x00000000fa700000,0x00000000fb400000)
  to   space 15872K, 0% used [0x00000000fda00000,0x00000000fda00000,0x00000000fe980000)
 ParOldGen       total 184320K, used 21921K [0x00000000c0000000, 0x00000000cb400000, 0x00000000eab00000)
  object space 184320K, 11% used [0x00000000c0000000,0x00000000c1568450,0x00000000cb400000)
 Metaspace       used 44473K, capacity 47274K, committed 47488K, reserved 425984K
  class space    used 6248K, capacity 6784K, committed 6784K, reserved 385024K
Event: 4.116 GC heap after
Heap after GC invocations=10 (full 2):
 PSYoungGen      total 308224K, used 15288K [0x00000000eab00000, 0x0000000100000000, 0x0000000100000000)
  eden space 292352K, 0% used [0x00000000eab00000,0x00000000eab00000,0x00000000fc880000)
  from space 15872K, 96% used [0x00000000fda00000,0x00000000fe8ee188,0x00000000fe980000)
  to   space 17920K, 0% used [0x00000000fc880000,0x00000000fc880000,0x00000000fda00000)
 ParOldGen       total 184320K, used 21929K [0x00000000c0000000, 0x00000000cb400000, 0x00000000eab00000)
  object space 184320K, 11% used [0x00000000c0000000,0x00000000c156a450,0x00000000cb400000)
 Metaspace       used 44473K, capacity 47274K, committed 47488K, reserved 425984K
  class space    used 6248K, capacity 6784K, committed 6784K, reserved 385024K
}
Event: 5.120 GC heap before
{Heap before GC invocations=11 (full 2):
 PSYoungGen      total 308224K, used 307640K [0x00000000eab00000, 0x0000000100000000, 0x0000000100000000)
  eden space 292352K, 100% used [0x00000000eab00000,0x00000000fc880000,0x00000000fc880000)
  from space 15872K, 96% used [0x00000000fda00000,0x00000000fe8ee188,0x00000000fe980000)
  to   space 17920K, 0% used [0x00000000fc880000,0x00000000fc880000,0x00000000fda00000)
 ParOldGen       total 184320K, used 21929K [0x00000000c0000000, 0x00000000cb400000, 0x00000000eab00000)
  object space 184320K, 11% used [0x00000000c0000000,0x00000000c156a450,0x00000000cb400000)
 Metaspace       used 52657K, capacity 56782K, committed 56960K, reserved 434176K
  class space    used 7568K, capacity 8291K, committed 8320K, reserved 385024K
Event: 5.138 GC heap after
Heap after GC invocations=11 (full 2):
 PSYoungGen      total 310272K, used 17918K [0x00000000eab00000, 0x0000000100000000, 0x0000000100000000)
  eden space 292352K, 0% used [0x00000000eab00000,0x00000000eab00000,0x00000000fc880000)
  from space 17920K, 99% used [0x00000000fc880000,0x00000000fd9ffb38,0x00000000fda00000)
  to   space 22016K, 0% used [0x00000000fea80000,0x00000000fea80000,0x0000000100000000)
 ParOldGen       total 184320K, used 26230K [0x00000000c0000000, 0x00000000cb400000, 0x00000000eab00000)
  object space 184320K, 14% used [0x00000000c0000000,0x00000000c199da90,0x00000000cb400000)
 Metaspace       used 52657K, capacity 56782K, committed 56960K, reserved 434176K
  class space    used 7568K, capacity 8291K, committed 8320K, reserved 385024K
}
Event: 5.478 GC heap before
{Heap before GC invocations=12 (full 2):
 PSYoungGen      total 310272K, used 88743K [0x00000000eab00000, 0x0000000100000000, 0x0000000100000000)
  eden space 292352K, 24% used [0x00000000eab00000,0x00000000ef02a3c0,0x00000000fc880000)
  from space 17920K, 99% used [0x00000000fc880000,0x00000000fd9ffb38,0x00000000fda00000)
  to   space 22016K, 0% used [0x00000000fea80000,0x00000000fea80000,0x0000000100000000)
 ParOldGen       total 184320K, used 26230K [0x00000000c0000000, 0x00000000cb400000, 0x00000000eab00000)
  object space 184320K, 14% used [0x00000000c0000000,0x00000000c199da90,0x00000000cb400000)
 Metaspace       used 54489K, capacity 59020K, committed 59136K, reserved 436224K
  class space    used 7849K, capacity 8632K, committed 8704K, reserved 385024K
Event: 5.488 GC heap after
Heap after GC invocations=12 (full 2):
 PSYoungGen      total 324096K, used 19108K [0x00000000eab00000, 0x0000000100000000, 0x0000000100000000)
  eden space 302080K, 0% used [0x00000000eab00000,0x00000000eab00000,0x00000000fd200000)
  from space 22016K, 86% used [0x00000000fea80000,0x00000000ffd29070,0x0000000100000000)
  to   space 23552K, 0% used [0x00000000fd200000,0x00000000fd200000,0x00000000fe900000)
 ParOldGen       total 184320K, used 26238K [0x00000000c0000000, 0x00000000cb400000, 0x00000000eab00000)
  object space 184320K, 14% used [0x00000000c0000000,0x00000000c199fa90,0x00000000cb400000)
 Metaspace       used 54489K, capacity 59020K, committed 59136K, reserved 436224K
  class space    used 7849K, capacity 8632K, committed 8704K, reserved 385024K
}
Event: 5.488 GC heap before
{Heap before GC invocations=13 (full 3):
 PSYoungGen      total 324096K, used 19108K [0x00000000eab00000, 0x0000000100000000, 0x0000000100000000)
  eden space 302080K, 0% used [0x00000000eab00000,0x00000000eab00000,0x00000000fd200000)
  from space 22016K, 86% used [0x00000000fea80000,0x00000000ffd29070,0x0000000100000000)
  to   space 23552K, 0% used [0x00000000fd200000,0x00000000fd200000,0x00000000fe900000)
 ParOldGen       total 184320K, used 26238K [0x00000000c0000000, 0x00000000cb400000, 0x00000000eab00000)
  object space 184320K, 14% used [0x00000000c0000000,0x00000000c199fa90,0x00000000cb400000)
 Metaspace       used 54489K, capacity 59020K, committed 59136K, reserved 436224K
  class space    used 7849K, capacity 8632K, committed 8704K, reserved 385024K
Event: 5.601 GC heap after
Heap after GC invocations=13 (full 3):
 PSYoungGen      total 324096K, used 0K [0x00000000eab00000, 0x0000000100000000, 0x0000000100000000)
  eden space 302080K, 0% used [0x00000000eab00000,0x00000000eab00000,0x00000000fd200000)
  from space 22016K, 0% used [0x00000000fea80000,0x00000000fea80000,0x0000000100000000)
  to   space 23552K, 0% used [0x00000000fd200000,0x00000000fd200000,0x00000000fe900000)
 ParOldGen       total 260608K, used 33870K [0x00000000c0000000, 0x00000000cfe80000, 0x00000000eab00000)
  object space 260608K, 12% used [0x00000000c0000000,0x00000000c2113800,0x00000000cfe80000)
 Metaspace       used 54486K, capacity 59008K, committed 59136K, reserved 436224K
  class space    used 7848K, capacity 8630K, committed 8704K, reserved 385024K
}
Event: 7.326 GC heap before
{Heap before GC invocations=14 (full 3):
 PSYoungGen      total 324096K, used 302080K [0x00000000eab00000, 0x0000000100000000, 0x0000000100000000)
  eden space 302080K, 100% used [0x00000000eab00000,0x00000000fd200000,0x00000000fd200000)
  from space 22016K, 0% used [0x00000000fea80000,0x00000000fea80000,0x0000000100000000)
  to   space 23552K, 0% used [0x00000000fd200000,0x00000000fd200000,0x00000000fe900000)
 ParOldGen       total 260608K, used 33870K [0x00000000c0000000, 0x00000000cfe80000, 0x00000000eab00000)
  object space 260608K, 12% used [0x00000000c0000000,0x00000000c2113800,0x00000000cfe80000)
 Metaspace       used 68151K, capacity 73896K, committed 74112K, reserved 448512K
  class space    used 9866K, capacity 10778K, committed 10880K, reserved 385024K
Event: 7.339 GC heap after
Heap after GC invocations=14 (full 3):
 PSYoungGen      total 325632K, used 23547K [0x00000000eab00000, 0x0000000100000000, 0x0000000100000000)
  eden space 302080K, 0% used [0x00000000eab00000,0x00000000eab00000,0x00000000fd200000)
  from space 23552K, 99% used [0x00000000fd200000,0x00000000fe8fee20,0x00000000fe900000)
  to   space 23552K, 0% used [0x00000000fe900000,0x00000000fe900000,0x0000000100000000)
 ParOldGen       total 260608K, used 38271K [0x00000000c0000000, 0x00000000cfe80000, 0x00000000eab00000)
  object space 260608K, 14% used [0x00000000c0000000,0x00000000c255fff0,0x00000000cfe80000)
 Metaspace       used 68151K, capacity 73896K, committed 74112K, reserved 448512K
  class space    used 9866K, capacity 10778K, committed 10880K, reserved 385024K
}

